# JRE version: OpenJDK Runtime Environment (8.0_242-b01) (build 1.8.0_242-release-1644-b01)
# Java VM: OpenJDK 64-Bit Server VM (25.242-b01 mixed mode windows-amd64 compressed oops)
Heap:
 PSYoungGen      total 444928K, used 444911K [0x00000000d5580000, 0x00000000f7800000, 0x0000000100000000)
  eden space 381440K, 100% used [0x00000000d5580000,0x00000000eca00000,0x00000000eca00000)
  from space 63488K, 99% used [0x00000000f1480000,0x00000000f527bc10,0x00000000f5280000)
  to   space 76288K, 99% used [0x00000000eca00000,0x00000000f147f288,0x00000000f1480000)
 ParOldGen       total 227840K, used 164310K [0x0000000080000000, 0x000000008de80000, 0x00000000d5580000)
  object space 227840K, 72% used [0x0000000080000000,0x000000008a07b8c0,0x000000008de80000)
 Metaspace       used 93156K, capacity 97942K, committed 98264K, reserved 1134592K
  class space    used 12243K, capacity 13202K, committed 13312K, reserved 1048576K
GC Heap History (10 events):
Event: 200.353 GC heap after
Heap after GC invocations=19 (full 3):
 PSYoungGen      total 350720K, used 36348K [0x00000000d5580000, 0x00000000edc00000, 0x0000000100000000)
  eden space 312832K, 0% used [0x00000000d5580000,0x00000000d5580000,0x00000000e8700000)
  from space 37888K, 95% used [0x00000000eb700000,0x00000000eda7f288,0x00000000edc00000)
  to   space 43520K, 0% used [0x00000000e8700000,0x00000000e8700000,0x00000000eb180000)
 ParOldGen       total 227840K, used 80583K [0x0000000080000000, 0x000000008de80000, 0x00000000d5580000)
  object space 227840K, 35% used [0x0000000080000000,0x0000000084eb1ec0,0x000000008de80000)
 Metaspace       used 78900K, capacity 83048K, committed 83288K, reserved 1122304K
  class space    used 10515K, capacity 11315K, committed 11392K, reserved 1048576K
}
Event: 203.063 GC heap before
{Heap before GC invocations=20 (full 3):
 PSYoungGen      total 350720K, used 349168K [0x00000000d5580000, 0x00000000edc00000, 0x0000000100000000)
  eden space 312832K, 99% used [0x00000000d5580000,0x00000000e86fcf40,0x00000000e8700000)
  from space 37888K, 95% used [0x00000000eb700000,0x00000000eda7f288,0x00000000edc00000)
  to   space 43520K, 0% used [0x00000000e8700000,0x00000000e8700000,0x00000000eb180000)
 ParOldGen       total 227840K, used 80583K [0x0000000080000000, 0x000000008de80000, 0x00000000d5580000)
  object space 227840K, 35% used [0x0000000080000000,0x0000000084eb1ec0,0x000000008de80000)
 Metaspace       used 83797K, capacity 88068K, committed 88280K, reserved 1126400K
  class space    used 11063K, capacity 11913K, committed 12032K, reserved 1048576K
Event: 203.115 GC heap after
Heap after GC invocations=20 (full 3):
 PSYoungGen      total 356352K, used 43488K [0x00000000d5580000, 0x00000000f2100000, 0x0000000100000000)
  eden space 312832K, 0% used [0x00000000d5580000,0x00000000d5580000,0x00000000e8700000)
  from space 43520K, 99% used [0x00000000e8700000,0x00000000eb178180,0x00000000eb180000)
  to   space 59392K, 0% used [0x00000000ee700000,0x00000000ee700000,0x00000000f2100000)
 ParOldGen       total 227840K, used 106059K [0x0000000080000000, 0x000000008de80000, 0x00000000d5580000)
  object space 227840K, 46% used [0x0000000080000000,0x0000000086792db8,0x000000008de80000)
 Metaspace       used 83797K, capacity 88068K, committed 88280K, reserved 1126400K
  class space    used 11063K, capacity 11913K, committed 12032K, reserved 1048576K
}
Event: 205.685 GC heap before
{Heap before GC invocations=21 (full 3):
 PSYoungGen      total 356352K, used 356320K [0x00000000d5580000, 0x00000000f2100000, 0x0000000100000000)
  eden space 312832K, 100% used [0x00000000d5580000,0x00000000e8700000,0x00000000e8700000)
  from space 43520K, 99% used [0x00000000e8700000,0x00000000eb178180,0x00000000eb180000)
  to   space 59392K, 0% used [0x00000000ee700000,0x00000000ee700000,0x00000000f2100000)
 ParOldGen       total 227840K, used 106059K [0x0000000080000000, 0x000000008de80000, 0x00000000d5580000)
  object space 227840K, 46% used [0x0000000080000000,0x0000000086792db8,0x000000008de80000)
 Metaspace       used 86558K, capacity 90984K, committed 91352K, reserved 1128448K
  class space    used 11292K, capacity 12173K, committed 12288K, reserved 1048576K
Event: 205.730 GC heap after
Heap after GC invocations=21 (full 3):
 PSYoungGen      total 410112K, used 36573K [0x00000000d5580000, 0x00000000f2200000, 0x0000000100000000)
  eden space 350720K, 0% used [0x00000000d5580000,0x00000000d5580000,0x00000000eac00000)
  from space 59392K, 61% used [0x00000000ee700000,0x00000000f0ab7548,0x00000000f2100000)
  to   space 60416K, 0% used [0x00000000eac00000,0x00000000eac00000,0x00000000ee700000)
 ParOldGen       total 227840K, used 119916K [0x0000000080000000, 0x000000008de80000, 0x00000000d5580000)
  object space 227840K, 52% used [0x0000000080000000,0x000000008751b2c0,0x000000008de80000)
 Metaspace       used 86558K, capacity 90984K, committed 91352K, reserved 1128448K
  class space    used 11292K, capacity 12173K, committed 12288K, reserved 1048576K
}
Event: 207.244 GC heap before
{Heap before GC invocations=22 (full 3):
 PSYoungGen      total 410112K, used 387293K [0x00000000d5580000, 0x00000000f2200000, 0x0000000100000000)
  eden space 350720K, 100% used [0x00000000d5580000,0x00000000eac00000,0x00000000eac00000)
  from space 59392K, 61% used [0x00000000ee700000,0x00000000f0ab7548,0x00000000f2100000)
  to   space 60416K, 0% used [0x00000000eac00000,0x00000000eac00000,0x00000000ee700000)
 ParOldGen       total 227840K, used 119916K [0x0000000080000000, 0x000000008de80000, 0x00000000d5580000)
  object space 227840K, 52% used [0x0000000080000000,0x000000008751b2c0,0x000000008de80000)
 Metaspace       used 88872K, capacity 93418K, committed 93656K, reserved 1130496K
  class space    used 11549K, capacity 12468K, committed 12544K, reserved 1048576K
Event: 207.280 GC heap after
Heap after GC invocations=22 (full 3):
 PSYoungGen      total 411136K, used 44833K [0x00000000d5580000, 0x00000000f5280000, 0x0000000100000000)
  eden space 350720K, 0% used [0x00000000d5580000,0x00000000d5580000,0x00000000eac00000)
  from space 60416K, 74% used [0x00000000eac00000,0x00000000ed7c8680,0x00000000ee700000)
  to   space 63488K, 0% used [0x00000000f1480000,0x00000000f1480000,0x00000000f5280000)
 ParOldGen       total 227840K, used 119986K [0x0000000080000000, 0x000000008de80000, 0x00000000d5580000)
  object space 227840K, 52% used [0x0000000080000000,0x000000008752cac0,0x000000008de80000)
 Metaspace       used 88872K, capacity 93418K, committed 93656K, reserved 1130496K
  class space    used 11549K, capacity 12468K, committed 12544K, reserved 1048576K
}
Event: 208.351 GC heap before
{Heap before GC invocations=23 (full 3):
 PSYoungGen      total 411136K, used 395553K [0x00000000d5580000, 0x00000000f5280000, 0x0000000100000000)
  eden space 350720K, 100% used [0x00000000d5580000,0x00000000eac00000,0x00000000eac00000)
  from space 60416K, 74% used [0x00000000eac00000,0x00000000ed7c8680,0x00000000ee700000)
  to   space 63488K, 0% used [0x00000000f1480000,0x00000000f1480000,0x00000000f5280000)
 ParOldGen       total 227840K, used 119986K [0x0000000080000000, 0x000000008de80000, 0x00000000d5580000)
  object space 227840K, 52% used [0x0000000080000000,0x000000008752cac0,0x000000008de80000)
 Metaspace       used 89681K, capacity 94238K, committed 94552K, reserved 1130496K
  class space    used 11656K, capacity 12590K, committed 12672K, reserved 1048576K
Event: 208.420 GC heap after
Heap after GC invocations=23 (full 3):
 PSYoungGen      total 444928K, used 63471K [0x00000000d5580000, 0x00000000f7800000, 0x0000000100000000)
  eden space 381440K, 0% used [0x00000000d5580000,0x00000000d5580000,0x00000000eca00000)
  from space 63488K, 99% used [0x00000000f1480000,0x00000000f527bc10,0x00000000f5280000)
  to   space 76288K, 0% used [0x00000000eca00000,0x00000000eca00000,0x00000000f1480000)
 ParOldGen       total 227840K, used 128819K [0x0000000080000000, 0x000000008de80000, 0x00000000d5580000)
  object space 227840K, 56% used [0x0000000080000000,0x0000000087dccc48,0x000000008de80000)
 Metaspace       used 89681K, capacity 94238K, committed 94552K, reserved 1130496K
  class space    used 11656K, capacity 12590K, committed 12672K, reserved 1048576K
}
Event: 210.171 GC heap before
{Heap before GC invocations=24 (full 3):
 PSYoungGen      total 444928K, used 444911K [0x00000000d5580000, 0x00000000f7800000, 0x0000000100000000)
  eden space 381440K, 100% used [0x00000000d5580000,0x00000000eca00000,0x00000000eca00000)
  from space 63488K, 99% used [0x00000000f1480000,0x00000000f527bc10,0x00000000f5280000)
  to   space 76288K, 0% used [0x00000000eca00000,0x00000000eca00000,0x00000000f1480000)
 ParOldGen       total 227840K, used 128819K [0x0000000080000000, 0x000000008de80000, 0x00000000d5580000)
  object space 227840K, 56% used [0x0000000080000000,0x0000000087dccc48,0x000000008de80000)
 Metaspace       used 93156K, capacity 97942K, committed 98264K, reserved 1134592K
  class space    used 12243K, capacity 13202K, committed 13312K, reserved 1048576K

