# JRE version: OpenJDK Runtime Environment (8.0_242-b01) (build 1.8.0_242-release-1644-b01)
# Java VM: OpenJDK 64-Bit Server VM (25.242-b01 mixed mode windows-amd64 compressed oops)
Heap:
 PSYoungGen      total 554496K, used 410112K [0x00000000d5580000, 0x0000000100000000, 0x0000000100000000)
  eden space 410112K, 100% used [0x00000000d5580000,0x00000000ee600000,0x00000000ee600000)
  from space 144384K, 0% used [0x00000000ee600000,0x00000000ee600000,0x00000000f7300000)
  to   space 141312K, 47% used [0x00000000f7600000,0x00000000fb7d1940,0x0000000100000000)
 ParOldGen       total 855552K, used 359184K [0x0000000080000000, 0x00000000b4380000, 0x00000000d5580000)
  object space 855552K, 41% used [0x0000000080000000,0x0000000095ec4238,0x00000000b4380000)
 Metaspace       used 191356K, capacity 201324K, committed 217292K, reserved 1236992K
  class space    used 23913K, capacity 25731K, committed 28928K, reserved 1048576K
GC Heap History (10 events):
Event: 17964.536 GC heap after
Heap after GC invocations=148 (full 10):
 PSYoungGen      total 617984K, used 17598K [0x00000000d5580000, 0x00000000ffb80000, 0x0000000100000000)
  eden space 543744K, 0% used [0x00000000d5580000,0x00000000d5580000,0x00000000f6880000)
  from space 74240K, 23% used [0x00000000fb300000,0x00000000fc42fa18,0x00000000ffb80000)
  to   space 75264K, 0% used [0x00000000f6880000,0x00000000f6880000,0x00000000fb200000)
 ParOldGen       total 855552K, used 252487K [0x0000000080000000, 0x00000000b4380000, 0x00000000d5580000)
  object space 855552K, 29% used [0x0000000080000000,0x000000008f691d58,0x00000000b4380000)
 Metaspace       used 207155K, capacity 218336K, committed 218572K, reserved 1241088K
  class space    used 25532K, capacity 27527K, committed 27648K, reserved 1048576K
}
Event: 17969.388 GC heap before
{Heap before GC invocations=149 (full 10):
 PSYoungGen      total 617984K, used 561342K [0x00000000d5580000, 0x00000000ffb80000, 0x0000000100000000)
  eden space 543744K, 100% used [0x00000000d5580000,0x00000000f6880000,0x00000000f6880000)
  from space 74240K, 23% used [0x00000000fb300000,0x00000000fc42fa18,0x00000000ffb80000)
  to   space 75264K, 0% used [0x00000000f6880000,0x00000000f6880000,0x00000000fb200000)
 ParOldGen       total 855552K, used 252487K [0x0000000080000000, 0x00000000b4380000, 0x00000000d5580000)
  object space 855552K, 29% used [0x0000000080000000,0x000000008f691d58,0x00000000b4380000)
 Metaspace       used 210900K, capacity 222340K, committed 222540K, reserved 1243136K
  class space    used 25958K, capacity 28003K, committed 28032K, reserved 1048576K
Event: 17969.420 GC heap after
Heap after GC invocations=149 (full 10):
 PSYoungGen      total 619008K, used 27607K [0x00000000d5580000, 0x00000000ff900000, 0x0000000100000000)
  eden space 543744K, 0% used [0x00000000d5580000,0x00000000d5580000,0x00000000f6880000)
  from space 75264K, 36% used [0x00000000f6880000,0x00000000f8375c40,0x00000000fb200000)
  to   space 71168K, 0% used [0x00000000fb380000,0x00000000fb380000,0x00000000ff900000)
 ParOldGen       total 855552K, used 260299K [0x0000000080000000, 0x00000000b4380000, 0x00000000d5580000)
  object space 855552K, 30% used [0x0000000080000000,0x000000008fe32c28,0x00000000b4380000)
 Metaspace       used 210900K, capacity 222340K, committed 222540K, reserved 1243136K
  class space    used 25958K, capacity 28003K, committed 28032K, reserved 1048576K
}
Event: 17972.247 GC heap before
{Heap before GC invocations=150 (full 10):
 PSYoungGen      total 619008K, used 571351K [0x00000000d5580000, 0x00000000ff900000, 0x0000000100000000)
  eden space 543744K, 100% used [0x00000000d5580000,0x00000000f6880000,0x00000000f6880000)
  from space 75264K, 36% used [0x00000000f6880000,0x00000000f8375c40,0x00000000fb200000)
  to   space 71168K, 0% used [0x00000000fb380000,0x00000000fb380000,0x00000000ff900000)
 ParOldGen       total 855552K, used 260299K [0x0000000080000000, 0x00000000b4380000, 0x00000000d5580000)
  object space 855552K, 30% used [0x0000000080000000,0x000000008fe32c28,0x00000000b4380000)
 Metaspace       used 215321K, capacity 227092K, committed 227148K, reserved 1247232K
  class space    used 26685K, capacity 28775K, committed 28800K, reserved 1048576K
Event: 17972.849 GC heap after
Heap after GC invocations=150 (full 10):
 PSYoungGen      total 481280K, used 71155K [0x00000000d5580000, 0x0000000100000000, 0x0000000100000000)
  eden space 410112K, 0% used [0x00000000d5580000,0x00000000d5580000,0x00000000ee600000)
  from space 71168K, 99% used [0x00000000fb380000,0x00000000ff8fcdb8,0x00000000ff900000)
  to   space 144384K, 0% used [0x00000000ee600000,0x00000000ee600000,0x00000000f7300000)
 ParOldGen       total 855552K, used 424565K [0x0000000080000000, 0x00000000b4380000, 0x00000000d5580000)
  object space 855552K, 49% used [0x0000000080000000,0x0000000099e9d5a0,0x00000000b4380000)
 Metaspace       used 215321K, capacity 227092K, committed 227148K, reserved 1247232K
  class space    used 26685K, capacity 28775K, committed 28800K, reserved 1048576K
}
Event: 17972.964 GC heap before
{Heap before GC invocations=151 (full 10):
 PSYoungGen      total 481280K, used 88297K [0x00000000d5580000, 0x0000000100000000, 0x0000000100000000)
  eden space 410112K, 4% used [0x00000000d5580000,0x00000000d663d6d8,0x00000000ee600000)
  from space 71168K, 99% used [0x00000000fb380000,0x00000000ff8fcdb8,0x00000000ff900000)
  to   space 144384K, 0% used [0x00000000ee600000,0x00000000ee600000,0x00000000f7300000)
 ParOldGen       total 855552K, used 424565K [0x0000000080000000, 0x00000000b4380000, 0x00000000d5580000)
  object space 855552K, 49% used [0x0000000080000000,0x0000000099e9d5a0,0x00000000b4380000)
 Metaspace       used 215451K, capacity 227228K, committed 227532K, reserved 1247232K
  class space    used 26703K, capacity 28813K, committed 28928K, reserved 1048576K
Event: 17973.262 GC heap after
Heap after GC invocations=151 (full 10):
 PSYoungGen      total 554496K, used 6898K [0x00000000d5580000, 0x0000000100000000, 0x0000000100000000)
  eden space 410112K, 0% used [0x00000000d5580000,0x00000000d5580000,0x00000000ee600000)
  from space 144384K, 4% used [0x00000000ee600000,0x00000000eecbc9e0,0x00000000f7300000)
  to   space 141312K, 0% used [0x00000000f7600000,0x00000000f7600000,0x0000000100000000)
 ParOldGen       total 855552K, used 494892K [0x0000000080000000, 0x00000000b4380000, 0x00000000d5580000)
  object space 855552K, 57% used [0x0000000080000000,0x000000009e34b290,0x00000000b4380000)
 Metaspace       used 215451K, capacity 227228K, committed 227532K, reserved 1247232K
  class space    used 26703K, capacity 28813K, committed 28928K, reserved 1048576K
}
Event: 17973.262 GC heap before
{Heap before GC invocations=152 (full 11):
 PSYoungGen      total 554496K, used 6898K [0x00000000d5580000, 0x0000000100000000, 0x0000000100000000)
  eden space 410112K, 0% used [0x00000000d5580000,0x00000000d5580000,0x00000000ee600000)
  from space 144384K, 4% used [0x00000000ee600000,0x00000000eecbc9e0,0x00000000f7300000)
  to   space 141312K, 0% used [0x00000000f7600000,0x00000000f7600000,0x0000000100000000)
 ParOldGen       total 855552K, used 494892K [0x0000000080000000, 0x00000000b4380000, 0x00000000d5580000)
  object space 855552K, 57% used [0x0000000080000000,0x000000009e34b290,0x00000000b4380000)
 Metaspace       used 215451K, capacity 227228K, committed 227532K, reserved 1247232K
  class space    used 26703K, capacity 28813K, committed 28928K, reserved 1048576K
Event: 17975.732 GC heap after
Heap after GC invocations=152 (full 11):
 PSYoungGen      total 554496K, used 0K [0x00000000d5580000, 0x0000000100000000, 0x0000000100000000)
  eden space 410112K, 0% used [0x00000000d5580000,0x00000000d5580000,0x00000000ee600000)
  from space 144384K, 0% used [0x00000000ee600000,0x00000000ee600000,0x00000000f7300000)
  to   space 141312K, 0% used [0x00000000f7600000,0x00000000f7600000,0x0000000100000000)
 ParOldGen       total 855552K, used 359184K [0x0000000080000000, 0x00000000b4380000, 0x00000000d5580000)
  object space 855552K, 41% used [0x0000000080000000,0x0000000095ec4238,0x00000000b4380000)
 Metaspace       used 188876K, capacity 198376K, committed 217292K, reserved 1236992K
  class space    used 23539K, capacity 25263K, committed 28928K, reserved 1048576K
}
Event: 17978.931 GC heap before
{Heap before GC invocations=153 (full 11):
 PSYoungGen      total 554496K, used 410112K [0x00000000d5580000, 0x0000000100000000, 0x0000000100000000)
  eden space 410112K, 100% used [0x00000000d5580000,0x00000000ee600000,0x00000000ee600000)
  from space 144384K, 0% used [0x00000000ee600000,0x00000000ee600000,0x00000000f7300000)
  to   space 141312K, 0% used [0x00000000f7600000,0x00000000f7600000,0x0000000100000000)
 ParOldGen       total 855552K, used 359184K [0x0000000080000000, 0x00000000b4380000, 0x00000000d5580000)
  object space 855552K, 41% used [0x0000000080000000,0x0000000095ec4238,0x00000000b4380000)
 Metaspace       used 191356K, capacity 201324K, committed 217292K, reserved 1236992K
  class space    used 23913K, capacity 25731K, committed 28928K, reserved 1048576K

