# JRE version: OpenJDK Runtime Environment (8.0_242-b01) (build 1.8.0_242-release-1644-b01)
# Java VM: OpenJDK 64-Bit Server VM (25.242-b01 mixed mode windows-amd64 compressed oops)
Heap:
 PSYoungGen      total 426496K, used 358421K [0x00000000d5580000, 0x00000000fd980000, 0x0000000100000000)
  eden space 330240K, 79% used [0x00000000d5580000,0x00000000e5587f50,0x00000000e9800000)
  from space 96256K, 99% used [0x00000000e9800000,0x00000000ef5fd760,0x00000000ef600000)
  to   space 130560K, 0% used [0x00000000f5a00000,0x00000000f5a00000,0x00000000fd980000)
 ParOldGen       total 473088K, used 237445K [0x0000000080000000, 0x000000009ce00000, 0x00000000d5580000)
  object space 473088K, 50% used [0x0000000080000000,0x000000008e7e17f0,0x000000009ce00000)
 Metaspace       used 88028K, capacity 92196K, committed 92248K, reserved 1128448K
  class space    used 11771K, capacity 12635K, committed 12672K, reserved 1048576K
GC Heap History (10 events):
Event: 35.632 GC heap before
{Heap before GC invocations=19 (full 3):
 PSYoungGen      total 318976K, used 307758K [0x00000000d5580000, 0x00000000ee900000, 0x0000000100000000)
  eden space 279040K, 100% used [0x00000000d5580000,0x00000000e6600000,0x00000000e6600000)
  from space 39936K, 71% used [0x00000000e6600000,0x00000000e820b918,0x00000000e8d00000)
  to   space 41984K, 0% used [0x00000000ec000000,0x00000000ec000000,0x00000000ee900000)
 ParOldGen       total 220160K, used 93330K [0x0000000080000000, 0x000000008d700000, 0x00000000d5580000)
  object space 220160K, 42% used [0x0000000080000000,0x0000000085b24900,0x000000008d700000)
 Metaspace       used 81214K, capacity 84988K, committed 85208K, reserved 1122304K
  class space    used 10755K, capacity 11509K, committed 11520K, reserved 1048576K
Event: 35.709 GC heap after
Heap after GC invocations=19 (full 3):
 PSYoungGen      total 367616K, used 35419K [0x00000000d5580000, 0x00000000efa80000, 0x0000000100000000)
  eden space 325632K, 0% used [0x00000000d5580000,0x00000000d5580000,0x00000000e9380000)
  from space 41984K, 84% used [0x00000000ec000000,0x00000000ee296db0,0x00000000ee900000)
  to   space 45568K, 0% used [0x00000000e9380000,0x00000000e9380000,0x00000000ec000000)
 ParOldGen       total 220160K, used 93338K [0x0000000080000000, 0x000000008d700000, 0x00000000d5580000)
  object space 220160K, 42% used [0x0000000080000000,0x0000000085b26900,0x000000008d700000)
 Metaspace       used 81214K, capacity 84988K, committed 85208K, reserved 1122304K
  class space    used 10755K, capacity 11509K, committed 11520K, reserved 1048576K
}
Event: 38.096 GC heap before
{Heap before GC invocations=20 (full 3):
 PSYoungGen      total 367616K, used 361051K [0x00000000d5580000, 0x00000000efa80000, 0x0000000100000000)
  eden space 325632K, 100% used [0x00000000d5580000,0x00000000e9380000,0x00000000e9380000)
  from space 41984K, 84% used [0x00000000ec000000,0x00000000ee296db0,0x00000000ee900000)
  to   space 45568K, 0% used [0x00000000e9380000,0x00000000e9380000,0x00000000ec000000)
 ParOldGen       total 220160K, used 93338K [0x0000000080000000, 0x000000008d700000, 0x00000000d5580000)
  object space 220160K, 42% used [0x0000000080000000,0x0000000085b26900,0x000000008d700000)
 Metaspace       used 82032K, capacity 85910K, committed 86104K, reserved 1124352K
  class space    used 10862K, capacity 11630K, committed 11648K, reserved 1048576K
Event: 38.151 GC heap after
Heap after GC invocations=20 (full 3):
 PSYoungGen      total 371200K, used 45551K [0x00000000d5580000, 0x00000000f2a00000, 0x0000000100000000)
  eden space 325632K, 0% used [0x00000000d5580000,0x00000000d5580000,0x00000000e9380000)
  from space 45568K, 99% used [0x00000000e9380000,0x00000000ebffbcc0,0x00000000ec000000)
  to   space 53248K, 0% used [0x00000000ef600000,0x00000000ef600000,0x00000000f2a00000)
 ParOldGen       total 220160K, used 94903K [0x0000000080000000, 0x000000008d700000, 0x00000000d5580000)
  object space 220160K, 43% used [0x0000000080000000,0x0000000085cadc70,0x000000008d700000)
 Metaspace       used 82032K, capacity 85910K, committed 86104K, reserved 1124352K
  class space    used 10862K, capacity 11630K, committed 11648K, reserved 1048576K
}
Event: 40.138 GC heap before
{Heap before GC invocations=21 (full 3):
 PSYoungGen      total 371200K, used 371183K [0x00000000d5580000, 0x00000000f2a00000, 0x0000000100000000)
  eden space 325632K, 100% used [0x00000000d5580000,0x00000000e9380000,0x00000000e9380000)
  from space 45568K, 99% used [0x00000000e9380000,0x00000000ebffbcc0,0x00000000ec000000)
  to   space 53248K, 0% used [0x00000000ef600000,0x00000000ef600000,0x00000000f2a00000)
 ParOldGen       total 220160K, used 94903K [0x0000000080000000, 0x000000008d700000, 0x00000000d5580000)
  object space 220160K, 43% used [0x0000000080000000,0x0000000085cadc70,0x000000008d700000)
 Metaspace       used 83829K, capacity 87720K, committed 87896K, reserved 1126400K
  class space    used 11109K, capacity 11895K, committed 11904K, reserved 1048576K
Event: 40.259 GC heap after
Heap after GC invocations=21 (full 3):
 PSYoungGen      total 383488K, used 53245K [0x00000000d5580000, 0x00000000f8880000, 0x0000000100000000)
  eden space 330240K, 0% used [0x00000000d5580000,0x00000000d5580000,0x00000000e9800000)
  from space 53248K, 99% used [0x00000000ef600000,0x00000000f29ff610,0x00000000f2a00000)
  to   space 96256K, 0% used [0x00000000e9800000,0x00000000e9800000,0x00000000ef600000)
 ParOldGen       total 220160K, used 188715K [0x0000000080000000, 0x000000008d700000, 0x00000000d5580000)
  object space 220160K, 85% used [0x0000000080000000,0x000000008b84acb0,0x000000008d700000)
 Metaspace       used 83829K, capacity 87720K, committed 87896K, reserved 1126400K
  class space    used 11109K, capacity 11895K, committed 11904K, reserved 1048576K
}
Event: 40.259 GC heap before
{Heap before GC invocations=22 (full 4):
 PSYoungGen      total 383488K, used 53245K [0x00000000d5580000, 0x00000000f8880000, 0x0000000100000000)
  eden space 330240K, 0% used [0x00000000d5580000,0x00000000d5580000,0x00000000e9800000)
  from space 53248K, 99% used [0x00000000ef600000,0x00000000f29ff610,0x00000000f2a00000)
  to   space 96256K, 0% used [0x00000000e9800000,0x00000000e9800000,0x00000000ef600000)
 ParOldGen       total 220160K, used 188715K [0x0000000080000000, 0x000000008d700000, 0x00000000d5580000)
  object space 220160K, 85% used [0x0000000080000000,0x000000008b84acb0,0x000000008d700000)
 Metaspace       used 83829K, capacity 87720K, committed 87896K, reserved 1126400K
  class space    used 11109K, capacity 11895K, committed 11904K, reserved 1048576K
Event: 41.147 GC heap after
Heap after GC invocations=22 (full 4):
 PSYoungGen      total 383488K, used 0K [0x00000000d5580000, 0x00000000f8880000, 0x0000000100000000)
  eden space 330240K, 0% used [0x00000000d5580000,0x00000000d5580000,0x00000000e9800000)
  from space 53248K, 0% used [0x00000000ef600000,0x00000000ef600000,0x00000000f2a00000)
  to   space 96256K, 0% used [0x00000000e9800000,0x00000000e9800000,0x00000000ef600000)
 ParOldGen       total 473088K, used 188683K [0x0000000080000000, 0x000000009ce00000, 0x00000000d5580000)
  object space 473088K, 39% used [0x0000000080000000,0x000000008b842fb8,0x000000009ce00000)
 Metaspace       used 83709K, capacity 87354K, committed 87896K, reserved 1126400K
  class space    used 11074K, capacity 11832K, committed 11904K, reserved 1048576K
}
Event: 43.506 GC heap before
{Heap before GC invocations=23 (full 4):
 PSYoungGen      total 383488K, used 330240K [0x00000000d5580000, 0x00000000f8880000, 0x0000000100000000)
  eden space 330240K, 100% used [0x00000000d5580000,0x00000000e9800000,0x00000000e9800000)
  from space 53248K, 0% used [0x00000000ef600000,0x00000000ef600000,0x00000000f2a00000)
  to   space 96256K, 0% used [0x00000000e9800000,0x00000000e9800000,0x00000000ef600000)
 ParOldGen       total 473088K, used 188683K [0x0000000080000000, 0x000000009ce00000, 0x00000000d5580000)
  object space 473088K, 39% used [0x0000000080000000,0x000000008b842fb8,0x000000009ce00000)
 Metaspace       used 87193K, capacity 91294K, committed 91480K, reserved 1128448K
  class space    used 11685K, capacity 12562K, committed 12672K, reserved 1048576K
Event: 43.733 GC heap after
Heap after GC invocations=23 (full 4):
 PSYoungGen      total 426496K, used 96245K [0x00000000d5580000, 0x00000000fd980000, 0x0000000100000000)
  eden space 330240K, 0% used [0x00000000d5580000,0x00000000d5580000,0x00000000e9800000)
  from space 96256K, 99% used [0x00000000e9800000,0x00000000ef5fd760,0x00000000ef600000)
  to   space 130560K, 0% used [0x00000000f5a00000,0x00000000f5a00000,0x00000000fd980000)
 ParOldGen       total 473088K, used 237445K [0x0000000080000000, 0x000000009ce00000, 0x00000000d5580000)
  object space 473088K, 50% used [0x0000000080000000,0x000000008e7e17f0,0x000000009ce00000)
 Metaspace       used 87193K, capacity 91294K, committed 91480K, reserved 1128448K
  class space    used 11685K, capacity 12562K, committed 12672K, reserved 1048576K
}

