# JRE version: OpenJDK Runtime Environment (8.0_242-b01) (build 1.8.0_242-release-1644-b01)
# Java VM: OpenJDK 64-Bit Server VM (25.242-b01 mixed mode windows-amd64 compressed oops)
Heap:
 PSYoungGen      total 465920K, used 146493K [0x00000000d5580000, 0x0000000100000000, 0x0000000100000000)
  eden space 232960K, 0% used [0x00000000d5580000,0x00000000d5580000,0x00000000e3900000)
  from space 232960K, 62% used [0x00000000f1c80000,0x00000000fab8f4f0,0x0000000100000000)
  to   space 232960K, 0% used [0x00000000e3900000,0x00000000e3900000,0x00000000f1c80000)
 ParOldGen       total 667136K, used 631072K [0x0000000080000000, 0x00000000a8b80000, 0x00000000d5580000)
  object space 667136K, 94% used [0x0000000080000000,0x00000000a68482e0,0x00000000a8b80000)
 Metaspace       used 131260K, capacity 137446K, committed 137560K, reserved 1169408K
  class space    used 16096K, capacity 17266K, committed 17280K, reserved 1048576K
GC Heap History (10 events):
Event: 3780.271 GC heap after
Heap after GC invocations=45 (full 5):
 PSYoungGen      total 530432K, used 28897K [0x00000000d5580000, 0x00000000fe880000, 0x0000000100000000)
  eden space 394240K, 0% used [0x00000000d5580000,0x00000000d5580000,0x00000000ed680000)
  from space 136192K, 21% used [0x00000000f6380000,0x00000000f7fb8600,0x00000000fe880000)
  to   space 140288K, 0% used [0x00000000ed680000,0x00000000ed680000,0x00000000f5f80000)
 ParOldGen       total 667136K, used 392502K [0x0000000080000000, 0x00000000a8b80000, 0x00000000d5580000)
  object space 667136K, 58% used [0x0000000080000000,0x0000000097f4db40,0x00000000a8b80000)
 Metaspace       used 122733K, capacity 128736K, committed 128984K, reserved 1161216K
  class space    used 15153K, capacity 16295K, committed 16384K, reserved 1048576K
}
Event: 3781.992 GC heap before
{Heap before GC invocations=46 (full 5):
 PSYoungGen      total 530432K, used 423137K [0x00000000d5580000, 0x00000000fe880000, 0x0000000100000000)
  eden space 394240K, 100% used [0x00000000d5580000,0x00000000ed680000,0x00000000ed680000)
  from space 136192K, 21% used [0x00000000f6380000,0x00000000f7fb8600,0x00000000fe880000)
  to   space 140288K, 0% used [0x00000000ed680000,0x00000000ed680000,0x00000000f5f80000)
 ParOldGen       total 667136K, used 392502K [0x0000000080000000, 0x00000000a8b80000, 0x00000000d5580000)
  object space 667136K, 58% used [0x0000000080000000,0x0000000097f4db40,0x00000000a8b80000)
 Metaspace       used 124621K, capacity 130662K, committed 130904K, reserved 1163264K
  class space    used 15296K, capacity 16424K, committed 16512K, reserved 1048576K
Event: 3782.224 GC heap after
Heap after GC invocations=46 (full 5):
 PSYoungGen      total 534528K, used 140274K [0x00000000d5580000, 0x0000000100000000, 0x0000000100000000)
  eden space 394240K, 0% used [0x00000000d5580000,0x00000000d5580000,0x00000000ed680000)
  from space 140288K, 99% used [0x00000000ed680000,0x00000000f5f7caf8,0x00000000f5f80000)
  to   space 164352K, 0% used [0x00000000f5f80000,0x00000000f5f80000,0x0000000100000000)
 ParOldGen       total 667136K, used 422351K [0x0000000080000000, 0x00000000a8b80000, 0x00000000d5580000)
  object space 667136K, 63% used [0x0000000080000000,0x0000000099c73cc0,0x00000000a8b80000)
 Metaspace       used 124621K, capacity 130662K, committed 130904K, reserved 1163264K
  class space    used 15296K, capacity 16424K, committed 16512K, reserved 1048576K
}
Event: 3783.572 GC heap before
{Heap before GC invocations=47 (full 5):
 PSYoungGen      total 534528K, used 534514K [0x00000000d5580000, 0x0000000100000000, 0x0000000100000000)
  eden space 394240K, 100% used [0x00000000d5580000,0x00000000ed680000,0x00000000ed680000)
  from space 140288K, 99% used [0x00000000ed680000,0x00000000f5f7caf8,0x00000000f5f80000)
  to   space 164352K, 0% used [0x00000000f5f80000,0x00000000f5f80000,0x0000000100000000)
 ParOldGen       total 667136K, used 422351K [0x0000000080000000, 0x00000000a8b80000, 0x00000000d5580000)
  object space 667136K, 63% used [0x0000000080000000,0x0000000099c73cc0,0x00000000a8b80000)
 Metaspace       used 126781K, capacity 132876K, committed 133208K, reserved 1165312K
  class space    used 15550K, capacity 16689K, committed 16768K, reserved 1048576K
Event: 3783.916 GC heap after
Heap after GC invocations=47 (full 5):
 PSYoungGen      total 397312K, used 164336K [0x00000000d5580000, 0x0000000100000000, 0x0000000100000000)
  eden space 232960K, 0% used [0x00000000d5580000,0x00000000d5580000,0x00000000e3900000)
  from space 164352K, 99% used [0x00000000f5f80000,0x00000000ffffc240,0x0000000100000000)
  to   space 232960K, 0% used [0x00000000e3900000,0x00000000e3900000,0x00000000f1c80000)
 ParOldGen       total 667136K, used 537733K [0x0000000080000000, 0x00000000a8b80000, 0x00000000d5580000)
  object space 667136K, 80% used [0x0000000080000000,0x00000000a0d21790,0x00000000a8b80000)
 Metaspace       used 126781K, capacity 132876K, committed 133208K, reserved 1165312K
  class space    used 15550K, capacity 16689K, committed 16768K, reserved 1048576K
}
Event: 3785.838 GC heap before
{Heap before GC invocations=48 (full 5):
 PSYoungGen      total 397312K, used 396778K [0x00000000d5580000, 0x0000000100000000, 0x0000000100000000)
  eden space 232960K, 99% used [0x00000000d5580000,0x00000000e387e900,0x00000000e3900000)
  from space 164352K, 99% used [0x00000000f5f80000,0x00000000ffffc240,0x0000000100000000)
  to   space 232960K, 0% used [0x00000000e3900000,0x00000000e3900000,0x00000000f1c80000)
 ParOldGen       total 667136K, used 537733K [0x0000000080000000, 0x00000000a8b80000, 0x00000000d5580000)
  object space 667136K, 80% used [0x0000000080000000,0x00000000a0d21790,0x00000000a8b80000)
 Metaspace       used 130879K, capacity 137004K, committed 137304K, reserved 1169408K
  class space    used 16067K, capacity 17229K, committed 17280K, reserved 1048576K
Event: 3786.132 GC heap after
Heap after GC invocations=48 (full 5):
 PSYoungGen      total 465920K, used 188248K [0x00000000d5580000, 0x0000000100000000, 0x0000000100000000)
  eden space 232960K, 0% used [0x00000000d5580000,0x00000000d5580000,0x00000000e3900000)
  from space 232960K, 80% used [0x00000000e3900000,0x00000000ef0d61d0,0x00000000f1c80000)
  to   space 232960K, 0% used [0x00000000f1c80000,0x00000000f1c80000,0x0000000100000000)
 ParOldGen       total 667136K, used 542987K [0x0000000080000000, 0x00000000a8b80000, 0x00000000d5580000)
  object space 667136K, 81% used [0x0000000080000000,0x00000000a1242f88,0x00000000a8b80000)
 Metaspace       used 130879K, capacity 137004K, committed 137304K, reserved 1169408K
  class space    used 16067K, capacity 17229K, committed 17280K, reserved 1048576K
}
Event: 3787.412 GC heap before
{Heap before GC invocations=49 (full 5):
 PSYoungGen      total 465920K, used 421208K [0x00000000d5580000, 0x0000000100000000, 0x0000000100000000)
  eden space 232960K, 100% used [0x00000000d5580000,0x00000000e3900000,0x00000000e3900000)
  from space 232960K, 80% used [0x00000000e3900000,0x00000000ef0d61d0,0x00000000f1c80000)
  to   space 232960K, 0% used [0x00000000f1c80000,0x00000000f1c80000,0x0000000100000000)
 ParOldGen       total 667136K, used 542987K [0x0000000080000000, 0x00000000a8b80000, 0x00000000d5580000)
  object space 667136K, 81% used [0x0000000080000000,0x00000000a1242f88,0x00000000a8b80000)
 Metaspace       used 131260K, capacity 137446K, committed 137560K, reserved 1169408K
  class space    used 16096K, capacity 17266K, committed 17280K, reserved 1048576K
Event: 3787.738 GC heap after
Heap after GC invocations=49 (full 5):
 PSYoungGen      total 465920K, used 146493K [0x00000000d5580000, 0x0000000100000000, 0x0000000100000000)
  eden space 232960K, 0% used [0x00000000d5580000,0x00000000d5580000,0x00000000e3900000)
  from space 232960K, 62% used [0x00000000f1c80000,0x00000000fab8f4f0,0x0000000100000000)
  to   space 232960K, 0% used [0x00000000e3900000,0x00000000e3900000,0x00000000f1c80000)
 ParOldGen       total 667136K, used 631072K [0x0000000080000000, 0x00000000a8b80000, 0x00000000d5580000)
  object space 667136K, 94% used [0x0000000080000000,0x00000000a68482e0,0x00000000a8b80000)
 Metaspace       used 131260K, capacity 137446K, committed 137560K, reserved 1169408K
  class space    used 16096K, capacity 17266K, committed 17280K, reserved 1048576K
}
Event: 3787.738 GC heap before
{Heap before GC invocations=50 (full 6):
 PSYoungGen      total 465920K, used 146493K [0x00000000d5580000, 0x0000000100000000, 0x0000000100000000)
  eden space 232960K, 0% used [0x00000000d5580000,0x00000000d5580000,0x00000000e3900000)
  from space 232960K, 62% used [0x00000000f1c80000,0x00000000fab8f4f0,0x0000000100000000)
  to   space 232960K, 0% used [0x00000000e3900000,0x00000000e3900000,0x00000000f1c80000)
 ParOldGen       total 667136K, used 631072K [0x0000000080000000, 0x00000000a8b80000, 0x00000000d5580000)
  object space 667136K, 94% used [0x0000000080000000,0x00000000a68482e0,0x00000000a8b80000)
 Metaspace       used 131260K, capacity 137446K, committed 137560K, reserved 1169408K
  class space    used 16096K, capacity 17266K, committed 17280K, reserved 1048576K

