# JRE version: OpenJDK Runtime Environment (8.0_242-b01) (build 1.8.0_242-release-1644-b01)
# Java VM: OpenJDK 64-Bit Server VM (25.242-b01 mixed mode windows-amd64 compressed oops)
Heap:
 PSYoungGen      total 587776K, used 587752K [0x00000000d5580000, 0x0000000100000000, 0x0000000100000000)
  eden space 548352K, 100% used [0x00000000d5580000,0x00000000f6d00000,0x00000000f6d00000)
  from space 39424K, 99% used [0x00000000fd980000,0x00000000ffffa3e0,0x0000000100000000)
  to   space 75264K, 99% used [0x00000000f6d00000,0x00000000fb678cd8,0x00000000fb680000)
 ParOldGen       total 496640K, used 230938K [0x0000000080000000, 0x000000009e500000, 0x00000000d5580000)
  object space 496640K, 46% used [0x0000000080000000,0x000000008e186870,0x000000009e500000)
 Metaspace       used 239859K, capacity 254079K, committed 254336K, reserved 1269760K
  class space    used 31315K, capacity 33813K, committed 33940K, reserved 1048576K
GC Heap History (10 events):
Event: 9497.190 GC heap after
Heap after GC invocations=156 (full 6):
 PSYoungGen      total 683520K, used 8318K [0x00000000d5580000, 0x0000000100000000, 0x0000000100000000)
  eden space 668160K, 0% used [0x00000000d5580000,0x00000000d5580000,0x00000000fe200000)
  from space 15360K, 54% used [0x00000000ff100000,0x00000000ff91f8b0,0x0000000100000000)
  to   space 15360K, 0% used [0x00000000fe200000,0x00000000fe200000,0x00000000ff100000)
 ParOldGen       total 496640K, used 105155K [0x0000000080000000, 0x000000009e500000, 0x00000000d5580000)
  object space 496640K, 21% used [0x0000000080000000,0x00000000866b0c10,0x000000009e500000)
 Metaspace       used 192149K, capacity 203873K, committed 206336K, reserved 1228800K
  class space    used 25281K, capacity 27277K, committed 27924K, reserved 1048576K
}
Event: 9556.968 GC heap before
{Heap before GC invocations=157 (full 6):
 PSYoungGen      total 683520K, used 676478K [0x00000000d5580000, 0x0000000100000000, 0x0000000100000000)
  eden space 668160K, 100% used [0x00000000d5580000,0x00000000fe200000,0x00000000fe200000)
  from space 15360K, 54% used [0x00000000ff100000,0x00000000ff91f8b0,0x0000000100000000)
  to   space 15360K, 0% used [0x00000000fe200000,0x00000000fe200000,0x00000000ff100000)
 ParOldGen       total 496640K, used 105155K [0x0000000080000000, 0x000000009e500000, 0x00000000d5580000)
  object space 496640K, 21% used [0x0000000080000000,0x00000000866b0c10,0x000000009e500000)
 Metaspace       used 210731K, capacity 223317K, committed 224128K, reserved 1243136K
  class space    used 27947K, capacity 30179K, committed 30356K, reserved 1048576K
Event: 9556.995 GC heap after
Heap after GC invocations=157 (full 6):
 PSYoungGen      total 683520K, used 15349K [0x00000000d5580000, 0x0000000100000000, 0x0000000100000000)
  eden space 668160K, 0% used [0x00000000d5580000,0x00000000d5580000,0x00000000fe200000)
  from space 15360K, 99% used [0x00000000fe200000,0x00000000ff0fd4c0,0x00000000ff100000)
  to   space 15360K, 0% used [0x00000000ff100000,0x00000000ff100000,0x0000000100000000)
 ParOldGen       total 496640K, used 136163K [0x0000000080000000, 0x000000009e500000, 0x00000000d5580000)
  object space 496640K, 27% used [0x0000000080000000,0x00000000884f8f20,0x000000009e500000)
 Metaspace       used 210731K, capacity 223317K, committed 224128K, reserved 1243136K
  class space    used 27947K, capacity 30179K, committed 30356K, reserved 1048576K
}
Event: 9588.812 GC heap before
{Heap before GC invocations=158 (full 6):
 PSYoungGen      total 683520K, used 683502K [0x00000000d5580000, 0x0000000100000000, 0x0000000100000000)
  eden space 668160K, 99% used [0x00000000d5580000,0x00000000fe1fe658,0x00000000fe200000)
  from space 15360K, 99% used [0x00000000fe200000,0x00000000ff0fd4c0,0x00000000ff100000)
  to   space 15360K, 0% used [0x00000000ff100000,0x00000000ff100000,0x0000000100000000)
 ParOldGen       total 496640K, used 136163K [0x0000000080000000, 0x000000009e500000, 0x00000000d5580000)
  object space 496640K, 27% used [0x0000000080000000,0x00000000884f8f20,0x000000009e500000)
 Metaspace       used 214581K, capacity 227365K, committed 227968K, reserved 1247232K
  class space    used 28455K, capacity 30756K, committed 30868K, reserved 1048576K
Event: 9588.865 GC heap after
Heap after GC invocations=158 (full 6):
 PSYoungGen      total 635392K, used 15328K [0x00000000d5580000, 0x0000000100000000, 0x0000000100000000)
  eden space 620032K, 0% used [0x00000000d5580000,0x00000000d5580000,0x00000000fb300000)
  from space 15360K, 99% used [0x00000000ff100000,0x00000000ffff8020,0x0000000100000000)
  to   space 39424K, 0% used [0x00000000fb300000,0x00000000fb300000,0x00000000fd980000)
 ParOldGen       total 496640K, used 162489K [0x0000000080000000, 0x000000009e500000, 0x00000000d5580000)
  object space 496640K, 32% used [0x0000000080000000,0x0000000089eae7c0,0x000000009e500000)
 Metaspace       used 214581K, capacity 227365K, committed 227968K, reserved 1247232K
  class space    used 28455K, capacity 30756K, committed 30868K, reserved 1048576K
}
Event: 10426.071 GC heap before
{Heap before GC invocations=159 (full 6):
 PSYoungGen      total 635392K, used 635360K [0x00000000d5580000, 0x0000000100000000, 0x0000000100000000)
  eden space 620032K, 100% used [0x00000000d5580000,0x00000000fb300000,0x00000000fb300000)
  from space 15360K, 99% used [0x00000000ff100000,0x00000000ffff8020,0x0000000100000000)
  to   space 39424K, 0% used [0x00000000fb300000,0x00000000fb300000,0x00000000fd980000)
 ParOldGen       total 496640K, used 162489K [0x0000000080000000, 0x000000009e500000, 0x00000000d5580000)
  object space 496640K, 32% used [0x0000000080000000,0x0000000089eae7c0,0x000000009e500000)
 Metaspace       used 227684K, capacity 241675K, committed 241920K, reserved 1259520K
  class space    used 30176K, capacity 32649K, committed 32788K, reserved 1048576K
Event: 10426.117 GC heap after
Heap after GC invocations=159 (full 6):
 PSYoungGen      total 659456K, used 39394K [0x00000000d5580000, 0x0000000100000000, 0x0000000100000000)
  eden space 620032K, 0% used [0x00000000d5580000,0x00000000d5580000,0x00000000fb300000)
  from space 39424K, 99% used [0x00000000fb300000,0x00000000fd978bc0,0x00000000fd980000)
  to   space 39424K, 0% used [0x00000000fd980000,0x00000000fd980000,0x0000000100000000)
 ParOldGen       total 496640K, used 165609K [0x0000000080000000, 0x000000009e500000, 0x00000000d5580000)
  object space 496640K, 33% used [0x0000000080000000,0x000000008a1ba658,0x000000009e500000)
 Metaspace       used 227684K, capacity 241675K, committed 241920K, reserved 1259520K
  class space    used 30176K, capacity 32649K, committed 32788K, reserved 1048576K
}
Event: 10432.391 GC heap before
{Heap before GC invocations=160 (full 6):
 PSYoungGen      total 659456K, used 659426K [0x00000000d5580000, 0x0000000100000000, 0x0000000100000000)
  eden space 620032K, 100% used [0x00000000d5580000,0x00000000fb300000,0x00000000fb300000)
  from space 39424K, 99% used [0x00000000fb300000,0x00000000fd978bc0,0x00000000fd980000)
  to   space 39424K, 0% used [0x00000000fd980000,0x00000000fd980000,0x0000000100000000)
 ParOldGen       total 496640K, used 165609K [0x0000000080000000, 0x000000009e500000, 0x00000000d5580000)
  object space 496640K, 33% used [0x0000000080000000,0x000000008a1ba658,0x000000009e500000)
 Metaspace       used 234206K, capacity 248267K, committed 248576K, reserved 1265664K
  class space    used 30641K, capacity 33129K, committed 33300K, reserved 1048576K
Event: 10432.652 GC heap after
Heap after GC invocations=160 (full 6):
 PSYoungGen      total 587776K, used 39400K [0x00000000d5580000, 0x0000000100000000, 0x0000000100000000)
  eden space 548352K, 0% used [0x00000000d5580000,0x00000000d5580000,0x00000000f6d00000)
  from space 39424K, 99% used [0x00000000fd980000,0x00000000ffffa3e0,0x0000000100000000)
  to   space 75264K, 0% used [0x00000000f6d00000,0x00000000f6d00000,0x00000000fb680000)
 ParOldGen       total 496640K, used 225958K [0x0000000080000000, 0x000000009e500000, 0x00000000d5580000)
  object space 496640K, 45% used [0x0000000080000000,0x000000008dca9a10,0x000000009e500000)
 Metaspace       used 234206K, capacity 248267K, committed 248576K, reserved 1265664K
  class space    used 30641K, capacity 33129K, committed 33300K, reserved 1048576K
}
Event: 10436.484 GC heap before
{Heap before GC invocations=161 (full 6):
 PSYoungGen      total 587776K, used 587752K [0x00000000d5580000, 0x0000000100000000, 0x0000000100000000)
  eden space 548352K, 100% used [0x00000000d5580000,0x00000000f6d00000,0x00000000f6d00000)
  from space 39424K, 99% used [0x00000000fd980000,0x00000000ffffa3e0,0x0000000100000000)
  to   space 75264K, 0% used [0x00000000f6d00000,0x00000000f6d00000,0x00000000fb680000)
 ParOldGen       total 496640K, used 225958K [0x0000000080000000, 0x000000009e500000, 0x00000000d5580000)
  object space 496640K, 45% used [0x0000000080000000,0x000000008dca9a10,0x000000009e500000)
 Metaspace       used 239859K, capacity 254079K, committed 254336K, reserved 1269760K
  class space    used 31315K, capacity 33813K, committed 33940K, reserved 1048576K

