# JRE version: OpenJDK Runtime Environment (8.0_242-b01) (build 1.8.0_242-release-1644-b01)
# Java VM: OpenJDK 64-Bit Server VM (25.242-b01 mixed mode windows-amd64 compressed oops)
Heap:
 PSYoungGen      total 479232K, used 121874K [0x00000000d5580000, 0x0000000100000000, 0x0000000100000000)
  eden space 347648K, 0% used [0x00000000d5580000,0x00000000d5580000,0x00000000ea900000)
  from space 131584K, 92% used [0x00000000f7f80000,0x00000000ff684a28,0x0000000100000000)
  to   space 175616K, 0% used [0x00000000ea900000,0x00000000ea900000,0x00000000f5480000)
 ParOldGen       total 721408K, used 703454K [0x0000000080000000, 0x00000000ac080000, 0x00000000d5580000)
  object space 721408K, 97% used [0x0000000080000000,0x00000000aaef7a48,0x00000000ac080000)
 Metaspace       used 248441K, capacity 259466K, committed 259660K, reserved 1275904K
  class space    used 30192K, capacity 32288K, committed 32384K, reserved 1048576K
GC Heap History (10 events):
Event: 11460.133 GC heap after
Heap after GC invocations=97 (full 11):
 PSYoungGen      total 556544K, used 18967K [0x00000000d5580000, 0x00000000ff400000, 0x0000000100000000)
  eden space 432640K, 0% used [0x00000000d5580000,0x00000000d5580000,0x00000000efc00000)
  from space 123904K, 15% used [0x00000000f7b00000,0x00000000f8d85da8,0x00000000ff400000)
  to   space 126976K, 0% used [0x00000000efc00000,0x00000000efc00000,0x00000000f7800000)
 ParOldGen       total 721408K, used 566319K [0x0000000080000000, 0x00000000ac080000, 0x00000000d5580000)
  object space 721408K, 78% used [0x0000000080000000,0x00000000a290bde8,0x00000000ac080000)
 Metaspace       used 248324K, capacity 259324K, committed 259660K, reserved 1275904K
  class space    used 30185K, capacity 32275K, committed 32384K, reserved 1048576K
}
Event: 11461.848 GC heap before
{Heap before GC invocations=98 (full 11):
 PSYoungGen      total 556544K, used 451607K [0x00000000d5580000, 0x00000000ff400000, 0x0000000100000000)
  eden space 432640K, 100% used [0x00000000d5580000,0x00000000efc00000,0x00000000efc00000)
  from space 123904K, 15% used [0x00000000f7b00000,0x00000000f8d85da8,0x00000000ff400000)
  to   space 126976K, 0% used [0x00000000efc00000,0x00000000efc00000,0x00000000f7800000)
 ParOldGen       total 721408K, used 566319K [0x0000000080000000, 0x00000000ac080000, 0x00000000d5580000)
  object space 721408K, 78% used [0x0000000080000000,0x00000000a290bde8,0x00000000ac080000)
 Metaspace       used 248430K, capacity 259466K, committed 259660K, reserved 1275904K
  class space    used 30192K, capacity 32288K, committed 32384K, reserved 1048576K
Event: 11461.861 GC heap after
Heap after GC invocations=98 (full 11):
 PSYoungGen      total 559616K, used 4352K [0x00000000d5580000, 0x0000000100000000, 0x0000000100000000)
  eden space 432640K, 0% used [0x00000000d5580000,0x00000000d5580000,0x00000000efc00000)
  from space 126976K, 3% used [0x00000000efc00000,0x00000000f0040080,0x00000000f7800000)
  to   space 125440K, 0% used [0x00000000f8580000,0x00000000f8580000,0x0000000100000000)
 ParOldGen       total 721408K, used 577169K [0x0000000080000000, 0x00000000ac080000, 0x00000000d5580000)
  object space 721408K, 80% used [0x0000000080000000,0x00000000a33a4598,0x00000000ac080000)
 Metaspace       used 248430K, capacity 259466K, committed 259660K, reserved 1275904K
  class space    used 30192K, capacity 32288K, committed 32384K, reserved 1048576K
}
Event: 11462.651 GC heap before
{Heap before GC invocations=99 (full 11):
 PSYoungGen      total 559616K, used 436992K [0x00000000d5580000, 0x0000000100000000, 0x0000000100000000)
  eden space 432640K, 100% used [0x00000000d5580000,0x00000000efc00000,0x00000000efc00000)
  from space 126976K, 3% used [0x00000000efc00000,0x00000000f0040080,0x00000000f7800000)
  to   space 125440K, 0% used [0x00000000f8580000,0x00000000f8580000,0x0000000100000000)
 ParOldGen       total 721408K, used 577169K [0x0000000080000000, 0x00000000ac080000, 0x00000000d5580000)
  object space 721408K, 80% used [0x0000000080000000,0x00000000a33a4598,0x00000000ac080000)
 Metaspace       used 248440K, capacity 259466K, committed 259660K, reserved 1275904K
  class space    used 30192K, capacity 32288K, committed 32384K, reserved 1048576K
Event: 11462.667 GC heap after
Heap after GC invocations=99 (full 11):
 PSYoungGen      total 561152K, used 16465K [0x00000000d5580000, 0x00000000ff580000, 0x0000000100000000)
  eden space 446464K, 0% used [0x00000000d5580000,0x00000000d5580000,0x00000000f0980000)
  from space 114688K, 14% used [0x00000000f8580000,0x00000000f95947f0,0x00000000ff580000)
  to   space 120832K, 0% used [0x00000000f0980000,0x00000000f0980000,0x00000000f7f80000)
 ParOldGen       total 721408K, used 579394K [0x0000000080000000, 0x00000000ac080000, 0x00000000d5580000)
  object space 721408K, 80% used [0x0000000080000000,0x00000000a35d0918,0x00000000ac080000)
 Metaspace       used 248440K, capacity 259466K, committed 259660K, reserved 1275904K
  class space    used 30192K, capacity 32288K, committed 32384K, reserved 1048576K
}
Event: 11463.424 GC heap before
{Heap before GC invocations=100 (full 11):
 PSYoungGen      total 561152K, used 462929K [0x00000000d5580000, 0x00000000ff580000, 0x0000000100000000)
  eden space 446464K, 100% used [0x00000000d5580000,0x00000000f0980000,0x00000000f0980000)
  from space 114688K, 14% used [0x00000000f8580000,0x00000000f95947f0,0x00000000ff580000)
  to   space 120832K, 0% used [0x00000000f0980000,0x00000000f0980000,0x00000000f7f80000)
 ParOldGen       total 721408K, used 579394K [0x0000000080000000, 0x00000000ac080000, 0x00000000d5580000)
  object space 721408K, 80% used [0x0000000080000000,0x00000000a35d0918,0x00000000ac080000)
 Metaspace       used 248440K, capacity 259466K, committed 259660K, reserved 1275904K
  class space    used 30192K, capacity 32288K, committed 32384K, reserved 1048576K
Event: 11463.534 GC heap after
Heap after GC invocations=100 (full 11):
 PSYoungGen      total 567296K, used 120817K [0x00000000d5580000, 0x0000000100000000, 0x0000000100000000)
  eden space 446464K, 0% used [0x00000000d5580000,0x00000000d5580000,0x00000000f0980000)
  from space 120832K, 99% used [0x00000000f0980000,0x00000000f7f7c790,0x00000000f7f80000)
  to   space 131584K, 0% used [0x00000000f7f80000,0x00000000f7f80000,0x0000000100000000)
 ParOldGen       total 721408K, used 624802K [0x0000000080000000, 0x00000000ac080000, 0x00000000d5580000)
  object space 721408K, 86% used [0x0000000080000000,0x00000000a6228890,0x00000000ac080000)
 Metaspace       used 248440K, capacity 259466K, committed 259660K, reserved 1275904K
  class space    used 30192K, capacity 32288K, committed 32384K, reserved 1048576K
}
Event: 11465.810 GC heap before
{Heap before GC invocations=101 (full 11):
 PSYoungGen      total 567296K, used 567103K [0x00000000d5580000, 0x0000000100000000, 0x0000000100000000)
  eden space 446464K, 99% used [0x00000000d5580000,0x00000000f0953800,0x00000000f0980000)
  from space 120832K, 99% used [0x00000000f0980000,0x00000000f7f7c790,0x00000000f7f80000)
  to   space 131584K, 0% used [0x00000000f7f80000,0x00000000f7f80000,0x0000000100000000)
 ParOldGen       total 721408K, used 624802K [0x0000000080000000, 0x00000000ac080000, 0x00000000d5580000)
  object space 721408K, 86% used [0x0000000080000000,0x00000000a6228890,0x00000000ac080000)
 Metaspace       used 248441K, capacity 259466K, committed 259660K, reserved 1275904K
  class space    used 30192K, capacity 32288K, committed 32384K, reserved 1048576K
Event: 11466.042 GC heap after
Heap after GC invocations=101 (full 11):
 PSYoungGen      total 479232K, used 121874K [0x00000000d5580000, 0x0000000100000000, 0x0000000100000000)
  eden space 347648K, 0% used [0x00000000d5580000,0x00000000d5580000,0x00000000ea900000)
  from space 131584K, 92% used [0x00000000f7f80000,0x00000000ff684a28,0x0000000100000000)
  to   space 175616K, 0% used [0x00000000ea900000,0x00000000ea900000,0x00000000f5480000)
 ParOldGen       total 721408K, used 703454K [0x0000000080000000, 0x00000000ac080000, 0x00000000d5580000)
  object space 721408K, 97% used [0x0000000080000000,0x00000000aaef7a48,0x00000000ac080000)
 Metaspace       used 248441K, capacity 259466K, committed 259660K, reserved 1275904K
  class space    used 30192K, capacity 32288K, committed 32384K, reserved 1048576K
}
Event: 11466.042 GC heap before
{Heap before GC invocations=102 (full 12):
 PSYoungGen      total 479232K, used 121874K [0x00000000d5580000, 0x0000000100000000, 0x0000000100000000)
  eden space 347648K, 0% used [0x00000000d5580000,0x00000000d5580000,0x00000000ea900000)
  from space 131584K, 92% used [0x00000000f7f80000,0x00000000ff684a28,0x0000000100000000)
  to   space 175616K, 0% used [0x00000000ea900000,0x00000000ea900000,0x00000000f5480000)
 ParOldGen       total 721408K, used 703454K [0x0000000080000000, 0x00000000ac080000, 0x00000000d5580000)
  object space 721408K, 97% used [0x0000000080000000,0x00000000aaef7a48,0x00000000ac080000)
 Metaspace       used 248441K, capacity 259466K, committed 259660K, reserved 1275904K
  class space    used 30192K, capacity 32288K, committed 32384K, reserved 1048576K

