# JRE version: OpenJDK Runtime Environment (8.0_242-b01) (build 1.8.0_242-release-1644-b01)
# Java VM: OpenJDK 64-Bit Server VM (25.242-b01 mixed mode windows-amd64 compressed oops)
Heap:
 PSYoungGen      total 465920K, used 171906K [0x00000000d5580000, 0x0000000100000000, 0x0000000100000000)
  eden space 232960K, 61% used [0x00000000d5580000,0x00000000de1d0d08,0x00000000e3900000)
  from space 232960K, 12% used [0x00000000e3900000,0x00000000e548fe68,0x00000000f1c80000)
  to   space 231936K, 0% used [0x00000000f1d80000,0x00000000f1d80000,0x0000000100000000)
 ParOldGen       total 690176K, used 363014K [0x0000000080000000, 0x00000000aa200000, 0x00000000d5580000)
  object space 690176K, 52% used [0x0000000080000000,0x0000000096281bb0,0x00000000aa200000)
 Metaspace       used 129665K, capacity 136266K, committed 136536K, reserved 1167360K
  class space    used 16541K, capacity 17941K, committed 18048K, reserved 1048576K
GC Heap History (10 events):
Event: 346.398 GC heap before
{Heap before GC invocations=29 (full 4):
 PSYoungGen      total 448512K, used 448497K [0x00000000d5580000, 0x0000000100000000, 0x0000000100000000)
  eden space 281088K, 100% used [0x00000000d5580000,0x00000000e6800000,0x00000000e6800000)
  from space 167424K, 99% used [0x00000000f5c80000,0x00000000ffffc628,0x0000000100000000)
  to   space 208896K, 0% used [0x00000000e6800000,0x00000000e6800000,0x00000000f3400000)
 ParOldGen       total 358912K, used 275153K [0x0000000080000000, 0x0000000095e80000, 0x00000000d5580000)
  object space 358912K, 76% used [0x0000000080000000,0x0000000090cb4478,0x0000000095e80000)
 Metaspace       used 112000K, capacity 118364K, committed 118488K, reserved 1150976K
  class space    used 14663K, capacity 16032K, committed 16128K, reserved 1048576K
Event: 346.705 GC heap after
Heap after GC invocations=29 (full 4):
 PSYoungGen      total 479744K, used 198502K [0x00000000d5580000, 0x0000000100000000, 0x0000000100000000)
  eden space 281088K, 0% used [0x00000000d5580000,0x00000000d5580000,0x00000000e6800000)
  from space 198656K, 99% used [0x00000000e6800000,0x00000000f29d9950,0x00000000f2a00000)
  to   space 219136K, 0% used [0x00000000f2a00000,0x00000000f2a00000,0x0000000100000000)
 ParOldGen       total 358912K, used 294224K [0x0000000080000000, 0x0000000095e80000, 0x00000000d5580000)
  object space 358912K, 81% used [0x0000000080000000,0x0000000091f541c8,0x0000000095e80000)
 Metaspace       used 112000K, capacity 118364K, committed 118488K, reserved 1150976K
  class space    used 14663K, capacity 16032K, committed 16128K, reserved 1048576K
}
Event: 348.589 GC heap before
{Heap before GC invocations=30 (full 4):
 PSYoungGen      total 479744K, used 479590K [0x00000000d5580000, 0x0000000100000000, 0x0000000100000000)
  eden space 281088K, 100% used [0x00000000d5580000,0x00000000e6800000,0x00000000e6800000)
  from space 198656K, 99% used [0x00000000e6800000,0x00000000f29d9950,0x00000000f2a00000)
  to   space 219136K, 0% used [0x00000000f2a00000,0x00000000f2a00000,0x0000000100000000)
 ParOldGen       total 358912K, used 294224K [0x0000000080000000, 0x0000000095e80000, 0x00000000d5580000)
  object space 358912K, 81% used [0x0000000080000000,0x0000000091f54200,0x0000000095e80000)
 Metaspace       used 112306K, capacity 118792K, committed 119000K, reserved 1153024K
  class space    used 14690K, capacity 16072K, committed 16128K, reserved 1048576K
Event: 349.028 GC heap after
Heap after GC invocations=30 (full 4):
 PSYoungGen      total 479744K, used 479590K [0x00000000d5580000, 0x0000000100000000, 0x0000000100000000)
  eden space 281088K, 100% used [0x00000000d5580000,0x00000000e6800000,0x00000000e6800000)
  from space 198656K, 99% used [0x00000000e6800000,0x00000000f29d9950,0x00000000f2a00000)
  to   space 219136K, 33% used [0x00000000f2a00000,0x00000000f714c5d0,0x0000000100000000)
 ParOldGen       total 441344K, used 439732K [0x0000000080000000, 0x000000009af00000, 0x00000000d5580000)
  object space 441344K, 99% used [0x0000000080000000,0x000000009ad6d270,0x000000009af00000)
 Metaspace       used 112306K, capacity 118792K, committed 119000K, reserved 1153024K
  class space    used 14690K, capacity 16072K, committed 16128K, reserved 1048576K
}
Event: 349.028 GC heap before
{Heap before GC invocations=31 (full 5):
 PSYoungGen      total 479744K, used 479590K [0x00000000d5580000, 0x0000000100000000, 0x0000000100000000)
  eden space 281088K, 100% used [0x00000000d5580000,0x00000000e6800000,0x00000000e6800000)
  from space 198656K, 99% used [0x00000000e6800000,0x00000000f29d9950,0x00000000f2a00000)
  to   space 219136K, 33% used [0x00000000f2a00000,0x00000000f714c5d0,0x0000000100000000)
 ParOldGen       total 441344K, used 439732K [0x0000000080000000, 0x000000009af00000, 0x00000000d5580000)
  object space 441344K, 99% used [0x0000000080000000,0x000000009ad6d270,0x000000009af00000)
 Metaspace       used 112306K, capacity 118792K, committed 119000K, reserved 1153024K
  class space    used 14690K, capacity 16072K, committed 16128K, reserved 1048576K
Event: 351.666 GC heap after
Heap after GC invocations=31 (full 5):
 PSYoungGen      total 479744K, used 0K [0x00000000d5580000, 0x0000000100000000, 0x0000000100000000)
  eden space 281088K, 0% used [0x00000000d5580000,0x00000000d5580000,0x00000000e6800000)
  from space 198656K, 0% used [0x00000000e6800000,0x00000000e6800000,0x00000000f2a00000)
  to   space 219136K, 0% used [0x00000000f2a00000,0x00000000f2a00000,0x0000000100000000)
 ParOldGen       total 690176K, used 354083K [0x0000000080000000, 0x00000000aa200000, 0x00000000d5580000)
  object space 690176K, 51% used [0x0000000080000000,0x00000000959c8c20,0x00000000aa200000)
 Metaspace       used 112270K, capacity 118698K, committed 119000K, reserved 1153024K
  class space    used 14679K, capacity 16053K, committed 16128K, reserved 1048576K
}
Event: 401.560 GC heap before
{Heap before GC invocations=32 (full 5):
 PSYoungGen      total 479744K, used 281088K [0x00000000d5580000, 0x0000000100000000, 0x0000000100000000)
  eden space 281088K, 100% used [0x00000000d5580000,0x00000000e6800000,0x00000000e6800000)
  from space 198656K, 0% used [0x00000000e6800000,0x00000000e6800000,0x00000000f2a00000)
  to   space 219136K, 0% used [0x00000000f2a00000,0x00000000f2a00000,0x0000000100000000)
 ParOldGen       total 690176K, used 354270K [0x0000000080000000, 0x00000000aa200000, 0x00000000d5580000)
  object space 690176K, 51% used [0x0000000080000000,0x00000000959f7900,0x00000000aa200000)
 Metaspace       used 114976K, capacity 121472K, committed 121560K, reserved 1155072K
  class space    used 15023K, capacity 16382K, committed 16384K, reserved 1048576K
Event: 401.579 GC heap after
Heap after GC invocations=32 (full 5):
 PSYoungGen      total 452096K, used 11954K [0x00000000d5580000, 0x0000000100000000, 0x0000000100000000)
  eden space 232960K, 0% used [0x00000000d5580000,0x00000000d5580000,0x00000000e3900000)
  from space 219136K, 5% used [0x00000000f2a00000,0x00000000f35ac818,0x0000000100000000)
  to   space 232960K, 0% used [0x00000000e3900000,0x00000000e3900000,0x00000000f1c80000)
 ParOldGen       total 690176K, used 354278K [0x0000000080000000, 0x00000000aa200000, 0x00000000d5580000)
  object space 690176K, 51% used [0x0000000080000000,0x00000000959f9900,0x00000000aa200000)
 Metaspace       used 114976K, capacity 121472K, committed 121560K, reserved 1155072K
  class space    used 15023K, capacity 16382K, committed 16384K, reserved 1048576K
}
Event: 406.650 GC heap before
{Heap before GC invocations=33 (full 5):
 PSYoungGen      total 452096K, used 244914K [0x00000000d5580000, 0x0000000100000000, 0x0000000100000000)
  eden space 232960K, 100% used [0x00000000d5580000,0x00000000e3900000,0x00000000e3900000)
  from space 219136K, 5% used [0x00000000f2a00000,0x00000000f35ac818,0x0000000100000000)
  to   space 232960K, 0% used [0x00000000e3900000,0x00000000e3900000,0x00000000f1c80000)
 ParOldGen       total 690176K, used 354278K [0x0000000080000000, 0x00000000aa200000, 0x00000000d5580000)
  object space 690176K, 51% used [0x0000000080000000,0x00000000959f9900,0x00000000aa200000)
 Metaspace       used 122007K, capacity 128574K, committed 128728K, reserved 1161216K
  class space    used 15660K, capacity 17043K, committed 17152K, reserved 1048576K
Event: 406.684 GC heap after
Heap after GC invocations=33 (full 5):
 PSYoungGen      total 465920K, used 28223K [0x00000000d5580000, 0x0000000100000000, 0x0000000100000000)
  eden space 232960K, 0% used [0x00000000d5580000,0x00000000d5580000,0x00000000e3900000)
  from space 232960K, 12% used [0x00000000e3900000,0x00000000e548fe68,0x00000000f1c80000)
  to   space 231936K, 0% used [0x00000000f1d80000,0x00000000f1d80000,0x0000000100000000)
 ParOldGen       total 690176K, used 363014K [0x0000000080000000, 0x00000000aa200000, 0x00000000d5580000)
  object space 690176K, 52% used [0x0000000080000000,0x0000000096281bb0,0x00000000aa200000)
 Metaspace       used 122007K, capacity 128574K, committed 128728K, reserved 1161216K
  class space    used 15660K, capacity 17043K, committed 17152K, reserved 1048576K
}

