# JRE version: OpenJDK Runtime Environment (8.0_242-b01) (build 1.8.0_242-release-1644-b01)
# Java VM: OpenJDK 64-Bit Server VM (25.242-b01 mixed mode windows-amd64 compressed oops)
Heap:
 PSYoungGen      total 390656K, used 330570K [0x00000000d5580000, 0x0000000100000000, 0x0000000100000000)
  eden space 232960K, 74% used [0x00000000d5580000,0x00000000dfe53478,0x00000000e3900000)
  from space 157696K, 99% used [0x00000000f6600000,0x00000000fffff6f8,0x0000000100000000)
  to   space 232960K, 0% used [0x00000000e3900000,0x00000000e3900000,0x00000000f1c80000)
 ParOldGen       total 557056K, used 449177K [0x0000000080000000, 0x00000000a2000000, 0x00000000d5580000)
  object space 557056K, 80% used [0x0000000080000000,0x000000009b6a64e0,0x00000000a2000000)
 Metaspace       used 117278K, capacity 123092K, committed 123352K, reserved 1157120K
  class space    used 14893K, capacity 16046K, committed 16128K, reserved 1048576K
GC Heap History (10 events):
Event: 168.858 GC heap before
{Heap before GC invocations=26 (full 4):
 PSYoungGen      total 526336K, used 440253K [0x00000000d5580000, 0x00000000fec00000, 0x0000000100000000)
  eden space 381952K, 100% used [0x00000000d5580000,0x00000000eca80000,0x00000000eca80000)
  from space 144384K, 40% used [0x00000000eca80000,0x00000000f036f510,0x00000000f5780000)
  to   space 136704K, 0% used [0x00000000f6680000,0x00000000f6680000,0x00000000fec00000)
 ParOldGen       total 557056K, used 315784K [0x0000000080000000, 0x00000000a2000000, 0x00000000d5580000)
  object space 557056K, 56% used [0x0000000080000000,0x00000000934622c8,0x00000000a2000000)
 Metaspace       used 116890K, capacity 122612K, committed 122712K, reserved 1157120K
  class space    used 14847K, capacity 15966K, committed 16000K, reserved 1048576K
Event: 168.951 GC heap after
Heap after GC invocations=26 (full 4):
 PSYoungGen      total 546816K, used 52561K [0x00000000d5580000, 0x00000000fe980000, 0x0000000100000000)
  eden space 412672K, 0% used [0x00000000d5580000,0x00000000d5580000,0x00000000ee880000)
  from space 134144K, 39% used [0x00000000f6680000,0x00000000f99d4450,0x00000000fe980000)
  to   space 129024K, 0% used [0x00000000ee880000,0x00000000ee880000,0x00000000f6680000)
 ParOldGen       total 557056K, used 315792K [0x0000000080000000, 0x00000000a2000000, 0x00000000d5580000)
  object space 557056K, 56% used [0x0000000080000000,0x00000000934642c8,0x00000000a2000000)
 Metaspace       used 116890K, capacity 122612K, committed 122712K, reserved 1157120K
  class space    used 14847K, capacity 15966K, committed 16000K, reserved 1048576K
}
Event: 177.621 GC heap before
{Heap before GC invocations=27 (full 4):
 PSYoungGen      total 546816K, used 465233K [0x00000000d5580000, 0x00000000fe980000, 0x0000000100000000)
  eden space 412672K, 100% used [0x00000000d5580000,0x00000000ee880000,0x00000000ee880000)
  from space 134144K, 39% used [0x00000000f6680000,0x00000000f99d4450,0x00000000fe980000)
  to   space 129024K, 0% used [0x00000000ee880000,0x00000000ee880000,0x00000000f6680000)
 ParOldGen       total 557056K, used 315792K [0x0000000080000000, 0x00000000a2000000, 0x00000000d5580000)
  object space 557056K, 56% used [0x0000000080000000,0x00000000934642c8,0x00000000a2000000)
 Metaspace       used 117047K, capacity 122810K, committed 122968K, reserved 1157120K
  class space    used 14854K, capacity 15975K, committed 16000K, reserved 1048576K
Event: 177.660 GC heap after
Heap after GC invocations=27 (full 4):
 PSYoungGen      total 541696K, used 75345K [0x00000000d5580000, 0x00000000ffb00000, 0x0000000100000000)
  eden space 412672K, 0% used [0x00000000d5580000,0x00000000d5580000,0x00000000ee880000)
  from space 129024K, 58% used [0x00000000ee880000,0x00000000f32145e8,0x00000000f6680000)
  to   space 129024K, 0% used [0x00000000f7d00000,0x00000000f7d00000,0x00000000ffb00000)
 ParOldGen       total 557056K, used 315800K [0x0000000080000000, 0x00000000a2000000, 0x00000000d5580000)
  object space 557056K, 56% used [0x0000000080000000,0x00000000934662c8,0x00000000a2000000)
 Metaspace       used 117047K, capacity 122810K, committed 122968K, reserved 1157120K
  class space    used 14854K, capacity 15975K, committed 16000K, reserved 1048576K
}
Event: 178.236 GC heap before
{Heap before GC invocations=28 (full 4):
 PSYoungGen      total 541696K, used 488017K [0x00000000d5580000, 0x00000000ffb00000, 0x0000000100000000)
  eden space 412672K, 100% used [0x00000000d5580000,0x00000000ee880000,0x00000000ee880000)
  from space 129024K, 58% used [0x00000000ee880000,0x00000000f32145e8,0x00000000f6680000)
  to   space 129024K, 0% used [0x00000000f7d00000,0x00000000f7d00000,0x00000000ffb00000)
 ParOldGen       total 557056K, used 316715K [0x0000000080000000, 0x00000000a2000000, 0x00000000d5580000)
  object space 557056K, 56% used [0x0000000080000000,0x000000009354af60,0x00000000a2000000)
 Metaspace       used 117195K, capacity 122990K, committed 123096K, reserved 1157120K
  class space    used 14892K, capacity 16045K, committed 16128K, reserved 1048576K
Event: 178.335 GC heap after
Heap after GC invocations=28 (full 4):
 PSYoungGen      total 512512K, used 128997K [0x00000000d5580000, 0x0000000100000000, 0x0000000100000000)
  eden space 383488K, 0% used [0x00000000d5580000,0x00000000d5580000,0x00000000ecc00000)
  from space 129024K, 99% used [0x00000000f7d00000,0x00000000ffaf94f0,0x00000000ffb00000)
  to   space 157696K, 0% used [0x00000000ecc00000,0x00000000ecc00000,0x00000000f6600000)
 ParOldGen       total 557056K, used 340424K [0x0000000080000000, 0x00000000a2000000, 0x00000000d5580000)
  object space 557056K, 61% used [0x0000000080000000,0x0000000094c72110,0x00000000a2000000)
 Metaspace       used 117195K, capacity 122990K, committed 123096K, reserved 1157120K
  class space    used 14892K, capacity 16045K, committed 16128K, reserved 1048576K
}
Event: 178.964 GC heap before
{Heap before GC invocations=29 (full 4):
 PSYoungGen      total 512512K, used 512485K [0x00000000d5580000, 0x0000000100000000, 0x0000000100000000)
  eden space 383488K, 100% used [0x00000000d5580000,0x00000000ecc00000,0x00000000ecc00000)
  from space 129024K, 99% used [0x00000000f7d00000,0x00000000ffaf94f0,0x00000000ffb00000)
  to   space 157696K, 0% used [0x00000000ecc00000,0x00000000ecc00000,0x00000000f6600000)
 ParOldGen       total 557056K, used 340426K [0x0000000080000000, 0x00000000a2000000, 0x00000000d5580000)
  object space 557056K, 61% used [0x0000000080000000,0x0000000094c72888,0x00000000a2000000)
 Metaspace       used 117251K, capacity 123080K, committed 123352K, reserved 1157120K
  class space    used 14893K, capacity 16046K, committed 16128K, reserved 1048576K
Event: 179.113 GC heap after
Heap after GC invocations=29 (full 4):
 PSYoungGen      total 541184K, used 157684K [0x00000000d5580000, 0x0000000100000000, 0x0000000100000000)
  eden space 383488K, 0% used [0x00000000d5580000,0x00000000d5580000,0x00000000ecc00000)
  from space 157696K, 99% used [0x00000000ecc00000,0x00000000f65fd1d8,0x00000000f6600000)
  to   space 157696K, 0% used [0x00000000f6600000,0x00000000f6600000,0x0000000100000000)
 ParOldGen       total 557056K, used 375057K [0x0000000080000000, 0x00000000a2000000, 0x00000000d5580000)
  object space 557056K, 67% used [0x0000000080000000,0x0000000096e44680,0x00000000a2000000)
 Metaspace       used 117251K, capacity 123080K, committed 123352K, reserved 1157120K
  class space    used 14893K, capacity 16046K, committed 16128K, reserved 1048576K
}
Event: 179.859 GC heap before
{Heap before GC invocations=30 (full 4):
 PSYoungGen      total 541184K, used 541049K [0x00000000d5580000, 0x0000000100000000, 0x0000000100000000)
  eden space 383488K, 99% used [0x00000000d5580000,0x00000000ecbe1438,0x00000000ecc00000)
  from space 157696K, 99% used [0x00000000ecc00000,0x00000000f65fd1d8,0x00000000f6600000)
  to   space 157696K, 0% used [0x00000000f6600000,0x00000000f6600000,0x0000000100000000)
 ParOldGen       total 557056K, used 375057K [0x0000000080000000, 0x00000000a2000000, 0x00000000d5580000)
  object space 557056K, 67% used [0x0000000080000000,0x0000000096e44680,0x00000000a2000000)
 Metaspace       used 117268K, capacity 123092K, committed 123352K, reserved 1157120K
  class space    used 14893K, capacity 16046K, committed 16128K, reserved 1048576K
Event: 180.039 GC heap after
Heap after GC invocations=30 (full 4):
 PSYoungGen      total 390656K, used 157693K [0x00000000d5580000, 0x0000000100000000, 0x0000000100000000)
  eden space 232960K, 0% used [0x00000000d5580000,0x00000000d5580000,0x00000000e3900000)
  from space 157696K, 99% used [0x00000000f6600000,0x00000000fffff6f8,0x0000000100000000)
  to   space 232960K, 0% used [0x00000000e3900000,0x00000000e3900000,0x00000000f1c80000)
 ParOldGen       total 557056K, used 449177K [0x0000000080000000, 0x00000000a2000000, 0x00000000d5580000)
  object space 557056K, 80% used [0x0000000080000000,0x000000009b6a64e0,0x00000000a2000000)
 Metaspace       used 117268K, capacity 123092K, committed 123352K, reserved 1157120K
  class space    used 14893K, capacity 16046K, committed 16128K, reserved 1048576K
}

