# JRE version: OpenJDK Runtime Environment (8.0_242-b01) (build 1.8.0_242-release-1644-b01)
# Java VM: OpenJDK 64-Bit Server VM (25.242-b01 mixed mode windows-amd64 compressed oops)
Heap:
 PSYoungGen      total 493568K, used 336325K [0x00000000d5580000, 0x00000000ff500000, 0x0000000100000000)
  eden space 307712K, 100% used [0x00000000d5580000,0x00000000e8200000,0x00000000e8200000)
  from space 185856K, 15% used [0x00000000f3f80000,0x00000000f5b714e0,0x00000000ff500000)
  to   space 189952K, 2% used [0x00000000e8200000,0x00000000e8628040,0x00000000f3b80000)
 ParOldGen       total 498176K, used 188081K [0x0000000080000000, 0x000000009e680000, 0x00000000d5580000)
  object space 498176K, 37% used [0x0000000080000000,0x000000008b7ac668,0x000000009e680000)
 Metaspace       used 147747K, capacity 155166K, committed 155992K, reserved 1185792K
  class space    used 18180K, capacity 19641K, committed 19840K, reserved 1048576K
GC Heap History (10 events):
Event: 2225.854 GC heap after
Heap after GC invocations=48 (full 6):
 PSYoungGen      total 479744K, used 0K [0x00000000d5580000, 0x0000000100000000, 0x0000000100000000)
  eden space 275456K, 0% used [0x00000000d5580000,0x00000000d5580000,0x00000000e6280000)
  from space 204288K, 0% used [0x00000000f2b80000,0x00000000f2b80000,0x00000000ff300000)
  to   space 205824K, 0% used [0x00000000e6280000,0x00000000e6280000,0x00000000f2b80000)
 ParOldGen       total 498176K, used 146823K [0x0000000080000000, 0x000000009e680000, 0x00000000d5580000)
  object space 498176K, 29% used [0x0000000080000000,0x0000000088f61d38,0x000000009e680000)
 Metaspace       used 146881K, capacity 154202K, committed 155224K, reserved 1185792K
  class space    used 18101K, capacity 19563K, committed 19840K, reserved 1048576K
}
Event: 2232.319 GC heap before
{Heap before GC invocations=49 (full 6):
 PSYoungGen      total 479744K, used 275456K [0x00000000d5580000, 0x0000000100000000, 0x0000000100000000)
  eden space 275456K, 100% used [0x00000000d5580000,0x00000000e6280000,0x00000000e6280000)
  from space 204288K, 0% used [0x00000000f2b80000,0x00000000f2b80000,0x00000000ff300000)
  to   space 205824K, 0% used [0x00000000e6280000,0x00000000e6280000,0x00000000f2b80000)
 ParOldGen       total 498176K, used 146823K [0x0000000080000000, 0x000000009e680000, 0x00000000d5580000)
  object space 498176K, 29% used [0x0000000080000000,0x0000000088f61d38,0x000000009e680000)
 Metaspace       used 147079K, capacity 154332K, committed 155224K, reserved 1185792K
  class space    used 18116K, capacity 19574K, committed 19840K, reserved 1048576K
Event: 2232.349 GC heap after
Heap after GC invocations=49 (full 6):
 PSYoungGen      total 481280K, used 41541K [0x00000000d5580000, 0x00000000ff880000, 0x0000000100000000)
  eden space 275456K, 0% used [0x00000000d5580000,0x00000000d5580000,0x00000000e6280000)
  from space 205824K, 20% used [0x00000000e6280000,0x00000000e8b115c8,0x00000000f2b80000)
  to   space 201216K, 0% used [0x00000000f3400000,0x00000000f3400000,0x00000000ff880000)
 ParOldGen       total 498176K, used 146831K [0x0000000080000000, 0x000000009e680000, 0x00000000d5580000)
  object space 498176K, 29% used [0x0000000080000000,0x0000000088f63d38,0x000000009e680000)
 Metaspace       used 147079K, capacity 154332K, committed 155224K, reserved 1185792K
  class space    used 18116K, capacity 19574K, committed 19840K, reserved 1048576K
}
Event: 2232.863 GC heap before
{Heap before GC invocations=50 (full 6):
 PSYoungGen      total 481280K, used 316997K [0x00000000d5580000, 0x00000000ff880000, 0x0000000100000000)
  eden space 275456K, 100% used [0x00000000d5580000,0x00000000e6280000,0x00000000e6280000)
  from space 205824K, 20% used [0x00000000e6280000,0x00000000e8b115c8,0x00000000f2b80000)
  to   space 201216K, 0% used [0x00000000f3400000,0x00000000f3400000,0x00000000ff880000)
 ParOldGen       total 498176K, used 146831K [0x0000000080000000, 0x000000009e680000, 0x00000000d5580000)
  object space 498176K, 29% used [0x0000000080000000,0x0000000088f63d38,0x000000009e680000)
 Metaspace       used 147116K, capacity 154406K, committed 155480K, reserved 1185792K
  class space    used 18117K, capacity 19575K, committed 19840K, reserved 1048576K
Event: 2232.905 GC heap after
Heap after GC invocations=50 (full 6):
 PSYoungGen      total 486912K, used 39408K [0x00000000d5580000, 0x00000000ff280000, 0x0000000100000000)
  eden space 291840K, 0% used [0x00000000d5580000,0x00000000d5580000,0x00000000e7280000)
  from space 195072K, 20% used [0x00000000f3400000,0x00000000f5a7c0c0,0x00000000ff280000)
  to   space 196608K, 0% used [0x00000000e7280000,0x00000000e7280000,0x00000000f3280000)
 ParOldGen       total 498176K, used 146839K [0x0000000080000000, 0x000000009e680000, 0x00000000d5580000)
  object space 498176K, 29% used [0x0000000080000000,0x0000000088f65d38,0x000000009e680000)
 Metaspace       used 147116K, capacity 154406K, committed 155480K, reserved 1185792K
  class space    used 18117K, capacity 19575K, committed 19840K, reserved 1048576K
}
Event: 2233.532 GC heap before
{Heap before GC invocations=51 (full 6):
 PSYoungGen      total 486912K, used 331031K [0x00000000d5580000, 0x00000000ff280000, 0x0000000100000000)
  eden space 291840K, 99% used [0x00000000d5580000,0x00000000e7249cc0,0x00000000e7280000)
  from space 195072K, 20% used [0x00000000f3400000,0x00000000f5a7c0c0,0x00000000ff280000)
  to   space 196608K, 0% used [0x00000000e7280000,0x00000000e7280000,0x00000000f3280000)
 ParOldGen       total 498176K, used 146839K [0x0000000080000000, 0x000000009e680000, 0x00000000d5580000)
  object space 498176K, 29% used [0x0000000080000000,0x0000000088f65d38,0x000000009e680000)
 Metaspace       used 147201K, capacity 154514K, committed 155480K, reserved 1185792K
  class space    used 18122K, capacity 19581K, committed 19840K, reserved 1048576K
Event: 2233.576 GC heap after
Heap after GC invocations=51 (full 6):
 PSYoungGen      total 488448K, used 17026K [0x00000000d5580000, 0x00000000ffd80000, 0x0000000100000000)
  eden space 291840K, 0% used [0x00000000d5580000,0x00000000d5580000,0x00000000e7280000)
  from space 196608K, 8% used [0x00000000e7280000,0x00000000e8320a90,0x00000000f3280000)
  to   space 194560K, 0% used [0x00000000f3f80000,0x00000000f3f80000,0x00000000ffd80000)
 ParOldGen       total 498176K, used 169146K [0x0000000080000000, 0x000000009e680000, 0x00000000d5580000)
  object space 498176K, 33% used [0x0000000080000000,0x000000008a52eb70,0x000000009e680000)
 Metaspace       used 147201K, capacity 154514K, committed 155480K, reserved 1185792K
  class space    used 18122K, capacity 19581K, committed 19840K, reserved 1048576K
}
Event: 2234.305 GC heap before
{Heap before GC invocations=52 (full 6):
 PSYoungGen      total 488448K, used 308866K [0x00000000d5580000, 0x00000000ffd80000, 0x0000000100000000)
  eden space 291840K, 100% used [0x00000000d5580000,0x00000000e7280000,0x00000000e7280000)
  from space 196608K, 8% used [0x00000000e7280000,0x00000000e8320a90,0x00000000f3280000)
  to   space 194560K, 0% used [0x00000000f3f80000,0x00000000f3f80000,0x00000000ffd80000)
 ParOldGen       total 498176K, used 169146K [0x0000000080000000, 0x000000009e680000, 0x00000000d5580000)
  object space 498176K, 33% used [0x0000000080000000,0x000000008a52eb70,0x000000009e680000)
 Metaspace       used 147354K, capacity 154658K, committed 155480K, reserved 1185792K
  class space    used 18145K, capacity 19623K, committed 19840K, reserved 1048576K
Event: 2234.367 GC heap after
Heap after GC invocations=52 (full 6):
 PSYoungGen      total 493568K, used 28613K [0x00000000d5580000, 0x00000000ff500000, 0x0000000100000000)
  eden space 307712K, 0% used [0x00000000d5580000,0x00000000d5580000,0x00000000e8200000)
  from space 185856K, 15% used [0x00000000f3f80000,0x00000000f5b714e0,0x00000000ff500000)
  to   space 189952K, 0% used [0x00000000e8200000,0x00000000e8200000,0x00000000f3b80000)
 ParOldGen       total 498176K, used 183891K [0x0000000080000000, 0x000000009e680000, 0x00000000d5580000)
  object space 498176K, 36% used [0x0000000080000000,0x000000008b394c50,0x000000009e680000)
 Metaspace       used 147354K, capacity 154658K, committed 155480K, reserved 1185792K
  class space    used 18145K, capacity 19623K, committed 19840K, reserved 1048576K
}
Event: 2257.379 GC heap before
{Heap before GC invocations=53 (full 6):
 PSYoungGen      total 493568K, used 336325K [0x00000000d5580000, 0x00000000ff500000, 0x0000000100000000)
  eden space 307712K, 100% used [0x00000000d5580000,0x00000000e8200000,0x00000000e8200000)
  from space 185856K, 15% used [0x00000000f3f80000,0x00000000f5b714e0,0x00000000ff500000)
  to   space 189952K, 0% used [0x00000000e8200000,0x00000000e8200000,0x00000000f3b80000)
 ParOldGen       total 498176K, used 183891K [0x0000000080000000, 0x000000009e680000, 0x00000000d5580000)
  object space 498176K, 36% used [0x0000000080000000,0x000000008b394c50,0x000000009e680000)
 Metaspace       used 147747K, capacity 155166K, committed 155992K, reserved 1185792K
  class space    used 18180K, capacity 19641K, committed 19840K, reserved 1048576K

