# JRE version: OpenJDK Runtime Environment (8.0_242-b01) (build 1.8.0_242-release-1644-b01)
# Java VM: OpenJDK 64-Bit Server VM (25.242-b01 mixed mode windows-amd64 compressed oops)
Heap:
 PSYoungGen      total 465920K, used 378882K [0x00000000d5580000, 0x0000000100000000, 0x0000000100000000)
  eden space 232960K, 100% used [0x00000000d5580000,0x00000000e3900000,0x00000000e3900000)
  from space 232960K, 62% used [0x00000000e3900000,0x00000000ec780bf0,0x00000000f1c80000)
  to   space 232960K, 85% used [0x00000000f1c80000,0x00000000fdfb3e00,0x0000000100000000)
 ParOldGen       total 677888K, used 291928K [0x0000000080000000, 0x00000000a9600000, 0x00000000d5580000)
  object space 677888K, 43% used [0x0000000080000000,0x0000000091d16298,0x00000000a9600000)
 Metaspace       used 151243K, capacity 158564K, committed 159192K, reserved 1187840K
  class space    used 18411K, capacity 19884K, committed 19968K, reserved 1048576K
GC Heap History (10 events):
Event: 1258.668 GC heap after
Heap after GC invocations=46 (full 6):
 PSYoungGen      total 481280K, used 112774K [0x00000000d5580000, 0x0000000100000000, 0x0000000100000000)
  eden space 263680K, 0% used [0x00000000d5580000,0x00000000d5580000,0x00000000e5700000)
  from space 217600K, 51% used [0x00000000e5700000,0x00000000ec521a98,0x00000000f2b80000)
  to   space 208896K, 0% used [0x00000000f3400000,0x00000000f3400000,0x0000000100000000)
 ParOldGen       total 677888K, used 291904K [0x0000000080000000, 0x00000000a9600000, 0x00000000d5580000)
  object space 677888K, 43% used [0x0000000080000000,0x0000000091d10298,0x00000000a9600000)
 Metaspace       used 143382K, capacity 150488K, committed 151384K, reserved 1181696K
  class space    used 17504K, capacity 18954K, committed 19072K, reserved 1048576K
}
Event: 1260.054 GC heap before
{Heap before GC invocations=47 (full 6):
 PSYoungGen      total 481280K, used 376353K [0x00000000d5580000, 0x0000000100000000, 0x0000000100000000)
  eden space 263680K, 99% used [0x00000000d5580000,0x00000000e56e6a98,0x00000000e5700000)
  from space 217600K, 51% used [0x00000000e5700000,0x00000000ec521a98,0x00000000f2b80000)
  to   space 208896K, 0% used [0x00000000f3400000,0x00000000f3400000,0x0000000100000000)
 ParOldGen       total 677888K, used 291904K [0x0000000080000000, 0x00000000a9600000, 0x00000000d5580000)
  object space 677888K, 43% used [0x0000000080000000,0x0000000091d10298,0x00000000a9600000)
 Metaspace       used 143507K, capacity 150672K, committed 151384K, reserved 1181696K
  class space    used 17526K, capacity 18968K, committed 19072K, reserved 1048576K
Event: 1260.198 GC heap after
Heap after GC invocations=47 (full 6):
 PSYoungGen      total 478720K, used 142376K [0x00000000d5580000, 0x00000000ffd80000, 0x0000000100000000)
  eden space 272384K, 0% used [0x00000000d5580000,0x00000000d5580000,0x00000000e5f80000)
  from space 206336K, 69% used [0x00000000f3400000,0x00000000fbf0a258,0x00000000ffd80000)
  to   space 211968K, 0% used [0x00000000e5f80000,0x00000000e5f80000,0x00000000f2e80000)
 ParOldGen       total 677888K, used 291912K [0x0000000080000000, 0x00000000a9600000, 0x00000000d5580000)
  object space 677888K, 43% used [0x0000000080000000,0x0000000091d12298,0x00000000a9600000)
 Metaspace       used 143507K, capacity 150672K, committed 151384K, reserved 1181696K
  class space    used 17526K, capacity 18968K, committed 19072K, reserved 1048576K
}
Event: 1261.399 GC heap before
{Heap before GC invocations=48 (full 6):
 PSYoungGen      total 478720K, used 414760K [0x00000000d5580000, 0x00000000ffd80000, 0x0000000100000000)
  eden space 272384K, 100% used [0x00000000d5580000,0x00000000e5f80000,0x00000000e5f80000)
  from space 206336K, 69% used [0x00000000f3400000,0x00000000fbf0a258,0x00000000ffd80000)
  to   space 211968K, 0% used [0x00000000e5f80000,0x00000000e5f80000,0x00000000f2e80000)
 ParOldGen       total 677888K, used 291912K [0x0000000080000000, 0x00000000a9600000, 0x00000000d5580000)
  object space 677888K, 43% used [0x0000000080000000,0x0000000091d12298,0x00000000a9600000)
 Metaspace       used 143520K, capacity 150696K, committed 151384K, reserved 1181696K
  class space    used 17528K, capacity 18972K, committed 19072K, reserved 1048576K
Event: 1261.589 GC heap after
Heap after GC invocations=48 (full 6):
 PSYoungGen      total 444416K, used 171634K [0x00000000d5580000, 0x0000000100000000, 0x0000000100000000)
  eden space 272384K, 0% used [0x00000000d5580000,0x00000000d5580000,0x00000000e5f80000)
  from space 172032K, 99% used [0x00000000e5f80000,0x00000000f071ca30,0x00000000f0780000)
  to   space 224768K, 0% used [0x00000000f2480000,0x00000000f2480000,0x0000000100000000)
 ParOldGen       total 677888K, used 291912K [0x0000000080000000, 0x00000000a9600000, 0x00000000d5580000)
  object space 677888K, 43% used [0x0000000080000000,0x0000000091d12298,0x00000000a9600000)
 Metaspace       used 143520K, capacity 150696K, committed 151384K, reserved 1181696K
  class space    used 17528K, capacity 18972K, committed 19072K, reserved 1048576K
}
Event: 1262.713 GC heap before
{Heap before GC invocations=49 (full 6):
 PSYoungGen      total 444416K, used 443065K [0x00000000d5580000, 0x0000000100000000, 0x0000000100000000)
  eden space 272384K, 99% used [0x00000000d5580000,0x00000000e5e91d60,0x00000000e5f80000)
  from space 172032K, 99% used [0x00000000e5f80000,0x00000000f071ca30,0x00000000f0780000)
  to   space 224768K, 0% used [0x00000000f2480000,0x00000000f2480000,0x0000000100000000)
 ParOldGen       total 677888K, used 291912K [0x0000000080000000, 0x00000000a9600000, 0x00000000d5580000)
  object space 677888K, 43% used [0x0000000080000000,0x0000000091d12298,0x00000000a9600000)
 Metaspace       used 143527K, capacity 150696K, committed 151384K, reserved 1181696K
  class space    used 17528K, capacity 18972K, committed 19072K, reserved 1048576K
Event: 1262.892 GC heap after
Heap after GC invocations=49 (full 6):
 PSYoungGen      total 457728K, used 174617K [0x00000000d5580000, 0x0000000100000000, 0x0000000100000000)
  eden space 232960K, 0% used [0x00000000d5580000,0x00000000d5580000,0x00000000e3900000)
  from space 224768K, 77% used [0x00000000f2480000,0x00000000fcf06580,0x0000000100000000)
  to   space 232960K, 0% used [0x00000000e3900000,0x00000000e3900000,0x00000000f1c80000)
 ParOldGen       total 677888K, used 291912K [0x0000000080000000, 0x00000000a9600000, 0x00000000d5580000)
  object space 677888K, 43% used [0x0000000080000000,0x0000000091d12298,0x00000000a9600000)
 Metaspace       used 143527K, capacity 150696K, committed 151384K, reserved 1181696K
  class space    used 17528K, capacity 18972K, committed 19072K, reserved 1048576K
}
Event: 1274.165 GC heap before
{Heap before GC invocations=50 (full 6):
 PSYoungGen      total 457728K, used 407577K [0x00000000d5580000, 0x0000000100000000, 0x0000000100000000)
  eden space 232960K, 100% used [0x00000000d5580000,0x00000000e3900000,0x00000000e3900000)
  from space 224768K, 77% used [0x00000000f2480000,0x00000000fcf06580,0x0000000100000000)
  to   space 232960K, 0% used [0x00000000e3900000,0x00000000e3900000,0x00000000f1c80000)
 ParOldGen       total 677888K, used 291912K [0x0000000080000000, 0x00000000a9600000, 0x00000000d5580000)
  object space 677888K, 43% used [0x0000000080000000,0x0000000091d12298,0x00000000a9600000)
 Metaspace       used 143810K, capacity 151026K, committed 151768K, reserved 1181696K
  class space    used 17557K, capacity 19017K, committed 19200K, reserved 1048576K
Event: 1274.303 GC heap after
Heap after GC invocations=50 (full 6):
 PSYoungGen      total 465920K, used 145922K [0x00000000d5580000, 0x0000000100000000, 0x0000000100000000)
  eden space 232960K, 0% used [0x00000000d5580000,0x00000000d5580000,0x00000000e3900000)
  from space 232960K, 62% used [0x00000000e3900000,0x00000000ec780bf0,0x00000000f1c80000)
  to   space 232960K, 0% used [0x00000000f1c80000,0x00000000f1c80000,0x0000000100000000)
 ParOldGen       total 677888K, used 291920K [0x0000000080000000, 0x00000000a9600000, 0x00000000d5580000)
  object space 677888K, 43% used [0x0000000080000000,0x0000000091d14298,0x00000000a9600000)
 Metaspace       used 143810K, capacity 151026K, committed 151768K, reserved 1181696K
  class space    used 17557K, capacity 19017K, committed 19200K, reserved 1048576K
}
Event: 1275.746 GC heap before
{Heap before GC invocations=51 (full 6):
 PSYoungGen      total 465920K, used 378882K [0x00000000d5580000, 0x0000000100000000, 0x0000000100000000)
  eden space 232960K, 100% used [0x00000000d5580000,0x00000000e3900000,0x00000000e3900000)
  from space 232960K, 62% used [0x00000000e3900000,0x00000000ec780bf0,0x00000000f1c80000)
  to   space 232960K, 0% used [0x00000000f1c80000,0x00000000f1c80000,0x0000000100000000)
 ParOldGen       total 677888K, used 291920K [0x0000000080000000, 0x00000000a9600000, 0x00000000d5580000)
  object space 677888K, 43% used [0x0000000080000000,0x0000000091d14298,0x00000000a9600000)
 Metaspace       used 151243K, capacity 158564K, committed 159192K, reserved 1187840K
  class space    used 18411K, capacity 19884K, committed 19968K, reserved 1048576K

