# JRE version: OpenJDK Runtime Environment (8.0_242-b01) (build 1.8.0_242-release-1644-b01)
# Java VM: OpenJDK 64-Bit Server VM (25.242-b01 mixed mode windows-amd64 compressed oops)
Heap:
 PSYoungGen      total 452608K, used 129294K [0x00000000d5580000, 0x0000000100000000, 0x0000000100000000)
  eden space 235008K, 0% used [0x00000000d5580000,0x00000000d5580000,0x00000000e3b00000)
  from space 217600K, 59% used [0x00000000f2b80000,0x00000000fa9c3b90,0x0000000100000000)
  to   space 231936K, 0% used [0x00000000e3b00000,0x00000000e3b00000,0x00000000f1d80000)
 ParOldGen       total 772608K, used 670065K [0x0000000080000000, 0x00000000af280000, 0x00000000d5580000)
  object space 772608K, 86% used [0x0000000080000000,0x00000000a8e5c768,0x00000000af280000)
 Metaspace       used 136474K, capacity 143566K, committed 143832K, reserved 1175552K
  class space    used 16643K, capacity 18064K, committed 18176K, reserved 1048576K
GC Heap History (10 events):
Event: 2181.350 GC heap after
Heap after GC invocations=54 (full 6):
 PSYoungGen      total 530944K, used 9908K [0x00000000d5580000, 0x00000000ff500000, 0x0000000100000000)
  eden space 371712K, 0% used [0x00000000d5580000,0x00000000d5580000,0x00000000ec080000)
  from space 159232K, 6% used [0x00000000f5980000,0x00000000f632d108,0x00000000ff500000)
  to   space 156672K, 0% used [0x00000000ec080000,0x00000000ec080000,0x00000000f5980000)
 ParOldGen       total 772608K, used 502698K [0x0000000080000000, 0x00000000af280000, 0x00000000d5580000)
  object space 772608K, 65% used [0x0000000080000000,0x000000009eaeaad0,0x00000000af280000)
 Metaspace       used 136418K, capacity 143482K, committed 143832K, reserved 1175552K
  class space    used 16643K, capacity 18064K, committed 18176K, reserved 1048576K
}
Event: 2182.022 GC heap before
{Heap before GC invocations=55 (full 6):
 PSYoungGen      total 530944K, used 381620K [0x00000000d5580000, 0x00000000ff500000, 0x0000000100000000)
  eden space 371712K, 100% used [0x00000000d5580000,0x00000000ec080000,0x00000000ec080000)
  from space 159232K, 6% used [0x00000000f5980000,0x00000000f632d108,0x00000000ff500000)
  to   space 156672K, 0% used [0x00000000ec080000,0x00000000ec080000,0x00000000f5980000)
 ParOldGen       total 772608K, used 502698K [0x0000000080000000, 0x00000000af280000, 0x00000000d5580000)
  object space 772608K, 65% used [0x0000000080000000,0x000000009eaeaad0,0x00000000af280000)
 Metaspace       used 136440K, capacity 143558K, committed 143832K, reserved 1175552K
  class space    used 16643K, capacity 18064K, committed 18176K, reserved 1048576K
Event: 2182.039 GC heap after
Heap after GC invocations=55 (full 6):
 PSYoungGen      total 528384K, used 47836K [0x00000000d5580000, 0x00000000fe980000, 0x0000000100000000)
  eden space 371712K, 0% used [0x00000000d5580000,0x00000000d5580000,0x00000000ec080000)
  from space 156672K, 30% used [0x00000000ec080000,0x00000000eef37290,0x00000000f5980000)
  to   space 146432K, 0% used [0x00000000f5a80000,0x00000000f5a80000,0x00000000fe980000)
 ParOldGen       total 772608K, used 502706K [0x0000000080000000, 0x00000000af280000, 0x00000000d5580000)
  object space 772608K, 65% used [0x0000000080000000,0x000000009eaecad0,0x00000000af280000)
 Metaspace       used 136440K, capacity 143558K, committed 143832K, reserved 1175552K
  class space    used 16643K, capacity 18064K, committed 18176K, reserved 1048576K
}
Event: 2182.601 GC heap before
{Heap before GC invocations=56 (full 6):
 PSYoungGen      total 528384K, used 419548K [0x00000000d5580000, 0x00000000fe980000, 0x0000000100000000)
  eden space 371712K, 100% used [0x00000000d5580000,0x00000000ec080000,0x00000000ec080000)
  from space 156672K, 30% used [0x00000000ec080000,0x00000000eef37290,0x00000000f5980000)
  to   space 146432K, 0% used [0x00000000f5a80000,0x00000000f5a80000,0x00000000fe980000)
 ParOldGen       total 772608K, used 502706K [0x0000000080000000, 0x00000000af280000, 0x00000000d5580000)
  object space 772608K, 65% used [0x0000000080000000,0x000000009eaecad0,0x00000000af280000)
 Metaspace       used 136441K, capacity 143558K, committed 143832K, reserved 1175552K
  class space    used 16643K, capacity 18064K, committed 18176K, reserved 1048576K
Event: 2182.764 GC heap after
Heap after GC invocations=56 (full 6):
 PSYoungGen      total 451072K, used 146414K [0x00000000d5580000, 0x0000000100000000, 0x0000000100000000)
  eden space 304640K, 0% used [0x00000000d5580000,0x00000000d5580000,0x00000000e7f00000)
  from space 146432K, 99% used [0x00000000f5a80000,0x00000000fe97b8c0,0x00000000fe980000)
  to   space 197120K, 0% used [0x00000000e7f00000,0x00000000e7f00000,0x00000000f3f80000)
 ParOldGen       total 772608K, used 566094K [0x0000000080000000, 0x00000000af280000, 0x00000000d5580000)
  object space 772608K, 73% used [0x0000000080000000,0x00000000a28d38d0,0x00000000af280000)
 Metaspace       used 136441K, capacity 143558K, committed 143832K, reserved 1175552K
  class space    used 16643K, capacity 18064K, committed 18176K, reserved 1048576K
}
Event: 2183.439 GC heap before
{Heap before GC invocations=57 (full 6):
 PSYoungGen      total 451072K, used 451054K [0x00000000d5580000, 0x0000000100000000, 0x0000000100000000)
  eden space 304640K, 100% used [0x00000000d5580000,0x00000000e7f00000,0x00000000e7f00000)
  from space 146432K, 99% used [0x00000000f5a80000,0x00000000fe97b8c0,0x00000000fe980000)
  to   space 197120K, 0% used [0x00000000e7f00000,0x00000000e7f00000,0x00000000f3f80000)
 ParOldGen       total 772608K, used 566094K [0x0000000080000000, 0x00000000af280000, 0x00000000d5580000)
  object space 772608K, 73% used [0x0000000080000000,0x00000000a28d38d0,0x00000000af280000)
 Metaspace       used 136462K, capacity 143566K, committed 143832K, reserved 1175552K
  class space    used 16643K, capacity 18064K, committed 18176K, reserved 1048576K
Event: 2183.575 GC heap after
Heap after GC invocations=57 (full 6):
 PSYoungGen      total 481280K, used 176636K [0x00000000d5580000, 0x0000000100000000, 0x0000000100000000)
  eden space 304640K, 0% used [0x00000000d5580000,0x00000000d5580000,0x00000000e7f00000)
  from space 176640K, 99% used [0x00000000e7f00000,0x00000000f2b7f090,0x00000000f2b80000)
  to   space 217600K, 0% used [0x00000000f2b80000,0x00000000f2b80000,0x0000000100000000)
 ParOldGen       total 772608K, used 572826K [0x0000000080000000, 0x00000000af280000, 0x00000000d5580000)
  object space 772608K, 74% used [0x0000000080000000,0x00000000a2f66838,0x00000000af280000)
 Metaspace       used 136462K, capacity 143566K, committed 143832K, reserved 1175552K
  class space    used 16643K, capacity 18064K, committed 18176K, reserved 1048576K
}
Event: 2185.196 GC heap before
{Heap before GC invocations=58 (full 6):
 PSYoungGen      total 481280K, used 481276K [0x00000000d5580000, 0x0000000100000000, 0x0000000100000000)
  eden space 304640K, 100% used [0x00000000d5580000,0x00000000e7f00000,0x00000000e7f00000)
  from space 176640K, 99% used [0x00000000e7f00000,0x00000000f2b7f090,0x00000000f2b80000)
  to   space 217600K, 0% used [0x00000000f2b80000,0x00000000f2b80000,0x0000000100000000)
 ParOldGen       total 772608K, used 572826K [0x0000000080000000, 0x00000000af280000, 0x00000000d5580000)
  object space 772608K, 74% used [0x0000000080000000,0x00000000a2f66838,0x00000000af280000)
 Metaspace       used 136474K, capacity 143566K, committed 143832K, reserved 1175552K
  class space    used 16643K, capacity 18064K, committed 18176K, reserved 1048576K
Event: 2185.348 GC heap after
Heap after GC invocations=58 (full 6):
 PSYoungGen      total 452608K, used 129294K [0x00000000d5580000, 0x0000000100000000, 0x0000000100000000)
  eden space 235008K, 0% used [0x00000000d5580000,0x00000000d5580000,0x00000000e3b00000)
  from space 217600K, 59% used [0x00000000f2b80000,0x00000000fa9c3b90,0x0000000100000000)
  to   space 231936K, 0% used [0x00000000e3b00000,0x00000000e3b00000,0x00000000f1d80000)
 ParOldGen       total 772608K, used 670065K [0x0000000080000000, 0x00000000af280000, 0x00000000d5580000)
  object space 772608K, 86% used [0x0000000080000000,0x00000000a8e5c768,0x00000000af280000)
 Metaspace       used 136474K, capacity 143566K, committed 143832K, reserved 1175552K
  class space    used 16643K, capacity 18064K, committed 18176K, reserved 1048576K
}
Event: 2185.348 GC heap before
{Heap before GC invocations=59 (full 7):
 PSYoungGen      total 452608K, used 129294K [0x00000000d5580000, 0x0000000100000000, 0x0000000100000000)
  eden space 235008K, 0% used [0x00000000d5580000,0x00000000d5580000,0x00000000e3b00000)
  from space 217600K, 59% used [0x00000000f2b80000,0x00000000fa9c3b90,0x0000000100000000)
  to   space 231936K, 0% used [0x00000000e3b00000,0x00000000e3b00000,0x00000000f1d80000)
 ParOldGen       total 772608K, used 670065K [0x0000000080000000, 0x00000000af280000, 0x00000000d5580000)
  object space 772608K, 86% used [0x0000000080000000,0x00000000a8e5c768,0x00000000af280000)
 Metaspace       used 136474K, capacity 143566K, committed 143832K, reserved 1175552K
  class space    used 16643K, capacity 18064K, committed 18176K, reserved 1048576K

