# JRE version: OpenJDK Runtime Environment (8.0_242-b01) (build 1.8.0_242-release-1644-b01)
# Java VM: OpenJDK 64-Bit Server VM (25.242-b01 mixed mode windows-amd64 compressed oops)
Heap:
 PSYoungGen      total 397824K, used 26613K [0x00000000d5580000, 0x00000000fd900000, 0x0000000100000000)
  eden space 371200K, 0% used [0x00000000d5580000,0x00000000d5580000,0x00000000ec000000)
  from space 26624K, 99% used [0x00000000ec000000,0x00000000ed9fd490,0x00000000eda00000)
  to   space 143872K, 0% used [0x00000000f4c80000,0x00000000f4c80000,0x00000000fd900000)
 ParOldGen       total 445952K, used 145354K [0x0000000080000000, 0x000000009b380000, 0x00000000d5580000)
  object space 445952K, 32% used [0x0000000080000000,0x0000000088df2b00,0x000000009b380000)
 Metaspace       used 165065K, capacity 172115K, committed 172492K, reserved 1200128K
  class space    used 20296K, capacity 21646K, committed 21760K, reserved 1048576K
GC Heap History (10 events):
Event: 10679.493 GC heap after
Heap after GC invocations=44 (full 5):
 PSYoungGen      total 506368K, used 5664K [0x00000000d5580000, 0x0000000100000000, 0x0000000100000000)
  eden space 328192K, 0% used [0x00000000d5580000,0x00000000d5580000,0x00000000e9600000)
  from space 178176K, 3% used [0x00000000e9600000,0x00000000e9b88000,0x00000000f4400000)
  to   space 174080K, 0% used [0x00000000f5600000,0x00000000f5600000,0x0000000100000000)
 ParOldGen       total 445952K, used 145322K [0x0000000080000000, 0x000000009b380000, 0x00000000d5580000)
  object space 445952K, 32% used [0x0000000080000000,0x0000000088deab00,0x000000009b380000)
 Metaspace       used 159074K, capacity 165189K, committed 165452K, reserved 1193984K
  class space    used 19499K, capacity 20717K, committed 20864K, reserved 1048576K
}
Event: 10681.823 GC heap before
{Heap before GC invocations=45 (full 5):
 PSYoungGen      total 506368K, used 333856K [0x00000000d5580000, 0x0000000100000000, 0x0000000100000000)
  eden space 328192K, 100% used [0x00000000d5580000,0x00000000e9600000,0x00000000e9600000)
  from space 178176K, 3% used [0x00000000e9600000,0x00000000e9b88000,0x00000000f4400000)
  to   space 174080K, 0% used [0x00000000f5600000,0x00000000f5600000,0x0000000100000000)
 ParOldGen       total 445952K, used 145322K [0x0000000080000000, 0x000000009b380000, 0x00000000d5580000)
  object space 445952K, 32% used [0x0000000080000000,0x0000000088deab00,0x000000009b380000)
 Metaspace       used 159162K, capacity 165377K, committed 165708K, reserved 1193984K
  class space    used 19505K, capacity 20727K, committed 20864K, reserved 1048576K
Event: 10681.870 GC heap after
Heap after GC invocations=45 (full 5):
 PSYoungGen      total 502272K, used 16290K [0x00000000d5580000, 0x00000000fee00000, 0x0000000100000000)
  eden space 346624K, 0% used [0x00000000d5580000,0x00000000d5580000,0x00000000ea800000)
  from space 155648K, 10% used [0x00000000f5600000,0x00000000f65e8948,0x00000000fee00000)
  to   space 166912K, 0% used [0x00000000ea800000,0x00000000ea800000,0x00000000f4b00000)
 ParOldGen       total 445952K, used 145330K [0x0000000080000000, 0x000000009b380000, 0x00000000d5580000)
  object space 445952K, 32% used [0x0000000080000000,0x0000000088decb00,0x000000009b380000)
 Metaspace       used 159162K, capacity 165377K, committed 165708K, reserved 1193984K
  class space    used 19505K, capacity 20727K, committed 20864K, reserved 1048576K
}
Event: 14363.194 GC heap before
{Heap before GC invocations=46 (full 5):
 PSYoungGen      total 502272K, used 362914K [0x00000000d5580000, 0x00000000fee00000, 0x0000000100000000)
  eden space 346624K, 100% used [0x00000000d5580000,0x00000000ea800000,0x00000000ea800000)
  from space 155648K, 10% used [0x00000000f5600000,0x00000000f65e8948,0x00000000fee00000)
  to   space 166912K, 0% used [0x00000000ea800000,0x00000000ea800000,0x00000000f4b00000)
 ParOldGen       total 445952K, used 145330K [0x0000000080000000, 0x000000009b380000, 0x00000000d5580000)
  object space 445952K, 32% used [0x0000000080000000,0x0000000088decb00,0x000000009b380000)
 Metaspace       used 159601K, capacity 166129K, committed 166348K, reserved 1193984K
  class space    used 19563K, capacity 20831K, committed 20992K, reserved 1048576K
Event: 14363.308 GC heap after
Heap after GC invocations=46 (full 5):
 PSYoungGen      total 513536K, used 12784K [0x00000000d5580000, 0x00000000fff00000, 0x0000000100000000)
  eden space 346624K, 0% used [0x00000000d5580000,0x00000000d5580000,0x00000000ea800000)
  from space 166912K, 7% used [0x00000000ea800000,0x00000000eb47c010,0x00000000f4b00000)
  to   space 160768K, 0% used [0x00000000f6200000,0x00000000f6200000,0x00000000fff00000)
 ParOldGen       total 445952K, used 145338K [0x0000000080000000, 0x000000009b380000, 0x00000000d5580000)
  object space 445952K, 32% used [0x0000000080000000,0x0000000088deeb00,0x000000009b380000)
 Metaspace       used 159601K, capacity 166129K, committed 166348K, reserved 1193984K
  class space    used 19563K, capacity 20831K, committed 20992K, reserved 1048576K
}
Event: 14368.597 GC heap before
{Heap before GC invocations=47 (full 5):
 PSYoungGen      total 513536K, used 359408K [0x00000000d5580000, 0x00000000fff00000, 0x0000000100000000)
  eden space 346624K, 100% used [0x00000000d5580000,0x00000000ea800000,0x00000000ea800000)
  from space 166912K, 7% used [0x00000000ea800000,0x00000000eb47c010,0x00000000f4b00000)
  to   space 160768K, 0% used [0x00000000f6200000,0x00000000f6200000,0x00000000fff00000)
 ParOldGen       total 445952K, used 145338K [0x0000000080000000, 0x000000009b380000, 0x00000000d5580000)
  object space 445952K, 32% used [0x0000000080000000,0x0000000088deeb00,0x000000009b380000)
 Metaspace       used 162523K, capacity 169447K, committed 169548K, reserved 1198080K
  class space    used 19976K, capacity 21300K, committed 21376K, reserved 1048576K
Event: 14368.680 GC heap after
Heap after GC invocations=47 (full 5):
 PSYoungGen      total 510464K, used 19707K [0x00000000d5580000, 0x00000000fea00000, 0x0000000100000000)
  eden space 371200K, 0% used [0x00000000d5580000,0x00000000d5580000,0x00000000ec000000)
  from space 139264K, 14% used [0x00000000f6200000,0x00000000f753ed60,0x00000000fea00000)
  to   space 152576K, 0% used [0x00000000ec000000,0x00000000ec000000,0x00000000f5500000)
 ParOldGen       total 445952K, used 145346K [0x0000000080000000, 0x000000009b380000, 0x00000000d5580000)
  object space 445952K, 32% used [0x0000000080000000,0x0000000088df0b00,0x000000009b380000)
 Metaspace       used 162523K, capacity 169447K, committed 169548K, reserved 1198080K
  class space    used 19976K, capacity 21300K, committed 21376K, reserved 1048576K
}
Event: 14381.558 GC heap before
{Heap before GC invocations=48 (full 5):
 PSYoungGen      total 510464K, used 311719K [0x00000000d5580000, 0x00000000fea00000, 0x0000000100000000)
  eden space 371200K, 78% used [0x00000000d5580000,0x00000000e72ab120,0x00000000ec000000)
  from space 139264K, 14% used [0x00000000f6200000,0x00000000f753ed60,0x00000000fea00000)
  to   space 152576K, 0% used [0x00000000ec000000,0x00000000ec000000,0x00000000f5500000)
 ParOldGen       total 445952K, used 145346K [0x0000000080000000, 0x000000009b380000, 0x00000000d5580000)
  object space 445952K, 32% used [0x0000000080000000,0x0000000088df0b00,0x000000009b380000)
 Metaspace       used 165065K, capacity 172115K, committed 172492K, reserved 1200128K
  class space    used 20296K, capacity 21646K, committed 21760K, reserved 1048576K
Event: 14381.723 GC heap after
Heap after GC invocations=48 (full 5):
 PSYoungGen      total 397824K, used 26613K [0x00000000d5580000, 0x00000000fd900000, 0x0000000100000000)
  eden space 371200K, 0% used [0x00000000d5580000,0x00000000d5580000,0x00000000ec000000)
  from space 26624K, 99% used [0x00000000ec000000,0x00000000ed9fd490,0x00000000eda00000)
  to   space 143872K, 0% used [0x00000000f4c80000,0x00000000f4c80000,0x00000000fd900000)
 ParOldGen       total 445952K, used 145354K [0x0000000080000000, 0x000000009b380000, 0x00000000d5580000)
  object space 445952K, 32% used [0x0000000080000000,0x0000000088df2b00,0x000000009b380000)
 Metaspace       used 165065K, capacity 172115K, committed 172492K, reserved 1200128K
  class space    used 20296K, capacity 21646K, committed 21760K, reserved 1048576K
}
Event: 14381.723 GC heap before
{Heap before GC invocations=49 (full 6):
 PSYoungGen      total 397824K, used 26613K [0x00000000d5580000, 0x00000000fd900000, 0x0000000100000000)
  eden space 371200K, 0% used [0x00000000d5580000,0x00000000d5580000,0x00000000ec000000)
  from space 26624K, 99% used [0x00000000ec000000,0x00000000ed9fd490,0x00000000eda00000)
  to   space 143872K, 0% used [0x00000000f4c80000,0x00000000f4c80000,0x00000000fd900000)
 ParOldGen       total 445952K, used 145354K [0x0000000080000000, 0x000000009b380000, 0x00000000d5580000)
  object space 445952K, 32% used [0x0000000080000000,0x0000000088df2b00,0x000000009b380000)
 Metaspace       used 165065K, capacity 172115K, committed 172492K, reserved 1200128K
  class space    used 20296K, capacity 21646K, committed 21760K, reserved 1048576K

