# JRE version: OpenJDK Runtime Environment (8.0_242-b01) (build 1.8.0_242-release-1644-b01)
# Java VM: OpenJDK 64-Bit Server VM (25.242-b01 mixed mode windows-amd64 compressed oops)
Heap:
 PSYoungGen      total 293376K, used 41155K [0x00000000d5580000, 0x00000000ebc00000, 0x0000000100000000)
  eden space 259584K, 2% used [0x00000000d5580000,0x00000000d5cb3758,0x00000000e5300000)
  from space 33792K, 99% used [0x00000000e8180000,0x00000000ea27d618,0x00000000ea280000)
  to   space 47616K, 0% used [0x00000000e5300000,0x00000000e5300000,0x00000000e8180000)
 ParOldGen       total 218624K, used 73828K [0x0000000080000000, 0x000000008d580000, 0x00000000d5580000)
  object space 218624K, 33% used [0x0000000080000000,0x0000000084819200,0x000000008d580000)
 Metaspace       used 75611K, capacity 79488K, committed 79704K, reserved 1118208K
  class space    used 10031K, capacity 10860K, committed 10880K, reserved 1048576K
GC Heap History (10 events):
Event: 8.414 GC heap before
{Heap before GC invocations=13 (full 3):
 PSYoungGen      total 216576K, used 18420K [0x00000000d5580000, 0x00000000e6780000, 0x0000000100000000)
  eden space 198144K, 0% used [0x00000000d5580000,0x00000000d5580000,0x00000000e1700000)
  from space 18432K, 99% used [0x00000000e2c80000,0x00000000e3e7d320,0x00000000e3e80000)
  to   space 22016K, 0% used [0x00000000e1700000,0x00000000e1700000,0x00000000e2c80000)
 ParOldGen       total 140288K, used 33544K [0x0000000080000000, 0x0000000088900000, 0x00000000d5580000)
  object space 140288K, 23% used [0x0000000080000000,0x00000000820c2030,0x0000000088900000)
 Metaspace       used 56691K, capacity 59006K, committed 59028K, reserved 1099776K
  class space    used 7638K, capacity 8173K, committed 8192K, reserved 1048576K
Event: 8.698 GC heap after
Heap after GC invocations=13 (full 3):
 PSYoungGen      total 216576K, used 0K [0x00000000d5580000, 0x00000000e6780000, 0x0000000100000000)
  eden space 198144K, 0% used [0x00000000d5580000,0x00000000d5580000,0x00000000e1700000)
  from space 18432K, 0% used [0x00000000e2c80000,0x00000000e2c80000,0x00000000e3e80000)
  to   space 22016K, 0% used [0x00000000e1700000,0x00000000e1700000,0x00000000e2c80000)
 ParOldGen       total 218624K, used 38448K [0x0000000080000000, 0x000000008d580000, 0x00000000d5580000)
  object space 218624K, 17% used [0x0000000080000000,0x000000008258c030,0x000000008d580000)
 Metaspace       used 56654K, capacity 58880K, committed 59028K, reserved 1099776K
  class space    used 7626K, capacity 8152K, committed 8192K, reserved 1048576K
}
Event: 18.006 GC heap before
{Heap before GC invocations=14 (full 3):
 PSYoungGen      total 216576K, used 198144K [0x00000000d5580000, 0x00000000e6780000, 0x0000000100000000)
  eden space 198144K, 100% used [0x00000000d5580000,0x00000000e1700000,0x00000000e1700000)
  from space 18432K, 0% used [0x00000000e2c80000,0x00000000e2c80000,0x00000000e3e80000)
  to   space 22016K, 0% used [0x00000000e1700000,0x00000000e1700000,0x00000000e2c80000)
 ParOldGen       total 218624K, used 38448K [0x0000000080000000, 0x000000008d580000, 0x00000000d5580000)
  object space 218624K, 17% used [0x0000000080000000,0x000000008258c030,0x000000008d580000)
 Metaspace       used 66244K, capacity 69074K, committed 69208K, reserved 1110016K
  class space    used 8858K, capacity 9490K, committed 9600K, reserved 1048576K
Event: 18.026 GC heap after
Heap after GC invocations=14 (full 3):
 PSYoungGen      total 220160K, used 16939K [0x00000000d5580000, 0x00000000e6600000, 0x0000000100000000)
  eden space 198144K, 0% used [0x00000000d5580000,0x00000000d5580000,0x00000000e1700000)
  from space 22016K, 76% used [0x00000000e1700000,0x00000000e278ae68,0x00000000e2c80000)
  to   space 23040K, 0% used [0x00000000e4f80000,0x00000000e4f80000,0x00000000e6600000)
 ParOldGen       total 218624K, used 38456K [0x0000000080000000, 0x000000008d580000, 0x00000000d5580000)
  object space 218624K, 17% used [0x0000000080000000,0x000000008258e030,0x000000008d580000)
 Metaspace       used 66244K, capacity 69074K, committed 69208K, reserved 1110016K
  class space    used 8858K, capacity 9490K, committed 9600K, reserved 1048576K
}
Event: 19.666 GC heap before
{Heap before GC invocations=15 (full 3):
 PSYoungGen      total 220160K, used 215083K [0x00000000d5580000, 0x00000000e6600000, 0x0000000100000000)
  eden space 198144K, 100% used [0x00000000d5580000,0x00000000e1700000,0x00000000e1700000)
  from space 22016K, 76% used [0x00000000e1700000,0x00000000e278ae68,0x00000000e2c80000)
  to   space 23040K, 0% used [0x00000000e4f80000,0x00000000e4f80000,0x00000000e6600000)
 ParOldGen       total 218624K, used 38456K [0x0000000080000000, 0x000000008d580000, 0x00000000d5580000)
  object space 218624K, 17% used [0x0000000080000000,0x000000008258e030,0x000000008d580000)
 Metaspace       used 72558K, capacity 76238K, committed 76376K, reserved 1116160K
  class space    used 9741K, capacity 10499K, committed 10624K, reserved 1048576K
Event: 19.692 GC heap after
Heap after GC invocations=15 (full 3):
 PSYoungGen      total 251392K, used 23017K [0x00000000d5580000, 0x00000000e6f80000, 0x0000000100000000)
  eden space 228352K, 0% used [0x00000000d5580000,0x00000000d5580000,0x00000000e3480000)
  from space 23040K, 99% used [0x00000000e4f80000,0x00000000e65fa4c0,0x00000000e6600000)
  to   space 27648K, 0% used [0x00000000e3480000,0x00000000e3480000,0x00000000e4f80000)
 ParOldGen       total 218624K, used 42619K [0x0000000080000000, 0x000000008d580000, 0x00000000d5580000)
  object space 218624K, 19% used [0x0000000080000000,0x000000008299ef00,0x000000008d580000)
 Metaspace       used 72558K, capacity 76238K, committed 76376K, reserved 1116160K
  class space    used 9741K, capacity 10499K, committed 10624K, reserved 1048576K
}
Event: 20.811 GC heap before
{Heap before GC invocations=16 (full 3):
 PSYoungGen      total 251392K, used 251369K [0x00000000d5580000, 0x00000000e6f80000, 0x0000000100000000)
  eden space 228352K, 100% used [0x00000000d5580000,0x00000000e3480000,0x00000000e3480000)
  from space 23040K, 99% used [0x00000000e4f80000,0x00000000e65fa4c0,0x00000000e6600000)
  to   space 27648K, 0% used [0x00000000e3480000,0x00000000e3480000,0x00000000e4f80000)
 ParOldGen       total 218624K, used 42619K [0x0000000080000000, 0x000000008d580000, 0x00000000d5580000)
  object space 218624K, 19% used [0x0000000080000000,0x000000008299ef00,0x000000008d580000)
 Metaspace       used 74138K, capacity 77904K, committed 78040K, reserved 1116160K
  class space    used 9901K, capacity 10698K, committed 10752K, reserved 1048576K
Event: 20.840 GC heap after
Heap after GC invocations=16 (full 3):
 PSYoungGen      total 256000K, used 27625K [0x00000000d5580000, 0x00000000ea280000, 0x0000000100000000)
  eden space 228352K, 0% used [0x00000000d5580000,0x00000000d5580000,0x00000000e3480000)
  from space 27648K, 99% used [0x00000000e3480000,0x00000000e4f7a498,0x00000000e4f80000)
  to   space 33792K, 0% used [0x00000000e8180000,0x00000000e8180000,0x00000000ea280000)
 ParOldGen       total 218624K, used 49610K [0x0000000080000000, 0x000000008d580000, 0x00000000d5580000)
  object space 218624K, 22% used [0x0000000080000000,0x00000000830728b8,0x000000008d580000)
 Metaspace       used 74138K, capacity 77904K, committed 78040K, reserved 1116160K
  class space    used 9901K, capacity 10698K, committed 10752K, reserved 1048576K
}
Event: 22.882 GC heap before
{Heap before GC invocations=17 (full 3):
 PSYoungGen      total 256000K, used 255977K [0x00000000d5580000, 0x00000000ea280000, 0x0000000100000000)
  eden space 228352K, 100% used [0x00000000d5580000,0x00000000e3480000,0x00000000e3480000)
  from space 27648K, 99% used [0x00000000e3480000,0x00000000e4f7a498,0x00000000e4f80000)
  to   space 33792K, 0% used [0x00000000e8180000,0x00000000e8180000,0x00000000ea280000)
 ParOldGen       total 218624K, used 49610K [0x0000000080000000, 0x000000008d580000, 0x00000000d5580000)
  object space 218624K, 22% used [0x0000000080000000,0x00000000830728b8,0x000000008d580000)
 Metaspace       used 75491K, capacity 79320K, committed 79448K, reserved 1118208K
  class space    used 10017K, capacity 10816K, committed 10880K, reserved 1048576K
Event: 22.912 GC heap after
Heap after GC invocations=17 (full 3):
 PSYoungGen      total 293376K, used 33781K [0x00000000d5580000, 0x00000000ebc00000, 0x0000000100000000)
  eden space 259584K, 0% used [0x00000000d5580000,0x00000000d5580000,0x00000000e5300000)
  from space 33792K, 99% used [0x00000000e8180000,0x00000000ea27d618,0x00000000ea280000)
  to   space 47616K, 0% used [0x00000000e5300000,0x00000000e5300000,0x00000000e8180000)
 ParOldGen       total 218624K, used 73828K [0x0000000080000000, 0x000000008d580000, 0x00000000d5580000)
  object space 218624K, 33% used [0x0000000080000000,0x0000000084819200,0x000000008d580000)
 Metaspace       used 75491K, capacity 79320K, committed 79448K, reserved 1118208K
  class space    used 10017K, capacity 10816K, committed 10880K, reserved 1048576K
}

