# JRE version: OpenJDK Runtime Environment (8.0_242-b01) (build 1.8.0_242-release-1644-b01)
# Java VM: OpenJDK 64-Bit Server VM (25.242-b01 mixed mode windows-amd64 compressed oops)
Heap:
 PSYoungGen      total 510464K, used 410542K [0x00000000d5580000, 0x0000000100000000, 0x0000000100000000)
  eden space 322048K, 100% used [0x00000000d5580000,0x00000000e9000000,0x00000000e9000000)
  from space 188416K, 46% used [0x00000000e9000000,0x00000000ee66bb98,0x00000000f4800000)
  to   space 180736K, 54% used [0x00000000f4f80000,0x00000000fafe3ab8,0x0000000100000000)
 ParOldGen       total 515584K, used 415455K [0x0000000080000000, 0x000000009f780000, 0x00000000d5580000)
  object space 515584K, 80% used [0x0000000080000000,0x00000000995b7df8,0x000000009f780000)
 Metaspace       used 122829K, capacity 130542K, committed 130648K, reserved 1163264K
  class space    used 15331K, capacity 16704K, committed 16768K, reserved 1048576K
GC Heap History (10 events):
Event: 2421.315 GC heap after
Heap after GC invocations=39 (full 4):
 PSYoungGen      total 467968K, used 69516K [0x00000000d5580000, 0x00000000f8c80000, 0x0000000100000000)
  eden space 387072K, 0% used [0x00000000d5580000,0x00000000d5580000,0x00000000ecf80000)
  from space 80896K, 85% used [0x00000000ecf80000,0x00000000f1363230,0x00000000f1e80000)
  to   space 87040K, 0% used [0x00000000f3780000,0x00000000f3780000,0x00000000f8c80000)
 ParOldGen       total 515584K, used 283888K [0x0000000080000000, 0x000000009f780000, 0x00000000d5580000)
  object space 515584K, 55% used [0x0000000080000000,0x000000009153c390,0x000000009f780000)
 Metaspace       used 107656K, capacity 115192K, committed 115416K, reserved 1148928K
  class space    used 13739K, capacity 15011K, committed 15104K, reserved 1048576K
}
Event: 2422.275 GC heap before
{Heap before GC invocations=40 (full 4):
 PSYoungGen      total 467968K, used 456588K [0x00000000d5580000, 0x00000000f8c80000, 0x0000000100000000)
  eden space 387072K, 100% used [0x00000000d5580000,0x00000000ecf80000,0x00000000ecf80000)
  from space 80896K, 85% used [0x00000000ecf80000,0x00000000f1363230,0x00000000f1e80000)
  to   space 87040K, 0% used [0x00000000f3780000,0x00000000f3780000,0x00000000f8c80000)
 ParOldGen       total 515584K, used 283888K [0x0000000080000000, 0x000000009f780000, 0x00000000d5580000)
  object space 515584K, 55% used [0x0000000080000000,0x000000009153c390,0x000000009f780000)
 Metaspace       used 107677K, capacity 115196K, committed 115416K, reserved 1148928K
  class space    used 13740K, capacity 15011K, committed 15104K, reserved 1048576K
Event: 2422.470 GC heap after
Heap after GC invocations=40 (full 4):
 PSYoungGen      total 434176K, used 87018K [0x00000000d5580000, 0x0000000100000000, 0x0000000100000000)
  eden space 347136K, 0% used [0x00000000d5580000,0x00000000d5580000,0x00000000ea880000)
  from space 87040K, 99% used [0x00000000f3780000,0x00000000f8c7aa08,0x00000000f8c80000)
  to   space 146432K, 0% used [0x00000000ea880000,0x00000000ea880000,0x00000000f3780000)
 ParOldGen       total 515584K, used 414455K [0x0000000080000000, 0x000000009f780000, 0x00000000d5580000)
  object space 515584K, 80% used [0x0000000080000000,0x00000000994bddb8,0x000000009f780000)
 Metaspace       used 107677K, capacity 115196K, committed 115416K, reserved 1148928K
  class space    used 13740K, capacity 15011K, committed 15104K, reserved 1048576K
}
Event: 2424.178 GC heap before
{Heap before GC invocations=41 (full 4):
 PSYoungGen      total 434176K, used 434154K [0x00000000d5580000, 0x0000000100000000, 0x0000000100000000)
  eden space 347136K, 100% used [0x00000000d5580000,0x00000000ea880000,0x00000000ea880000)
  from space 87040K, 99% used [0x00000000f3780000,0x00000000f8c7aa08,0x00000000f8c80000)
  to   space 146432K, 0% used [0x00000000ea880000,0x00000000ea880000,0x00000000f3780000)
 ParOldGen       total 515584K, used 414455K [0x0000000080000000, 0x000000009f780000, 0x00000000d5580000)
  object space 515584K, 80% used [0x0000000080000000,0x00000000994bddb8,0x000000009f780000)
 Metaspace       used 107966K, capacity 115596K, committed 115800K, reserved 1150976K
  class space    used 13807K, capacity 15139K, committed 15232K, reserved 1048576K
Event: 2424.294 GC heap after
Heap after GC invocations=41 (full 4):
 PSYoungGen      total 493568K, used 132274K [0x00000000d5580000, 0x0000000100000000, 0x0000000100000000)
  eden space 347136K, 0% used [0x00000000d5580000,0x00000000d5580000,0x00000000ea880000)
  from space 146432K, 90% used [0x00000000ea880000,0x00000000f29aca30,0x00000000f3780000)
  to   space 163840K, 0% used [0x00000000f6000000,0x00000000f6000000,0x0000000100000000)
 ParOldGen       total 515584K, used 414759K [0x0000000080000000, 0x000000009f780000, 0x00000000d5580000)
  object space 515584K, 80% used [0x0000000080000000,0x0000000099509dc8,0x000000009f780000)
 Metaspace       used 107966K, capacity 115596K, committed 115800K, reserved 1150976K
  class space    used 13807K, capacity 15139K, committed 15232K, reserved 1048576K
}
Event: 2425.209 GC heap before
{Heap before GC invocations=42 (full 4):
 PSYoungGen      total 493568K, used 479410K [0x00000000d5580000, 0x0000000100000000, 0x0000000100000000)
  eden space 347136K, 100% used [0x00000000d5580000,0x00000000ea880000,0x00000000ea880000)
  from space 146432K, 90% used [0x00000000ea880000,0x00000000f29aca30,0x00000000f3780000)
  to   space 163840K, 0% used [0x00000000f6000000,0x00000000f6000000,0x0000000100000000)
 ParOldGen       total 515584K, used 414759K [0x0000000080000000, 0x000000009f780000, 0x00000000d5580000)
  object space 515584K, 80% used [0x0000000080000000,0x0000000099509dc8,0x000000009f780000)
 Metaspace       used 107986K, capacity 115596K, committed 115800K, reserved 1150976K
  class space    used 13807K, capacity 15139K, committed 15232K, reserved 1048576K
Event: 2425.335 GC heap after
Heap after GC invocations=42 (full 4):
 PSYoungGen      total 485888K, used 161529K [0x00000000d5580000, 0x0000000100000000, 0x0000000100000000)
  eden space 322048K, 0% used [0x00000000d5580000,0x00000000d5580000,0x00000000e9000000)
  from space 163840K, 98% used [0x00000000f6000000,0x00000000ffdbe700,0x0000000100000000)
  to   space 188416K, 0% used [0x00000000e9000000,0x00000000e9000000,0x00000000f4800000)
 ParOldGen       total 515584K, used 414951K [0x0000000080000000, 0x000000009f780000, 0x00000000d5580000)
  object space 515584K, 80% used [0x0000000080000000,0x0000000099539dd8,0x000000009f780000)
 Metaspace       used 107986K, capacity 115596K, committed 115800K, reserved 1150976K
  class space    used 13807K, capacity 15139K, committed 15232K, reserved 1048576K
}
Event: 2433.092 GC heap before
{Heap before GC invocations=43 (full 4):
 PSYoungGen      total 485888K, used 483577K [0x00000000d5580000, 0x0000000100000000, 0x0000000100000000)
  eden space 322048K, 100% used [0x00000000d5580000,0x00000000e9000000,0x00000000e9000000)
  from space 163840K, 98% used [0x00000000f6000000,0x00000000ffdbe700,0x0000000100000000)
  to   space 188416K, 0% used [0x00000000e9000000,0x00000000e9000000,0x00000000f4800000)
 ParOldGen       total 515584K, used 414951K [0x0000000080000000, 0x000000009f780000, 0x00000000d5580000)
  object space 515584K, 80% used [0x0000000080000000,0x0000000099539dd8,0x000000009f780000)
 Metaspace       used 108116K, capacity 115746K, committed 116056K, reserved 1150976K
  class space    used 13813K, capacity 15142K, committed 15232K, reserved 1048576K
Event: 2433.191 GC heap after
Heap after GC invocations=43 (full 4):
 PSYoungGen      total 510464K, used 88494K [0x00000000d5580000, 0x0000000100000000, 0x0000000100000000)
  eden space 322048K, 0% used [0x00000000d5580000,0x00000000d5580000,0x00000000e9000000)
  from space 188416K, 46% used [0x00000000e9000000,0x00000000ee66bb98,0x00000000f4800000)
  to   space 180736K, 0% used [0x00000000f4f80000,0x00000000f4f80000,0x0000000100000000)
 ParOldGen       total 515584K, used 415295K [0x0000000080000000, 0x000000009f780000, 0x00000000d5580000)
  object space 515584K, 80% used [0x0000000080000000,0x000000009958fde8,0x000000009f780000)
 Metaspace       used 108116K, capacity 115746K, committed 116056K, reserved 1150976K
  class space    used 13813K, capacity 15142K, committed 15232K, reserved 1048576K
}
Event: 2436.559 GC heap before
{Heap before GC invocations=44 (full 4):
 PSYoungGen      total 510464K, used 410542K [0x00000000d5580000, 0x0000000100000000, 0x0000000100000000)
  eden space 322048K, 100% used [0x00000000d5580000,0x00000000e9000000,0x00000000e9000000)
  from space 188416K, 46% used [0x00000000e9000000,0x00000000ee66bb98,0x00000000f4800000)
  to   space 180736K, 0% used [0x00000000f4f80000,0x00000000f4f80000,0x0000000100000000)
 ParOldGen       total 515584K, used 415295K [0x0000000080000000, 0x000000009f780000, 0x00000000d5580000)
  object space 515584K, 80% used [0x0000000080000000,0x000000009958fde8,0x000000009f780000)
 Metaspace       used 122829K, capacity 130542K, committed 130648K, reserved 1163264K
  class space    used 15331K, capacity 16704K, committed 16768K, reserved 1048576K

