# JRE version: OpenJDK Runtime Environment (8.0_242-b01) (build 1.8.0_242-release-1644-b01)
# Java VM: OpenJDK 64-Bit Server VM (25.242-b01 mixed mode windows-amd64 compressed oops)
Heap:
 PSYoungGen      total 296448K, used 296430K [0x00000000d5580000, 0x00000000f0300000, 0x0000000100000000)
  eden space 260608K, 100% used [0x00000000d5580000,0x00000000e5400000,0x00000000e5400000)
  from space 35840K, 99% used [0x00000000e5400000,0x00000000e76fb918,0x00000000e7700000)
  to   space 60416K, 99% used [0x00000000ec800000,0x00000000f02fc0c8,0x00000000f0300000)
 ParOldGen       total 222720K, used 135140K [0x0000000080000000, 0x000000008d980000, 0x00000000d5580000)
  object space 222720K, 60% used [0x0000000080000000,0x00000000883fd358,0x000000008d980000)
 Metaspace       used 78991K, capacity 83328K, committed 83416K, reserved 1120256K
  class space    used 10867K, capacity 11725K, committed 11776K, reserved 1048576K
GC Heap History (10 events):
Event: 10.568 GC heap after
Heap after GC invocations=14 (full 3):
 PSYoungGen      total 219136K, used 19810K [0x00000000d5580000, 0x00000000e6480000, 0x0000000100000000)
  eden space 197120K, 0% used [0x00000000d5580000,0x00000000d5580000,0x00000000e1600000)
  from space 22016K, 89% used [0x00000000e1600000,0x00000000e2958950,0x00000000e2b80000)
  to   space 24064K, 0% used [0x00000000e4d00000,0x00000000e4d00000,0x00000000e6480000)
 ParOldGen       total 222720K, used 39014K [0x0000000080000000, 0x000000008d980000, 0x00000000d5580000)
  object space 222720K, 17% used [0x0000000080000000,0x0000000082619970,0x000000008d980000)
 Metaspace       used 66663K, capacity 69528K, committed 69720K, reserved 1110016K
  class space    used 9175K, capacity 9839K, committed 9856K, reserved 1048576K
}
Event: 11.896 GC heap before
{Heap before GC invocations=15 (full 3):
 PSYoungGen      total 219136K, used 216930K [0x00000000d5580000, 0x00000000e6480000, 0x0000000100000000)
  eden space 197120K, 100% used [0x00000000d5580000,0x00000000e1600000,0x00000000e1600000)
  from space 22016K, 89% used [0x00000000e1600000,0x00000000e2958950,0x00000000e2b80000)
  to   space 24064K, 0% used [0x00000000e4d00000,0x00000000e4d00000,0x00000000e6480000)
 ParOldGen       total 222720K, used 39014K [0x0000000080000000, 0x000000008d980000, 0x00000000d5580000)
  object space 222720K, 17% used [0x0000000080000000,0x0000000082619970,0x000000008d980000)
 Metaspace       used 69204K, capacity 72920K, committed 73048K, reserved 1112064K
  class space    used 9496K, capacity 10281K, committed 10368K, reserved 1048576K
Event: 11.921 GC heap after
Heap after GC invocations=15 (full 3):
 PSYoungGen      total 248832K, used 24045K [0x00000000d5580000, 0x00000000e6d80000, 0x0000000100000000)
  eden space 224768K, 0% used [0x00000000d5580000,0x00000000d5580000,0x00000000e3100000)
  from space 24064K, 99% used [0x00000000e4d00000,0x00000000e647b4e0,0x00000000e6480000)
  to   space 28672K, 0% used [0x00000000e3100000,0x00000000e3100000,0x00000000e4d00000)
 ParOldGen       total 222720K, used 42817K [0x0000000080000000, 0x000000008d980000, 0x00000000d5580000)
  object space 222720K, 19% used [0x0000000080000000,0x00000000829d0430,0x000000008d980000)
 Metaspace       used 69204K, capacity 72920K, committed 73048K, reserved 1112064K
  class space    used 9496K, capacity 10281K, committed 10368K, reserved 1048576K
}
Event: 13.234 GC heap before
{Heap before GC invocations=16 (full 3):
 PSYoungGen      total 248832K, used 248813K [0x00000000d5580000, 0x00000000e6d80000, 0x0000000100000000)
  eden space 224768K, 100% used [0x00000000d5580000,0x00000000e3100000,0x00000000e3100000)
  from space 24064K, 99% used [0x00000000e4d00000,0x00000000e647b4e0,0x00000000e6480000)
  to   space 28672K, 0% used [0x00000000e3100000,0x00000000e3100000,0x00000000e4d00000)
 ParOldGen       total 222720K, used 42817K [0x0000000080000000, 0x000000008d980000, 0x00000000d5580000)
  object space 222720K, 19% used [0x0000000080000000,0x00000000829d0430,0x000000008d980000)
 Metaspace       used 71763K, capacity 75698K, committed 75864K, reserved 1114112K
  class space    used 9790K, capacity 10604K, committed 10624K, reserved 1048576K
Event: 13.260 GC heap after
Heap after GC invocations=16 (full 3):
 PSYoungGen      total 253440K, used 28668K [0x00000000d5580000, 0x00000000e9880000, 0x0000000100000000)
  eden space 224768K, 0% used [0x00000000d5580000,0x00000000d5580000,0x00000000e3100000)
  from space 28672K, 99% used [0x00000000e3100000,0x00000000e4cff2c8,0x00000000e4d00000)
  to   space 34304K, 0% used [0x00000000e7700000,0x00000000e7700000,0x00000000e9880000)
 ParOldGen       total 222720K, used 48285K [0x0000000080000000, 0x000000008d980000, 0x00000000d5580000)
  object space 222720K, 21% used [0x0000000080000000,0x0000000082f27450,0x000000008d980000)
 Metaspace       used 71763K, capacity 75698K, committed 75864K, reserved 1114112K
  class space    used 9790K, capacity 10604K, committed 10624K, reserved 1048576K
}
Event: 14.127 GC heap before
{Heap before GC invocations=17 (full 3):
 PSYoungGen      total 253440K, used 253436K [0x00000000d5580000, 0x00000000e9880000, 0x0000000100000000)
  eden space 224768K, 100% used [0x00000000d5580000,0x00000000e3100000,0x00000000e3100000)
  from space 28672K, 99% used [0x00000000e3100000,0x00000000e4cff2c8,0x00000000e4d00000)
  to   space 34304K, 0% used [0x00000000e7700000,0x00000000e7700000,0x00000000e9880000)
 ParOldGen       total 222720K, used 48285K [0x0000000080000000, 0x000000008d980000, 0x00000000d5580000)
  object space 222720K, 21% used [0x0000000080000000,0x0000000082f27450,0x000000008d980000)
 Metaspace       used 74345K, capacity 78292K, committed 78552K, reserved 1116160K
  class space    used 10118K, capacity 10901K, committed 11008K, reserved 1048576K
Event: 14.161 GC heap after
Heap after GC invocations=17 (full 3):
 PSYoungGen      total 294912K, used 24431K [0x00000000d5580000, 0x00000000ea200000, 0x0000000100000000)
  eden space 260608K, 0% used [0x00000000d5580000,0x00000000d5580000,0x00000000e5400000)
  from space 34304K, 71% used [0x00000000e7700000,0x00000000e8edbc00,0x00000000e9880000)
  to   space 35840K, 0% used [0x00000000e5400000,0x00000000e5400000,0x00000000e7700000)
 ParOldGen       total 222720K, used 66289K [0x0000000080000000, 0x000000008d980000, 0x00000000d5580000)
  object space 222720K, 29% used [0x0000000080000000,0x00000000840bc4e0,0x000000008d980000)
 Metaspace       used 74345K, capacity 78292K, committed 78552K, reserved 1116160K
  class space    used 10118K, capacity 10901K, committed 11008K, reserved 1048576K
}
Event: 14.940 GC heap before
{Heap before GC invocations=18 (full 3):
 PSYoungGen      total 294912K, used 285039K [0x00000000d5580000, 0x00000000ea200000, 0x0000000100000000)
  eden space 260608K, 100% used [0x00000000d5580000,0x00000000e5400000,0x00000000e5400000)
  from space 34304K, 71% used [0x00000000e7700000,0x00000000e8edbc00,0x00000000e9880000)
  to   space 35840K, 0% used [0x00000000e5400000,0x00000000e5400000,0x00000000e7700000)
 ParOldGen       total 222720K, used 66289K [0x0000000080000000, 0x000000008d980000, 0x00000000d5580000)
  object space 222720K, 29% used [0x0000000080000000,0x00000000840bc4e0,0x000000008d980000)
 Metaspace       used 76784K, capacity 80840K, committed 80984K, reserved 1118208K
  class space    used 10472K, capacity 11275K, committed 11392K, reserved 1048576K
Event: 14.977 GC heap after
Heap after GC invocations=18 (full 3):
 PSYoungGen      total 296448K, used 35822K [0x00000000d5580000, 0x00000000f0300000, 0x0000000100000000)
  eden space 260608K, 0% used [0x00000000d5580000,0x00000000d5580000,0x00000000e5400000)
  from space 35840K, 99% used [0x00000000e5400000,0x00000000e76fb918,0x00000000e7700000)
  to   space 60416K, 0% used [0x00000000ec800000,0x00000000ec800000,0x00000000f0300000)
 ParOldGen       total 222720K, used 119502K [0x0000000080000000, 0x000000008d980000, 0x00000000d5580000)
  object space 222720K, 53% used [0x0000000080000000,0x00000000874b3b20,0x000000008d980000)
 Metaspace       used 76784K, capacity 80840K, committed 80984K, reserved 1118208K
  class space    used 10472K, capacity 11275K, committed 11392K, reserved 1048576K
}
Event: 16.117 GC heap before
{Heap before GC invocations=19 (full 3):
 PSYoungGen      total 296448K, used 296430K [0x00000000d5580000, 0x00000000f0300000, 0x0000000100000000)
  eden space 260608K, 100% used [0x00000000d5580000,0x00000000e5400000,0x00000000e5400000)
  from space 35840K, 99% used [0x00000000e5400000,0x00000000e76fb918,0x00000000e7700000)
  to   space 60416K, 0% used [0x00000000ec800000,0x00000000ec800000,0x00000000f0300000)
 ParOldGen       total 222720K, used 119502K [0x0000000080000000, 0x000000008d980000, 0x00000000d5580000)
  object space 222720K, 53% used [0x0000000080000000,0x00000000874b3b20,0x000000008d980000)
 Metaspace       used 78991K, capacity 83328K, committed 83416K, reserved 1120256K
  class space    used 10867K, capacity 11725K, committed 11776K, reserved 1048576K

