# JRE version: OpenJDK Runtime Environment (8.0_242-b01) (build 1.8.0_242-release-1644-b01)
# Java VM: OpenJDK 64-Bit Server VM (25.242-b01 mixed mode windows-amd64 compressed oops)
Heap:
 PSYoungGen      total 465920K, used 98819K [0x00000000d5580000, 0x0000000100000000, 0x0000000100000000)
  eden space 232960K, 0% used [0x00000000d5580000,0x00000000d5580000,0x00000000e3900000)
  from space 232960K, 42% used [0x00000000e3900000,0x00000000e9980d58,0x00000000f1c80000)
  to   space 232960K, 0% used [0x00000000f1c80000,0x00000000f1c80000,0x0000000100000000)
 ParOldGen       total 569856K, used 555937K [0x0000000080000000, 0x00000000a2c80000, 0x00000000d5580000)
  object space 569856K, 97% used [0x0000000080000000,0x00000000a1ee8768,0x00000000a2c80000)
 Metaspace       used 165445K, capacity 173584K, committed 173900K, reserved 1200128K
  class space    used 21391K, capacity 23035K, committed 23168K, reserved 1048576K
GC Heap History (10 events):
Event: 2131.683 GC heap after
Heap after GC invocations=36 (full 5):
 PSYoungGen      total 465920K, used 232956K [0x00000000d5580000, 0x0000000100000000, 0x0000000100000000)
  eden space 232960K, 0% used [0x00000000d5580000,0x00000000d5580000,0x00000000e3900000)
  from space 232960K, 99% used [0x00000000e3900000,0x00000000f1c7f008,0x00000000f1c80000)
  to   space 232960K, 0% used [0x00000000f1c80000,0x00000000f1c80000,0x0000000100000000)
 ParOldGen       total 569856K, used 269619K [0x0000000080000000, 0x00000000a2c80000, 0x00000000d5580000)
  object space 569856K, 47% used [0x0000000080000000,0x000000009074cf88,0x00000000a2c80000)
 Metaspace       used 164615K, capacity 172606K, committed 173260K, reserved 1200128K
  class space    used 21320K, capacity 22950K, committed 23040K, reserved 1048576K
}
Event: 2132.435 GC heap before
{Heap before GC invocations=37 (full 5):
 PSYoungGen      total 465920K, used 465916K [0x00000000d5580000, 0x0000000100000000, 0x0000000100000000)
  eden space 232960K, 100% used [0x00000000d5580000,0x00000000e3900000,0x00000000e3900000)
  from space 232960K, 99% used [0x00000000e3900000,0x00000000f1c7f008,0x00000000f1c80000)
  to   space 232960K, 0% used [0x00000000f1c80000,0x00000000f1c80000,0x0000000100000000)
 ParOldGen       total 569856K, used 269619K [0x0000000080000000, 0x00000000a2c80000, 0x00000000d5580000)
  object space 569856K, 47% used [0x0000000080000000,0x000000009074cf88,0x00000000a2c80000)
 Metaspace       used 164837K, capacity 172888K, committed 173260K, reserved 1200128K
  class space    used 21342K, capacity 22965K, committed 23040K, reserved 1048576K
Event: 2132.686 GC heap after
Heap after GC invocations=37 (full 5):
 PSYoungGen      total 465920K, used 232939K [0x00000000d5580000, 0x0000000100000000, 0x0000000100000000)
  eden space 232960K, 0% used [0x00000000d5580000,0x00000000d5580000,0x00000000e3900000)
  from space 232960K, 99% used [0x00000000f1c80000,0x00000000ffffac30,0x0000000100000000)
  to   space 232960K, 0% used [0x00000000e3900000,0x00000000e3900000,0x00000000f1c80000)
 ParOldGen       total 569856K, used 324258K [0x0000000080000000, 0x00000000a2c80000, 0x00000000d5580000)
  object space 569856K, 56% used [0x0000000080000000,0x0000000093ca8bc8,0x00000000a2c80000)
 Metaspace       used 164837K, capacity 172888K, committed 173260K, reserved 1200128K
  class space    used 21342K, capacity 22965K, committed 23040K, reserved 1048576K
}
Event: 2133.592 GC heap before
{Heap before GC invocations=38 (full 5):
 PSYoungGen      total 465920K, used 465899K [0x00000000d5580000, 0x0000000100000000, 0x0000000100000000)
  eden space 232960K, 100% used [0x00000000d5580000,0x00000000e3900000,0x00000000e3900000)
  from space 232960K, 99% used [0x00000000f1c80000,0x00000000ffffac30,0x0000000100000000)
  to   space 232960K, 0% used [0x00000000e3900000,0x00000000e3900000,0x00000000f1c80000)
 ParOldGen       total 569856K, used 324258K [0x0000000080000000, 0x00000000a2c80000, 0x00000000d5580000)
  object space 569856K, 56% used [0x0000000080000000,0x0000000093ca8bc8,0x00000000a2c80000)
 Metaspace       used 165194K, capacity 173278K, committed 173644K, reserved 1200128K
  class space    used 21377K, capacity 23016K, committed 23168K, reserved 1048576K
Event: 2133.812 GC heap after
Heap after GC invocations=38 (full 5):
 PSYoungGen      total 465920K, used 232939K [0x00000000d5580000, 0x0000000100000000, 0x0000000100000000)
  eden space 232960K, 0% used [0x00000000d5580000,0x00000000d5580000,0x00000000e3900000)
  from space 232960K, 99% used [0x00000000e3900000,0x00000000f1c7ae68,0x00000000f1c80000)
  to   space 232960K, 0% used [0x00000000f1c80000,0x00000000f1c80000,0x0000000100000000)
 ParOldGen       total 569856K, used 351318K [0x0000000080000000, 0x00000000a2c80000, 0x00000000d5580000)
  object space 569856K, 61% used [0x0000000080000000,0x0000000095715b20,0x00000000a2c80000)
 Metaspace       used 165194K, capacity 173278K, committed 173644K, reserved 1200128K
  class space    used 21377K, capacity 23016K, committed 23168K, reserved 1048576K
}
Event: 2134.072 GC heap before
{Heap before GC invocations=39 (full 5):
 PSYoungGen      total 465920K, used 465667K [0x00000000d5580000, 0x0000000100000000, 0x0000000100000000)
  eden space 232960K, 99% used [0x00000000d5580000,0x00000000e38c6028,0x00000000e3900000)
  from space 232960K, 99% used [0x00000000e3900000,0x00000000f1c7ae68,0x00000000f1c80000)
  to   space 232960K, 0% used [0x00000000f1c80000,0x00000000f1c80000,0x0000000100000000)
 ParOldGen       total 569856K, used 351318K [0x0000000080000000, 0x00000000a2c80000, 0x00000000d5580000)
  object space 569856K, 61% used [0x0000000080000000,0x0000000095715b20,0x00000000a2c80000)
 Metaspace       used 165275K, capacity 173360K, committed 173900K, reserved 1200128K
  class space    used 21380K, capacity 23019K, committed 23168K, reserved 1048576K
Event: 2134.309 GC heap after
Heap after GC invocations=39 (full 5):
 PSYoungGen      total 465920K, used 232952K [0x00000000d5580000, 0x0000000100000000, 0x0000000100000000)
  eden space 232960K, 0% used [0x00000000d5580000,0x00000000d5580000,0x00000000e3900000)
  from space 232960K, 99% used [0x00000000f1c80000,0x00000000ffffe048,0x0000000100000000)
  to   space 232960K, 0% used [0x00000000e3900000,0x00000000e3900000,0x00000000f1c80000)
 ParOldGen       total 569856K, used 377948K [0x0000000080000000, 0x00000000a2c80000, 0x00000000d5580000)
  object space 569856K, 66% used [0x0000000080000000,0x00000000971173a8,0x00000000a2c80000)
 Metaspace       used 165275K, capacity 173360K, committed 173900K, reserved 1200128K
  class space    used 21380K, capacity 23019K, committed 23168K, reserved 1048576K
}
Event: 2135.134 GC heap before
{Heap before GC invocations=40 (full 5):
 PSYoungGen      total 465920K, used 465912K [0x00000000d5580000, 0x0000000100000000, 0x0000000100000000)
  eden space 232960K, 100% used [0x00000000d5580000,0x00000000e3900000,0x00000000e3900000)
  from space 232960K, 99% used [0x00000000f1c80000,0x00000000ffffe048,0x0000000100000000)
  to   space 232960K, 0% used [0x00000000e3900000,0x00000000e3900000,0x00000000f1c80000)
 ParOldGen       total 569856K, used 377948K [0x0000000080000000, 0x00000000a2c80000, 0x00000000d5580000)
  object space 569856K, 66% used [0x0000000080000000,0x00000000971173a8,0x00000000a2c80000)
 Metaspace       used 165445K, capacity 173584K, committed 173900K, reserved 1200128K
  class space    used 21391K, capacity 23035K, committed 23168K, reserved 1048576K
Event: 2135.410 GC heap after
Heap after GC invocations=40 (full 5):
 PSYoungGen      total 465920K, used 98819K [0x00000000d5580000, 0x0000000100000000, 0x0000000100000000)
  eden space 232960K, 0% used [0x00000000d5580000,0x00000000d5580000,0x00000000e3900000)
  from space 232960K, 42% used [0x00000000e3900000,0x00000000e9980d58,0x00000000f1c80000)
  to   space 232960K, 0% used [0x00000000f1c80000,0x00000000f1c80000,0x0000000100000000)
 ParOldGen       total 569856K, used 555937K [0x0000000080000000, 0x00000000a2c80000, 0x00000000d5580000)
  object space 569856K, 97% used [0x0000000080000000,0x00000000a1ee8768,0x00000000a2c80000)
 Metaspace       used 165445K, capacity 173584K, committed 173900K, reserved 1200128K
  class space    used 21391K, capacity 23035K, committed 23168K, reserved 1048576K
}
Event: 2135.410 GC heap before
{Heap before GC invocations=41 (full 6):
 PSYoungGen      total 465920K, used 98819K [0x00000000d5580000, 0x0000000100000000, 0x0000000100000000)
  eden space 232960K, 0% used [0x00000000d5580000,0x00000000d5580000,0x00000000e3900000)
  from space 232960K, 42% used [0x00000000e3900000,0x00000000e9980d58,0x00000000f1c80000)
  to   space 232960K, 0% used [0x00000000f1c80000,0x00000000f1c80000,0x0000000100000000)
 ParOldGen       total 569856K, used 555937K [0x0000000080000000, 0x00000000a2c80000, 0x00000000d5580000)
  object space 569856K, 97% used [0x0000000080000000,0x00000000a1ee8768,0x00000000a2c80000)
 Metaspace       used 165445K, capacity 173584K, committed 173900K, reserved 1200128K
  class space    used 21391K, capacity 23035K, committed 23168K, reserved 1048576K

