# JRE version: OpenJDK Runtime Environment (8.0_242-b01) (build 1.8.0_242-release-1644-b01)
# Java VM: OpenJDK 64-Bit Server VM (25.242-b01 mixed mode windows-amd64 compressed oops)
Heap:
 PSYoungGen      total 531968K, used 70896K [0x00000000d5580000, 0x0000000100000000, 0x0000000100000000)
  eden space 378880K, 8% used [0x00000000d5580000,0x00000000d7611b58,0x00000000ec780000)
  from space 153088K, 24% used [0x00000000f5580000,0x00000000f7a2a788,0x00000000feb00000)
  to   space 145408K, 0% used [0x00000000ec780000,0x00000000ec780000,0x00000000f5580000)
 ParOldGen       total 847360K, used 387112K [0x0000000080000000, 0x00000000b3b80000, 0x00000000d5580000)
  object space 847360K, 45% used [0x0000000080000000,0x0000000097a0a128,0x00000000b3b80000)
 Metaspace       used 150379K, capacity 159364K, committed 159436K, reserved 1187840K
  class space    used 18659K, capacity 20443K, committed 20468K, reserved 1048576K
GC Heap History (10 events):
Event: 1524.161 GC heap before
{Heap before GC invocations=72 (full 7):
 PSYoungGen      total 537088K, used 456481K [0x00000000d5580000, 0x0000000100000000, 0x0000000100000000)
  eden space 377344K, 100% used [0x00000000d5580000,0x00000000ec600000,0x00000000ec600000)
  from space 159744K, 49% used [0x00000000f6400000,0x00000000fb1487e0,0x0000000100000000)
  to   space 160768K, 0% used [0x00000000ec600000,0x00000000ec600000,0x00000000f6300000)
 ParOldGen       total 836608K, used 562951K [0x0000000080000000, 0x00000000b3100000, 0x00000000d5580000)
  object space 836608K, 67% used [0x0000000080000000,0x00000000a25c1f38,0x00000000b3100000)
 Metaspace       used 150363K, capacity 159358K, committed 159436K, reserved 1187840K
  class space    used 18658K, capacity 20442K, committed 20468K, reserved 1048576K
Event: 1524.327 GC heap after
Heap after GC invocations=72 (full 7):
 PSYoungGen      total 474624K, used 97099K [0x00000000d5580000, 0x0000000100000000, 0x0000000100000000)
  eden space 377344K, 0% used [0x00000000d5580000,0x00000000d5580000,0x00000000ec600000)
  from space 97280K, 99% used [0x00000000ec600000,0x00000000f24d2df8,0x00000000f2500000)
  to   space 166912K, 0% used [0x00000000f5d00000,0x00000000f5d00000,0x0000000100000000)
 ParOldGen       total 836608K, used 636056K [0x0000000080000000, 0x00000000b3100000, 0x00000000d5580000)
  object space 836608K, 76% used [0x0000000080000000,0x00000000a6d26348,0x00000000b3100000)
 Metaspace       used 150363K, capacity 159358K, committed 159436K, reserved 1187840K
  class space    used 18658K, capacity 20442K, committed 20468K, reserved 1048576K
}
Event: 1525.209 GC heap before
{Heap before GC invocations=73 (full 7):
 PSYoungGen      total 474624K, used 474443K [0x00000000d5580000, 0x0000000100000000, 0x0000000100000000)
  eden space 377344K, 100% used [0x00000000d5580000,0x00000000ec600000,0x00000000ec600000)
  from space 97280K, 99% used [0x00000000ec600000,0x00000000f24d2df8,0x00000000f2500000)
  to   space 166912K, 0% used [0x00000000f5d00000,0x00000000f5d00000,0x0000000100000000)
 ParOldGen       total 836608K, used 636056K [0x0000000080000000, 0x00000000b3100000, 0x00000000d5580000)
  object space 836608K, 76% used [0x0000000080000000,0x00000000a6d26348,0x00000000b3100000)
 Metaspace       used 150369K, capacity 159358K, committed 159436K, reserved 1187840K
  class space    used 18658K, capacity 20442K, committed 20468K, reserved 1048576K
Event: 1525.303 GC heap after
Heap after GC invocations=73 (full 7):
 PSYoungGen      total 538112K, used 26093K [0x00000000d5580000, 0x0000000100000000, 0x0000000100000000)
  eden space 371200K, 0% used [0x00000000d5580000,0x00000000d5580000,0x00000000ec000000)
  from space 166912K, 15% used [0x00000000f5d00000,0x00000000f767b538,0x0000000100000000)
  to   space 160768K, 0% used [0x00000000ec000000,0x00000000ec000000,0x00000000f5d00000)
 ParOldGen       total 836608K, used 726766K [0x0000000080000000, 0x00000000b3100000, 0x00000000d5580000)
  object space 836608K, 86% used [0x0000000080000000,0x00000000ac5bba78,0x00000000b3100000)
 Metaspace       used 150369K, capacity 159358K, committed 159436K, reserved 1187840K
  class space    used 18658K, capacity 20442K, committed 20468K, reserved 1048576K
}
Event: 1525.304 GC heap before
{Heap before GC invocations=74 (full 8):
 PSYoungGen      total 538112K, used 26093K [0x00000000d5580000, 0x0000000100000000, 0x0000000100000000)
  eden space 371200K, 0% used [0x00000000d5580000,0x00000000d5580000,0x00000000ec000000)
  from space 166912K, 15% used [0x00000000f5d00000,0x00000000f767b538,0x0000000100000000)
  to   space 160768K, 0% used [0x00000000ec000000,0x00000000ec000000,0x00000000f5d00000)
 ParOldGen       total 836608K, used 726766K [0x0000000080000000, 0x00000000b3100000, 0x00000000d5580000)
  object space 836608K, 86% used [0x0000000080000000,0x00000000ac5bba78,0x00000000b3100000)
 Metaspace       used 150369K, capacity 159358K, committed 159436K, reserved 1187840K
  class space    used 18658K, capacity 20442K, committed 20468K, reserved 1048576K
Event: 1526.385 GC heap after
Heap after GC invocations=74 (full 8):
 PSYoungGen      total 538112K, used 0K [0x00000000d5580000, 0x0000000100000000, 0x0000000100000000)
  eden space 371200K, 0% used [0x00000000d5580000,0x00000000d5580000,0x00000000ec000000)
  from space 166912K, 0% used [0x00000000f5d00000,0x00000000f5d00000,0x0000000100000000)
  to   space 160768K, 0% used [0x00000000ec000000,0x00000000ec000000,0x00000000f5d00000)
 ParOldGen       total 847360K, used 363400K [0x0000000080000000, 0x00000000b3b80000, 0x00000000d5580000)
  object space 847360K, 42% used [0x0000000080000000,0x00000000962e2000,0x00000000b3b80000)
 Metaspace       used 150369K, capacity 159358K, committed 159436K, reserved 1187840K
  class space    used 18658K, capacity 20442K, committed 20468K, reserved 1048576K
}
Event: 1527.528 GC heap before
{Heap before GC invocations=75 (full 8):
 PSYoungGen      total 538112K, used 371146K [0x00000000d5580000, 0x0000000100000000, 0x0000000100000000)
  eden space 371200K, 99% used [0x00000000d5580000,0x00000000ebff29f0,0x00000000ec000000)
  from space 166912K, 0% used [0x00000000f5d00000,0x00000000f5d00000,0x0000000100000000)
  to   space 160768K, 0% used [0x00000000ec000000,0x00000000ec000000,0x00000000f5d00000)
 ParOldGen       total 847360K, used 363400K [0x0000000080000000, 0x00000000b3b80000, 0x00000000d5580000)
  object space 847360K, 42% used [0x0000000080000000,0x00000000962e2000,0x00000000b3b80000)
 Metaspace       used 150376K, capacity 159364K, committed 159436K, reserved 1187840K
  class space    used 18659K, capacity 20443K, committed 20468K, reserved 1048576K
Event: 1527.566 GC heap after
Heap after GC invocations=75 (full 8):
 PSYoungGen      total 431616K, used 60373K [0x00000000d5580000, 0x00000000feb00000, 0x0000000100000000)
  eden space 371200K, 0% used [0x00000000d5580000,0x00000000d5580000,0x00000000ec000000)
  from space 60416K, 99% used [0x00000000ec000000,0x00000000efaf5790,0x00000000efb00000)
  to   space 153088K, 0% used [0x00000000f5580000,0x00000000f5580000,0x00000000feb00000)
 ParOldGen       total 847360K, used 363400K [0x0000000080000000, 0x00000000b3b80000, 0x00000000d5580000)
  object space 847360K, 42% used [0x0000000080000000,0x00000000962e2000,0x00000000b3b80000)
 Metaspace       used 150376K, capacity 159364K, committed 159436K, reserved 1187840K
  class space    used 18659K, capacity 20443K, committed 20468K, reserved 1048576K
}
Event: 1528.143 GC heap before
{Heap before GC invocations=76 (full 8):
 PSYoungGen      total 431616K, used 431573K [0x00000000d5580000, 0x00000000feb00000, 0x0000000100000000)
  eden space 371200K, 100% used [0x00000000d5580000,0x00000000ec000000,0x00000000ec000000)
  from space 60416K, 99% used [0x00000000ec000000,0x00000000efaf5790,0x00000000efb00000)
  to   space 153088K, 0% used [0x00000000f5580000,0x00000000f5580000,0x00000000feb00000)
 ParOldGen       total 847360K, used 363400K [0x0000000080000000, 0x00000000b3b80000, 0x00000000d5580000)
  object space 847360K, 42% used [0x0000000080000000,0x00000000962e2000,0x00000000b3b80000)
 Metaspace       used 150379K, capacity 159364K, committed 159436K, reserved 1187840K
  class space    used 18659K, capacity 20443K, committed 20468K, reserved 1048576K
Event: 1528.170 GC heap after
Heap after GC invocations=76 (full 8):
 PSYoungGen      total 531968K, used 37545K [0x00000000d5580000, 0x0000000100000000, 0x0000000100000000)
  eden space 378880K, 0% used [0x00000000d5580000,0x00000000d5580000,0x00000000ec780000)
  from space 153088K, 24% used [0x00000000f5580000,0x00000000f7a2a788,0x00000000feb00000)
  to   space 145408K, 0% used [0x00000000ec780000,0x00000000ec780000,0x00000000f5580000)
 ParOldGen       total 847360K, used 387112K [0x0000000080000000, 0x00000000b3b80000, 0x00000000d5580000)
  object space 847360K, 45% used [0x0000000080000000,0x0000000097a0a128,0x00000000b3b80000)
 Metaspace       used 150379K, capacity 159364K, committed 159436K, reserved 1187840K
  class space    used 18659K, capacity 20443K, committed 20468K, reserved 1048576K
}

