# JRE version: OpenJDK Runtime Environment (8.0_242-b01) (build 1.8.0_242-release-1644-b01)
# Java VM: OpenJDK 64-Bit Server VM (25.242-b01 mixed mode windows-amd64 compressed oops)
Heap:
 PSYoungGen      total 510464K, used 203451K [0x00000000d5580000, 0x00000000ffd80000, 0x0000000100000000)
  eden space 336896K, 54% used [0x00000000d5580000,0x00000000e09c8520,0x00000000e9e80000)
  from space 173568K, 10% used [0x00000000e9e80000,0x00000000eb0e6830,0x00000000f4800000)
  to   space 167936K, 0% used [0x00000000f5980000,0x00000000f5980000,0x00000000ffd80000)
 ParOldGen       total 658432K, used 387068K [0x0000000080000000, 0x00000000a8300000, 0x00000000d5580000)
  object space 658432K, 58% used [0x0000000080000000,0x00000000979ff0d8,0x00000000a8300000)
 Metaspace       used 180672K, capacity 189632K, committed 189784K, reserved 1216512K
  class space    used 21465K, capacity 23142K, committed 23168K, reserved 1048576K
GC Heap History (10 events):
Event: 1872.958 GC heap before
{Heap before GC invocations=131 (full 11):
 PSYoungGen      total 555008K, used 508133K [0x00000000d5580000, 0x0000000100000000, 0x0000000100000000)
  eden space 429568K, 100% used [0x00000000d5580000,0x00000000ef900000,0x00000000ef900000)
  from space 125440K, 62% used [0x00000000f7900000,0x00000000fc5b9738,0x00000000ff380000)
  to   space 131072K, 0% used [0x00000000ef900000,0x00000000ef900000,0x00000000f7900000)
 ParOldGen       total 658432K, used 214675K [0x0000000080000000, 0x00000000a8300000, 0x00000000d5580000)
  object space 658432K, 32% used [0x0000000080000000,0x000000008d1a4e38,0x00000000a8300000)
 Metaspace       used 171678K, capacity 180364K, committed 180568K, reserved 1208320K
  class space    used 20467K, capacity 22082K, committed 22144K, reserved 1048576K
Event: 1873.230 GC heap after
Heap after GC invocations=131 (full 11):
 PSYoungGen      total 560640K, used 131064K [0x00000000d5580000, 0x0000000100000000, 0x0000000100000000)
  eden space 429568K, 0% used [0x00000000d5580000,0x00000000d5580000,0x00000000ef900000)
  from space 131072K, 99% used [0x00000000ef900000,0x00000000f78fe380,0x00000000f7900000)
  to   space 138240K, 0% used [0x00000000f7900000,0x00000000f7900000,0x0000000100000000)
 ParOldGen       total 658432K, used 301715K [0x0000000080000000, 0x00000000a8300000, 0x00000000d5580000)
  object space 658432K, 45% used [0x0000000080000000,0x00000000926a4c68,0x00000000a8300000)
 Metaspace       used 171678K, capacity 180364K, committed 180568K, reserved 1208320K
  class space    used 20467K, capacity 22082K, committed 22144K, reserved 1048576K
}
Event: 1882.548 GC heap before
{Heap before GC invocations=132 (full 11):
 PSYoungGen      total 560640K, used 560632K [0x00000000d5580000, 0x0000000100000000, 0x0000000100000000)
  eden space 429568K, 100% used [0x00000000d5580000,0x00000000ef900000,0x00000000ef900000)
  from space 131072K, 99% used [0x00000000ef900000,0x00000000f78fe380,0x00000000f7900000)
  to   space 138240K, 0% used [0x00000000f7900000,0x00000000f7900000,0x0000000100000000)
 ParOldGen       total 658432K, used 301715K [0x0000000080000000, 0x00000000a8300000, 0x00000000d5580000)
  object space 658432K, 45% used [0x0000000080000000,0x00000000926a4c68,0x00000000a8300000)
 Metaspace       used 172067K, capacity 180768K, committed 180952K, reserved 1208320K
  class space    used 20510K, capacity 22156K, committed 22272K, reserved 1048576K
Event: 1882.634 GC heap after
Heap after GC invocations=132 (full 11):
 PSYoungGen      total 472576K, used 15466K [0x00000000d5580000, 0x0000000100000000, 0x0000000100000000)
  eden space 334336K, 0% used [0x00000000d5580000,0x00000000d5580000,0x00000000e9c00000)
  from space 138240K, 11% used [0x00000000f7900000,0x00000000f881aa30,0x0000000100000000)
  to   space 182272K, 0% used [0x00000000e9c00000,0x00000000e9c00000,0x00000000f4e00000)
 ParOldGen       total 658432K, used 326009K [0x0000000080000000, 0x00000000a8300000, 0x00000000d5580000)
  object space 658432K, 49% used [0x0000000080000000,0x0000000093e5e6e0,0x00000000a8300000)
 Metaspace       used 172067K, capacity 180768K, committed 180952K, reserved 1208320K
  class space    used 20510K, capacity 22156K, committed 22272K, reserved 1048576K
}
Event: 1885.297 GC heap before
{Heap before GC invocations=133 (full 11):
 PSYoungGen      total 472576K, used 349802K [0x00000000d5580000, 0x0000000100000000, 0x0000000100000000)
  eden space 334336K, 100% used [0x00000000d5580000,0x00000000e9c00000,0x00000000e9c00000)
  from space 138240K, 11% used [0x00000000f7900000,0x00000000f881aa30,0x0000000100000000)
  to   space 182272K, 0% used [0x00000000e9c00000,0x00000000e9c00000,0x00000000f4e00000)
 ParOldGen       total 658432K, used 326009K [0x0000000080000000, 0x00000000a8300000, 0x00000000d5580000)
  object space 658432K, 49% used [0x0000000080000000,0x0000000093e5e6e0,0x00000000a8300000)
 Metaspace       used 180111K, capacity 188930K, committed 189016K, reserved 1214464K
  class space    used 21427K, capacity 23095K, committed 23168K, reserved 1048576K
Event: 1885.385 GC heap after
Heap after GC invocations=133 (full 11):
 PSYoungGen      total 516608K, used 82827K [0x00000000d5580000, 0x0000000100000000, 0x0000000100000000)
  eden space 334336K, 0% used [0x00000000d5580000,0x00000000d5580000,0x00000000e9c00000)
  from space 182272K, 45% used [0x00000000e9c00000,0x00000000eece2cf8,0x00000000f4e00000)
  to   space 179712K, 0% used [0x00000000f5080000,0x00000000f5080000,0x0000000100000000)
 ParOldGen       total 658432K, used 339474K [0x0000000080000000, 0x00000000a8300000, 0x00000000d5580000)
  object space 658432K, 51% used [0x0000000080000000,0x0000000094b84a50,0x00000000a8300000)
 Metaspace       used 180111K, capacity 188930K, committed 189016K, reserved 1214464K
  class space    used 21427K, capacity 23095K, committed 23168K, reserved 1048576K
}
Event: 1886.726 GC heap before
{Heap before GC invocations=134 (full 11):
 PSYoungGen      total 516608K, used 417163K [0x00000000d5580000, 0x0000000100000000, 0x0000000100000000)
  eden space 334336K, 100% used [0x00000000d5580000,0x00000000e9c00000,0x00000000e9c00000)
  from space 182272K, 45% used [0x00000000e9c00000,0x00000000eece2cf8,0x00000000f4e00000)
  to   space 179712K, 0% used [0x00000000f5080000,0x00000000f5080000,0x0000000100000000)
 ParOldGen       total 658432K, used 339474K [0x0000000080000000, 0x00000000a8300000, 0x00000000d5580000)
  object space 658432K, 51% used [0x0000000080000000,0x0000000094b84a50,0x00000000a8300000)
 Metaspace       used 180528K, capacity 189372K, committed 189528K, reserved 1216512K
  class space    used 21456K, capacity 23132K, committed 23168K, reserved 1048576K
Event: 1886.756 GC heap after
Heap after GC invocations=134 (full 11):
 PSYoungGen      total 501760K, used 24397K [0x00000000d5580000, 0x00000000ff180000, 0x0000000100000000)
  eden space 336896K, 0% used [0x00000000d5580000,0x00000000d5580000,0x00000000e9e80000)
  from space 164864K, 14% used [0x00000000f5080000,0x00000000f6853638,0x00000000ff180000)
  to   space 173568K, 0% used [0x00000000e9e80000,0x00000000e9e80000,0x00000000f4800000)
 ParOldGen       total 658432K, used 364120K [0x0000000080000000, 0x00000000a8300000, 0x00000000d5580000)
  object space 658432K, 55% used [0x0000000080000000,0x0000000096396118,0x00000000a8300000)
 Metaspace       used 180528K, capacity 189372K, committed 189528K, reserved 1216512K
  class space    used 21456K, capacity 23132K, committed 23168K, reserved 1048576K
}
Event: 1921.687 GC heap before
{Heap before GC invocations=135 (full 11):
 PSYoungGen      total 501760K, used 361293K [0x00000000d5580000, 0x00000000ff180000, 0x0000000100000000)
  eden space 336896K, 100% used [0x00000000d5580000,0x00000000e9e80000,0x00000000e9e80000)
  from space 164864K, 14% used [0x00000000f5080000,0x00000000f6853638,0x00000000ff180000)
  to   space 173568K, 0% used [0x00000000e9e80000,0x00000000e9e80000,0x00000000f4800000)
 ParOldGen       total 658432K, used 364120K [0x0000000080000000, 0x00000000a8300000, 0x00000000d5580000)
  object space 658432K, 55% used [0x0000000080000000,0x0000000096396118,0x00000000a8300000)
 Metaspace       used 180661K, capacity 189568K, committed 189784K, reserved 1216512K
  class space    used 21464K, capacity 23142K, committed 23168K, reserved 1048576K
Event: 1921.735 GC heap after
Heap after GC invocations=135 (full 11):
 PSYoungGen      total 510464K, used 18842K [0x00000000d5580000, 0x00000000ffd80000, 0x0000000100000000)
  eden space 336896K, 0% used [0x00000000d5580000,0x00000000d5580000,0x00000000e9e80000)
  from space 173568K, 10% used [0x00000000e9e80000,0x00000000eb0e6830,0x00000000f4800000)
  to   space 167936K, 0% used [0x00000000f5980000,0x00000000f5980000,0x00000000ffd80000)
 ParOldGen       total 658432K, used 387068K [0x0000000080000000, 0x00000000a8300000, 0x00000000d5580000)
  object space 658432K, 58% used [0x0000000080000000,0x00000000979ff0d8,0x00000000a8300000)
 Metaspace       used 180661K, capacity 189568K, committed 189784K, reserved 1216512K
  class space    used 21464K, capacity 23142K, committed 23168K, reserved 1048576K
}

