# JRE version: OpenJDK Runtime Environment (8.0_242-b01) (build 1.8.0_242-release-1644-b01)
# Java VM: OpenJDK 64-Bit Server VM (25.242-b01 mixed mode windows-amd64 compressed oops)
Heap:
 PSYoungGen      total 518144K, used 513044K [0x00000000d5580000, 0x0000000100000000, 0x0000000100000000)
  eden space 382464K, 100% used [0x00000000d5580000,0x00000000ecb00000,0x00000000ecb00000)
  from space 135680K, 96% used [0x00000000f7280000,0x00000000ff2050c0,0x00000000ff700000)
  to   space 158208K, 10% used [0x00000000ecb00000,0x00000000edb07198,0x00000000f6580000)
 ParOldGen       total 634368K, used 333604K [0x0000000080000000, 0x00000000a6b80000, 0x00000000d5580000)
  object space 634368K, 52% used [0x0000000080000000,0x00000000945c9230,0x00000000a6b80000)
 Metaspace       used 136298K, capacity 143440K, committed 143704K, reserved 1173504K
  class space    used 17271K, capacity 18734K, committed 18816K, reserved 1048576K
GC Heap History (10 events):
Event: 1496.207 GC heap after
Heap after GC invocations=25 (full 4):
 PSYoungGen      total 510976K, used 80888K [0x00000000d5580000, 0x0000000100000000, 0x0000000100000000)
  eden space 430080K, 0% used [0x00000000d5580000,0x00000000d5580000,0x00000000ef980000)
  from space 80896K, 99% used [0x00000000ef980000,0x00000000f487e090,0x00000000f4880000)
  to   space 144384K, 0% used [0x00000000f7300000,0x00000000f7300000,0x0000000100000000)
 ParOldGen       total 342528K, used 306016K [0x0000000080000000, 0x0000000094e80000, 0x00000000d5580000)
  object space 342528K, 89% used [0x0000000080000000,0x0000000092ad8238,0x0000000094e80000)
 Metaspace       used 113661K, capacity 120038K, committed 120152K, reserved 1153024K
  class space    used 14847K, capacity 16160K, committed 16256K, reserved 1048576K
}
Event: 1496.207 GC heap before
{Heap before GC invocations=26 (full 5):
 PSYoungGen      total 510976K, used 80888K [0x00000000d5580000, 0x0000000100000000, 0x0000000100000000)
  eden space 430080K, 0% used [0x00000000d5580000,0x00000000d5580000,0x00000000ef980000)
  from space 80896K, 99% used [0x00000000ef980000,0x00000000f487e090,0x00000000f4880000)
  to   space 144384K, 0% used [0x00000000f7300000,0x00000000f7300000,0x0000000100000000)
 ParOldGen       total 342528K, used 306016K [0x0000000080000000, 0x0000000094e80000, 0x00000000d5580000)
  object space 342528K, 89% used [0x0000000080000000,0x0000000092ad8238,0x0000000094e80000)
 Metaspace       used 113661K, capacity 120038K, committed 120152K, reserved 1153024K
  class space    used 14847K, capacity 16160K, committed 16256K, reserved 1048576K
Event: 1497.528 GC heap after
Heap after GC invocations=26 (full 5):
 PSYoungGen      total 510976K, used 0K [0x00000000d5580000, 0x0000000100000000, 0x0000000100000000)
  eden space 430080K, 0% used [0x00000000d5580000,0x00000000d5580000,0x00000000ef980000)
  from space 80896K, 0% used [0x00000000ef980000,0x00000000ef980000,0x00000000f4880000)
  to   space 144384K, 0% used [0x00000000f7300000,0x00000000f7300000,0x0000000100000000)
 ParOldGen       total 634368K, used 299677K [0x0000000080000000, 0x00000000a6b80000, 0x00000000d5580000)
  object space 634368K, 47% used [0x0000000080000000,0x00000000924a7768,0x00000000a6b80000)
 Metaspace       used 113562K, capacity 119750K, committed 120152K, reserved 1153024K
  class space    used 14817K, capacity 16084K, committed 16256K, reserved 1048576K
}
Event: 1500.263 GC heap before
{Heap before GC invocations=27 (full 5):
 PSYoungGen      total 510976K, used 430080K [0x00000000d5580000, 0x0000000100000000, 0x0000000100000000)
  eden space 430080K, 100% used [0x00000000d5580000,0x00000000ef980000,0x00000000ef980000)
  from space 80896K, 0% used [0x00000000ef980000,0x00000000ef980000,0x00000000f4880000)
  to   space 144384K, 0% used [0x00000000f7300000,0x00000000f7300000,0x0000000100000000)
 ParOldGen       total 634368K, used 299677K [0x0000000080000000, 0x00000000a6b80000, 0x00000000d5580000)
  object space 634368K, 47% used [0x0000000080000000,0x00000000924a7768,0x00000000a6b80000)
 Metaspace       used 116093K, capacity 122378K, committed 122712K, reserved 1155072K
  class space    used 15064K, capacity 16374K, committed 16512K, reserved 1048576K
Event: 1500.310 GC heap after
Heap after GC invocations=27 (full 5):
 PSYoungGen      total 562688K, used 41529K [0x00000000d5580000, 0x0000000100000000, 0x0000000100000000)
  eden space 418304K, 0% used [0x00000000d5580000,0x00000000d5580000,0x00000000eee00000)
  from space 144384K, 28% used [0x00000000f7300000,0x00000000f9b8e6b8,0x0000000100000000)
  to   space 136192K, 0% used [0x00000000eee00000,0x00000000eee00000,0x00000000f7300000)
 ParOldGen       total 634368K, used 299685K [0x0000000080000000, 0x00000000a6b80000, 0x00000000d5580000)
  object space 634368K, 47% used [0x0000000080000000,0x00000000924a9768,0x00000000a6b80000)
 Metaspace       used 116093K, capacity 122378K, committed 122712K, reserved 1155072K
  class space    used 15064K, capacity 16374K, committed 16512K, reserved 1048576K
}
Event: 1520.890 GC heap before
{Heap before GC invocations=28 (full 5):
 PSYoungGen      total 562688K, used 459833K [0x00000000d5580000, 0x0000000100000000, 0x0000000100000000)
  eden space 418304K, 100% used [0x00000000d5580000,0x00000000eee00000,0x00000000eee00000)
  from space 144384K, 28% used [0x00000000f7300000,0x00000000f9b8e6b8,0x0000000100000000)
  to   space 136192K, 0% used [0x00000000eee00000,0x00000000eee00000,0x00000000f7300000)
 ParOldGen       total 634368K, used 299685K [0x0000000080000000, 0x00000000a6b80000, 0x00000000d5580000)
  object space 634368K, 47% used [0x0000000080000000,0x00000000924a9768,0x00000000a6b80000)
 Metaspace       used 118021K, capacity 124576K, committed 124760K, reserved 1157120K
  class space    used 15334K, capacity 16647K, committed 16768K, reserved 1048576K
Event: 1520.926 GC heap after
Heap after GC invocations=28 (full 5):
 PSYoungGen      total 422912K, used 4328K [0x00000000d5580000, 0x00000000ff700000, 0x0000000100000000)
  eden space 418304K, 0% used [0x00000000d5580000,0x00000000d5580000,0x00000000eee00000)
  from space 4608K, 93% used [0x00000000eee00000,0x00000000ef23a170,0x00000000ef280000)
  to   space 135680K, 0% used [0x00000000f7280000,0x00000000f7280000,0x00000000ff700000)
 ParOldGen       total 634368K, used 321574K [0x0000000080000000, 0x00000000a6b80000, 0x00000000d5580000)
  object space 634368K, 50% used [0x0000000080000000,0x0000000093a098d8,0x00000000a6b80000)
 Metaspace       used 118021K, capacity 124576K, committed 124760K, reserved 1157120K
  class space    used 15334K, capacity 16647K, committed 16768K, reserved 1048576K
}
Event: 1525.969 GC heap before
{Heap before GC invocations=29 (full 5):
 PSYoungGen      total 422912K, used 422632K [0x00000000d5580000, 0x00000000ff700000, 0x0000000100000000)
  eden space 418304K, 100% used [0x00000000d5580000,0x00000000eee00000,0x00000000eee00000)
  from space 4608K, 93% used [0x00000000eee00000,0x00000000ef23a170,0x00000000ef280000)
  to   space 135680K, 0% used [0x00000000f7280000,0x00000000f7280000,0x00000000ff700000)
 ParOldGen       total 634368K, used 321574K [0x0000000080000000, 0x00000000a6b80000, 0x00000000d5580000)
  object space 634368K, 50% used [0x0000000080000000,0x0000000093a098d8,0x00000000a6b80000)
 Metaspace       used 133675K, capacity 140484K, committed 140760K, reserved 1171456K
  class space    used 16950K, capacity 18379K, committed 18432K, reserved 1048576K
Event: 1526.084 GC heap after
Heap after GC invocations=29 (full 5):
 PSYoungGen      total 518144K, used 130580K [0x00000000d5580000, 0x0000000100000000, 0x0000000100000000)
  eden space 382464K, 0% used [0x00000000d5580000,0x00000000d5580000,0x00000000ecb00000)
  from space 135680K, 96% used [0x00000000f7280000,0x00000000ff2050c0,0x00000000ff700000)
  to   space 158208K, 0% used [0x00000000ecb00000,0x00000000ecb00000,0x00000000f6580000)
 ParOldGen       total 634368K, used 324666K [0x0000000080000000, 0x00000000a6b80000, 0x00000000d5580000)
  object space 634368K, 51% used [0x0000000080000000,0x0000000093d0eb90,0x00000000a6b80000)
 Metaspace       used 133675K, capacity 140484K, committed 140760K, reserved 1171456K
  class space    used 16950K, capacity 18379K, committed 18432K, reserved 1048576K
}
Event: 1543.963 GC heap before
{Heap before GC invocations=30 (full 5):
 PSYoungGen      total 518144K, used 513044K [0x00000000d5580000, 0x0000000100000000, 0x0000000100000000)
  eden space 382464K, 100% used [0x00000000d5580000,0x00000000ecb00000,0x00000000ecb00000)
  from space 135680K, 96% used [0x00000000f7280000,0x00000000ff2050c0,0x00000000ff700000)
  to   space 158208K, 0% used [0x00000000ecb00000,0x00000000ecb00000,0x00000000f6580000)
 ParOldGen       total 634368K, used 324666K [0x0000000080000000, 0x00000000a6b80000, 0x00000000d5580000)
  object space 634368K, 51% used [0x0000000080000000,0x0000000093d0eb90,0x00000000a6b80000)
 Metaspace       used 136298K, capacity 143440K, committed 143704K, reserved 1173504K
  class space    used 17271K, capacity 18734K, committed 18816K, reserved 1048576K

