# JRE version: OpenJDK Runtime Environment (8.0_242-b01) (build 1.8.0_242-release-1644-b01)
# Java VM: OpenJDK 64-Bit Server VM (25.242-b01 mixed mode windows-amd64 compressed oops)
Heap:
 PSYoungGen      total 502272K, used 418598K [0x00000000d5580000, 0x00000000fda00000, 0x0000000100000000)
  eden space 367104K, 100% used [0x00000000d5580000,0x00000000ebc00000,0x00000000ebc00000)
  from space 135168K, 38% used [0x00000000f5600000,0x00000000f8849b48,0x00000000fda00000)
  to   space 146432K, 84% used [0x00000000ebc00000,0x00000000f34674b0,0x00000000f4b00000)
 ParOldGen       total 593920K, used 354931K [0x0000000080000000, 0x00000000a4400000, 0x00000000d5580000)
  object space 593920K, 59% used [0x0000000080000000,0x0000000095a9ced0,0x00000000a4400000)
 Metaspace       used 110879K, capacity 115790K, committed 115928K, reserved 1150976K
  class space    used 14235K, capacity 15318K, committed 15360K, reserved 1048576K
GC Heap History (10 events):
Event: 43.456 GC heap after
Heap after GC invocations=26 (full 4):
 PSYoungGen      total 361472K, used 23952K [0x00000000d5580000, 0x00000000fb800000, 0x0000000100000000)
  eden space 276480K, 0% used [0x00000000d5580000,0x00000000d5580000,0x00000000e6380000)
  from space 84992K, 28% used [0x00000000ee880000,0x00000000effe42f8,0x00000000f3b80000)
  to   space 136192K, 0% used [0x00000000e6380000,0x00000000e6380000,0x00000000ee880000)
 ParOldGen       total 593920K, used 275574K [0x0000000080000000, 0x00000000a4400000, 0x00000000d5580000)
  object space 593920K, 46% used [0x0000000080000000,0x0000000090d1d910,0x00000000a4400000)
 Metaspace       used 90890K, capacity 94946K, committed 96088K, reserved 1132544K
  class space    used 12077K, capacity 12924K, committed 13184K, reserved 1048576K
}
Event: 46.198 GC heap before
{Heap before GC invocations=27 (full 4):
 PSYoungGen      total 361472K, used 300432K [0x00000000d5580000, 0x00000000fb800000, 0x0000000100000000)
  eden space 276480K, 100% used [0x00000000d5580000,0x00000000e6380000,0x00000000e6380000)
  from space 84992K, 28% used [0x00000000ee880000,0x00000000effe42f8,0x00000000f3b80000)
  to   space 136192K, 0% used [0x00000000e6380000,0x00000000e6380000,0x00000000ee880000)
 ParOldGen       total 593920K, used 275574K [0x0000000080000000, 0x00000000a4400000, 0x00000000d5580000)
  object space 593920K, 46% used [0x0000000080000000,0x0000000090d1d910,0x00000000a4400000)
 Metaspace       used 93690K, capacity 98084K, committed 98520K, reserved 1134592K
  class space    used 12511K, capacity 13473K, committed 13568K, reserved 1048576K
Event: 46.455 GC heap after
Heap after GC invocations=27 (full 4):
 PSYoungGen      total 412672K, used 87784K [0x00000000d5580000, 0x00000000fb900000, 0x0000000100000000)
  eden space 276480K, 0% used [0x00000000d5580000,0x00000000d5580000,0x00000000e6380000)
  from space 136192K, 64% used [0x00000000e6380000,0x00000000eb93a140,0x00000000ee880000)
  to   space 142336K, 0% used [0x00000000f2e00000,0x00000000f2e00000,0x00000000fb900000)
 ParOldGen       total 593920K, used 276366K [0x0000000080000000, 0x00000000a4400000, 0x00000000d5580000)
  object space 593920K, 46% used [0x0000000080000000,0x0000000090de3950,0x00000000a4400000)
 Metaspace       used 93690K, capacity 98084K, committed 98520K, reserved 1134592K
  class space    used 12511K, capacity 13473K, committed 13568K, reserved 1048576K
}
Event: 49.435 GC heap before
{Heap before GC invocations=28 (full 4):
 PSYoungGen      total 412672K, used 364264K [0x00000000d5580000, 0x00000000fb900000, 0x0000000100000000)
  eden space 276480K, 100% used [0x00000000d5580000,0x00000000e6380000,0x00000000e6380000)
  from space 136192K, 64% used [0x00000000e6380000,0x00000000eb93a140,0x00000000ee880000)
  to   space 142336K, 0% used [0x00000000f2e00000,0x00000000f2e00000,0x00000000fb900000)
 ParOldGen       total 593920K, used 276366K [0x0000000080000000, 0x00000000a4400000, 0x00000000d5580000)
  object space 593920K, 46% used [0x0000000080000000,0x0000000090de3950,0x00000000a4400000)
 Metaspace       used 94330K, capacity 98878K, committed 99032K, reserved 1134592K
  class space    used 12571K, capacity 13538K, committed 13568K, reserved 1048576K
Event: 49.652 GC heap after
Heap after GC invocations=28 (full 4):
 PSYoungGen      total 461824K, used 136663K [0x00000000d5580000, 0x00000000fe480000, 0x0000000100000000)
  eden space 319488K, 0% used [0x00000000d5580000,0x00000000d5580000,0x00000000e8d80000)
  from space 142336K, 96% used [0x00000000f2e00000,0x00000000fb375cb8,0x00000000fb900000)
  to   space 164352K, 0% used [0x00000000e8d80000,0x00000000e8d80000,0x00000000f2e00000)
 ParOldGen       total 593920K, used 276791K [0x0000000080000000, 0x00000000a4400000, 0x00000000d5580000)
  object space 593920K, 46% used [0x0000000080000000,0x0000000090e4ddc0,0x00000000a4400000)
 Metaspace       used 94330K, capacity 98878K, committed 99032K, reserved 1134592K
  class space    used 12571K, capacity 13538K, committed 13568K, reserved 1048576K
}
Event: 73.038 GC heap before
{Heap before GC invocations=29 (full 4):
 PSYoungGen      total 461824K, used 456134K [0x00000000d5580000, 0x00000000fe480000, 0x0000000100000000)
  eden space 319488K, 99% used [0x00000000d5580000,0x00000000e8d7bbd8,0x00000000e8d80000)
  from space 142336K, 96% used [0x00000000f2e00000,0x00000000fb375cb8,0x00000000fb900000)
  to   space 164352K, 0% used [0x00000000e8d80000,0x00000000e8d80000,0x00000000f2e00000)
 ParOldGen       total 593920K, used 276791K [0x0000000080000000, 0x00000000a4400000, 0x00000000d5580000)
  object space 593920K, 46% used [0x0000000080000000,0x0000000090e4ddc0,0x00000000a4400000)
 Metaspace       used 94742K, capacity 99370K, committed 99672K, reserved 1134592K
  class space    used 12608K, capacity 13614K, committed 13696K, reserved 1048576K
Event: 73.145 GC heap after
Heap after GC invocations=29 (full 4):
 PSYoungGen      total 483840K, used 57680K [0x00000000d5580000, 0x00000000fed00000, 0x0000000100000000)
  eden space 319488K, 0% used [0x00000000d5580000,0x00000000d5580000,0x00000000e8d80000)
  from space 164352K, 35% used [0x00000000e8d80000,0x00000000ec5d4278,0x00000000f2e00000)
  to   space 154624K, 0% used [0x00000000f5600000,0x00000000f5600000,0x00000000fed00000)
 ParOldGen       total 593920K, used 299276K [0x0000000080000000, 0x00000000a4400000, 0x00000000d5580000)
  object space 593920K, 50% used [0x0000000080000000,0x00000000924431e8,0x00000000a4400000)
 Metaspace       used 94742K, capacity 99370K, committed 99672K, reserved 1134592K
  class space    used 12608K, capacity 13614K, committed 13696K, reserved 1048576K
}
Event: 77.196 GC heap before
{Heap before GC invocations=30 (full 4):
 PSYoungGen      total 483840K, used 377168K [0x00000000d5580000, 0x00000000fed00000, 0x0000000100000000)
  eden space 319488K, 100% used [0x00000000d5580000,0x00000000e8d80000,0x00000000e8d80000)
  from space 164352K, 35% used [0x00000000e8d80000,0x00000000ec5d4278,0x00000000f2e00000)
  to   space 154624K, 0% used [0x00000000f5600000,0x00000000f5600000,0x00000000fed00000)
 ParOldGen       total 593920K, used 299276K [0x0000000080000000, 0x00000000a4400000, 0x00000000d5580000)
  object space 593920K, 50% used [0x0000000080000000,0x00000000924431e8,0x00000000a4400000)
 Metaspace       used 105179K, capacity 109888K, committed 110168K, reserved 1144832K
  class space    used 13558K, capacity 14603K, committed 14720K, reserved 1048576K
Event: 77.296 GC heap after
Heap after GC invocations=30 (full 4):
 PSYoungGen      total 502272K, used 51494K [0x00000000d5580000, 0x00000000fda00000, 0x0000000100000000)
  eden space 367104K, 0% used [0x00000000d5580000,0x00000000d5580000,0x00000000ebc00000)
  from space 135168K, 38% used [0x00000000f5600000,0x00000000f8849b48,0x00000000fda00000)
  to   space 146432K, 0% used [0x00000000ebc00000,0x00000000ebc00000,0x00000000f4b00000)
 ParOldGen       total 593920K, used 353372K [0x0000000080000000, 0x00000000a4400000, 0x00000000d5580000)
  object space 593920K, 59% used [0x0000000080000000,0x0000000095917360,0x00000000a4400000)
 Metaspace       used 105179K, capacity 109888K, committed 110168K, reserved 1144832K
  class space    used 13558K, capacity 14603K, committed 14720K, reserved 1048576K
}
Event: 79.746 GC heap before
{Heap before GC invocations=31 (full 4):
 PSYoungGen      total 502272K, used 418598K [0x00000000d5580000, 0x00000000fda00000, 0x0000000100000000)
  eden space 367104K, 100% used [0x00000000d5580000,0x00000000ebc00000,0x00000000ebc00000)
  from space 135168K, 38% used [0x00000000f5600000,0x00000000f8849b48,0x00000000fda00000)
  to   space 146432K, 0% used [0x00000000ebc00000,0x00000000ebc00000,0x00000000f4b00000)
 ParOldGen       total 593920K, used 353372K [0x0000000080000000, 0x00000000a4400000, 0x00000000d5580000)
  object space 593920K, 59% used [0x0000000080000000,0x0000000095917360,0x00000000a4400000)
 Metaspace       used 110879K, capacity 115790K, committed 115928K, reserved 1150976K
  class space    used 14235K, capacity 15318K, committed 15360K, reserved 1048576K

