# JRE version: OpenJDK Runtime Environment (8.0_242-b01) (build 1.8.0_242-release-1644-b01)
# Java VM: OpenJDK 64-Bit Server VM (25.242-b01 mixed mode windows-amd64 compressed oops)
Heap:
 PSYoungGen      total 286720K, used 19227K [0x00000000d5580000, 0x00000000e8e00000, 0x0000000100000000)
  eden space 265728K, 7% used [0x00000000d5580000,0x00000000d6846c70,0x00000000e5900000)
  from space 20992K, 0% used [0x00000000e6e80000,0x00000000e6e80000,0x00000000e8300000)
  to   space 22016K, 0% used [0x00000000e5900000,0x00000000e5900000,0x00000000e6e80000)
 ParOldGen       total 173568K, used 38984K [0x0000000080000000, 0x000000008a980000, 0x00000000d5580000)
  object space 173568K, 22% used [0x0000000080000000,0x0000000082612270,0x000000008a980000)
 Metaspace       used 57904K, capacity 60458K, committed 60692K, reserved 1101824K
  class space    used 7824K, capacity 8385K, committed 8508K, reserved 1048576K
GC Heap History (10 events):
Event: 13.483 GC heap before
{Heap before GC invocations=9 (full 2):
 PSYoungGen      total 127488K, used 9045K [0x00000000d5580000, 0x00000000e2e80000, 0x0000000100000000)
  eden space 114176K, 0% used [0x00000000d5580000,0x00000000d5580000,0x00000000dc500000)
  from space 13312K, 67% used [0x00000000dc500000,0x00000000dcdd5478,0x00000000dd200000)
  to   space 12800K, 0% used [0x00000000e2200000,0x00000000e2200000,0x00000000e2e80000)
 ParOldGen       total 84480K, used 7217K [0x0000000080000000, 0x0000000085280000, 0x00000000d5580000)
  object space 84480K, 8% used [0x0000000080000000,0x000000008070c798,0x0000000085280000)
 Metaspace       used 33901K, capacity 35280K, committed 35416K, reserved 1079296K
  class space    used 4577K, capacity 4913K, committed 4992K, reserved 1048576K
Event: 13.549 GC heap after
Heap after GC invocations=9 (full 2):
 PSYoungGen      total 127488K, used 0K [0x00000000d5580000, 0x00000000e2e80000, 0x0000000100000000)
  eden space 114176K, 0% used [0x00000000d5580000,0x00000000d5580000,0x00000000dc500000)
  from space 13312K, 0% used [0x00000000dc500000,0x00000000dc500000,0x00000000dd200000)
  to   space 12800K, 0% used [0x00000000e2200000,0x00000000e2200000,0x00000000e2e80000)
 ParOldGen       total 114688K, used 15688K [0x0000000080000000, 0x0000000087000000, 0x00000000d5580000)
  object space 114688K, 13% used [0x0000000080000000,0x0000000080f52038,0x0000000087000000)
 Metaspace       used 33901K, capacity 35280K, committed 35416K, reserved 1079296K
  class space    used 4577K, capacity 4913K, committed 4992K, reserved 1048576K
}
Event: 15.410 GC heap before
{Heap before GC invocations=10 (full 2):
 PSYoungGen      total 127488K, used 114176K [0x00000000d5580000, 0x00000000e2e80000, 0x0000000100000000)
  eden space 114176K, 100% used [0x00000000d5580000,0x00000000dc500000,0x00000000dc500000)
  from space 13312K, 0% used [0x00000000dc500000,0x00000000dc500000,0x00000000dd200000)
  to   space 12800K, 0% used [0x00000000e2200000,0x00000000e2200000,0x00000000e2e80000)
 ParOldGen       total 114688K, used 15688K [0x0000000080000000, 0x0000000087000000, 0x00000000d5580000)
  object space 114688K, 13% used [0x0000000080000000,0x0000000080f52038,0x0000000087000000)
 Metaspace       used 38627K, capacity 40618K, committed 40792K, reserved 1085440K
  class space    used 5314K, capacity 5742K, committed 5760K, reserved 1048576K
Event: 15.431 GC heap after
Heap after GC invocations=10 (full 2):
 PSYoungGen      total 203776K, used 11408K [0x00000000d5580000, 0x00000000e2d80000, 0x0000000100000000)
  eden space 192000K, 0% used [0x00000000d5580000,0x00000000d5580000,0x00000000e1100000)
  from space 11776K, 96% used [0x00000000e2200000,0x00000000e2d241c8,0x00000000e2d80000)
  to   space 13824K, 0% used [0x00000000e1280000,0x00000000e1280000,0x00000000e2000000)
 ParOldGen       total 114688K, used 15696K [0x0000000080000000, 0x0000000087000000, 0x00000000d5580000)
  object space 114688K, 13% used [0x0000000080000000,0x0000000080f54038,0x0000000087000000)
 Metaspace       used 38627K, capacity 40618K, committed 40792K, reserved 1085440K
  class space    used 5314K, capacity 5742K, committed 5760K, reserved 1048576K
}
Event: 18.520 GC heap before
{Heap before GC invocations=11 (full 2):
 PSYoungGen      total 203776K, used 203408K [0x00000000d5580000, 0x00000000e2d80000, 0x0000000100000000)
  eden space 192000K, 100% used [0x00000000d5580000,0x00000000e1100000,0x00000000e1100000)
  from space 11776K, 96% used [0x00000000e2200000,0x00000000e2d241c8,0x00000000e2d80000)
  to   space 13824K, 0% used [0x00000000e1280000,0x00000000e1280000,0x00000000e2000000)
 ParOldGen       total 114688K, used 15696K [0x0000000080000000, 0x0000000087000000, 0x00000000d5580000)
  object space 114688K, 13% used [0x0000000080000000,0x0000000080f54038,0x0000000087000000)
 Metaspace       used 53481K, capacity 55910K, committed 56024K, reserved 1097728K
  class space    used 7128K, capacity 7647K, committed 7680K, reserved 1048576K
Event: 18.563 GC heap after
Heap after GC invocations=11 (full 2):
 PSYoungGen      total 207360K, used 13820K [0x00000000d5580000, 0x00000000e8300000, 0x0000000100000000)
  eden space 193536K, 0% used [0x00000000d5580000,0x00000000d5580000,0x00000000e1280000)
  from space 13824K, 99% used [0x00000000e1280000,0x00000000e1fff340,0x00000000e2000000)
  to   space 20992K, 0% used [0x00000000e6e80000,0x00000000e6e80000,0x00000000e8300000)
 ParOldGen       total 114688K, used 30276K [0x0000000080000000, 0x0000000087000000, 0x00000000d5580000)
  object space 114688K, 26% used [0x0000000080000000,0x0000000081d91370,0x0000000087000000)
 Metaspace       used 53481K, capacity 55910K, committed 56024K, reserved 1097728K
  class space    used 7128K, capacity 7647K, committed 7680K, reserved 1048576K
}
Event: 19.873 GC heap before
{Heap before GC invocations=12 (full 2):
 PSYoungGen      total 207360K, used 93661K [0x00000000d5580000, 0x00000000e8300000, 0x0000000100000000)
  eden space 193536K, 41% used [0x00000000d5580000,0x00000000da3782e8,0x00000000e1280000)
  from space 13824K, 99% used [0x00000000e1280000,0x00000000e1fff340,0x00000000e2000000)
  to   space 20992K, 0% used [0x00000000e6e80000,0x00000000e6e80000,0x00000000e8300000)
 ParOldGen       total 114688K, used 30276K [0x0000000080000000, 0x0000000087000000, 0x00000000d5580000)
  object space 114688K, 26% used [0x0000000080000000,0x0000000081d91370,0x0000000087000000)
 Metaspace       used 56385K, capacity 58952K, committed 59028K, reserved 1099776K
  class space    used 7500K, capacity 8090K, committed 8124K, reserved 1048576K
Event: 19.956 GC heap after
Heap after GC invocations=12 (full 2):
 PSYoungGen      total 286720K, used 16887K [0x00000000d5580000, 0x00000000e8e00000, 0x0000000100000000)
  eden space 265728K, 0% used [0x00000000d5580000,0x00000000d5580000,0x00000000e5900000)
  from space 20992K, 80% used [0x00000000e6e80000,0x00000000e7efdec8,0x00000000e8300000)
  to   space 22016K, 0% used [0x00000000e5900000,0x00000000e5900000,0x00000000e6e80000)
 ParOldGen       total 114688K, used 35240K [0x0000000080000000, 0x0000000087000000, 0x00000000d5580000)
  object space 114688K, 30% used [0x0000000080000000,0x000000008226a2a0,0x0000000087000000)
 Metaspace       used 56385K, capacity 58952K, committed 59028K, reserved 1099776K
  class space    used 7500K, capacity 8090K, committed 8124K, reserved 1048576K
}
Event: 19.956 GC heap before
{Heap before GC invocations=13 (full 3):
 PSYoungGen      total 286720K, used 16887K [0x00000000d5580000, 0x00000000e8e00000, 0x0000000100000000)
  eden space 265728K, 0% used [0x00000000d5580000,0x00000000d5580000,0x00000000e5900000)
  from space 20992K, 80% used [0x00000000e6e80000,0x00000000e7efdec8,0x00000000e8300000)
  to   space 22016K, 0% used [0x00000000e5900000,0x00000000e5900000,0x00000000e6e80000)
 ParOldGen       total 114688K, used 35240K [0x0000000080000000, 0x0000000087000000, 0x00000000d5580000)
  object space 114688K, 30% used [0x0000000080000000,0x000000008226a2a0,0x0000000087000000)
 Metaspace       used 56385K, capacity 58952K, committed 59028K, reserved 1099776K
  class space    used 7500K, capacity 8090K, committed 8124K, reserved 1048576K
Event: 20.441 GC heap after
Heap after GC invocations=13 (full 3):
 PSYoungGen      total 286720K, used 0K [0x00000000d5580000, 0x00000000e8e00000, 0x0000000100000000)
  eden space 265728K, 0% used [0x00000000d5580000,0x00000000d5580000,0x00000000e5900000)
  from space 20992K, 0% used [0x00000000e6e80000,0x00000000e6e80000,0x00000000e8300000)
  to   space 22016K, 0% used [0x00000000e5900000,0x00000000e5900000,0x00000000e6e80000)
 ParOldGen       total 173568K, used 38984K [0x0000000080000000, 0x000000008a980000, 0x00000000d5580000)
  object space 173568K, 22% used [0x0000000080000000,0x0000000082612270,0x000000008a980000)
 Metaspace       used 56361K, capacity 58874K, committed 59028K, reserved 1099776K
  class space    used 7493K, capacity 8077K, committed 8124K, reserved 1048576K
}

