# JRE version: OpenJDK Runtime Environment (8.0_242-b01) (build 1.8.0_242-release-1644-b01)
# Java VM: OpenJDK 64-Bit Server VM (25.242-b01 mixed mode windows-amd64 compressed oops)
Heap:
 PSYoungGen      total 465920K, used 41255K [0x00000000d5580000, 0x0000000100000000, 0x0000000100000000)
  eden space 232960K, 0% used [0x00000000d5580000,0x00000000d5580000,0x00000000e3900000)
  from space 232960K, 17% used [0x00000000e3900000,0x00000000e6149ef8,0x00000000f1c80000)
  to   space 232960K, 0% used [0x00000000f1c80000,0x00000000f1c80000,0x0000000100000000)
 ParOldGen       total 685056K, used 590224K [0x0000000080000000, 0x00000000a9d00000, 0x00000000d5580000)
  object space 685056K, 86% used [0x0000000080000000,0x00000000a4064260,0x00000000a9d00000)
 Metaspace       used 136305K, capacity 144372K, committed 144600K, reserved 1175552K
  class space    used 16996K, capacity 18412K, committed 18432K, reserved 1048576K
GC Heap History (10 events):
Event: 1412.072 GC heap after
Heap after GC invocations=43 (full 6):
 PSYoungGen      total 554496K, used 12071K [0x00000000d5580000, 0x00000000ffe00000, 0x0000000100000000)
  eden space 417792K, 0% used [0x00000000d5580000,0x00000000d5580000,0x00000000eed80000)
  from space 136704K, 8% used [0x00000000eed80000,0x00000000ef949fd8,0x00000000f7300000)
  to   space 133120K, 0% used [0x00000000f7c00000,0x00000000f7c00000,0x00000000ffe00000)
 ParOldGen       total 685056K, used 291816K [0x0000000080000000, 0x00000000a9d00000, 0x00000000d5580000)
  object space 685056K, 42% used [0x0000000080000000,0x0000000091cfa3a8,0x00000000a9d00000)
 Metaspace       used 127918K, capacity 135860K, committed 136024K, reserved 1167360K
  class space    used 16044K, capacity 17444K, committed 17536K, reserved 1048576K
}
Event: 1434.780 GC heap before
{Heap before GC invocations=44 (full 6):
 PSYoungGen      total 554496K, used 429863K [0x00000000d5580000, 0x00000000ffe00000, 0x0000000100000000)
  eden space 417792K, 100% used [0x00000000d5580000,0x00000000eed80000,0x00000000eed80000)
  from space 136704K, 8% used [0x00000000eed80000,0x00000000ef949fd8,0x00000000f7300000)
  to   space 133120K, 0% used [0x00000000f7c00000,0x00000000f7c00000,0x00000000ffe00000)
 ParOldGen       total 685056K, used 291816K [0x0000000080000000, 0x00000000a9d00000, 0x00000000d5580000)
  object space 685056K, 42% used [0x0000000080000000,0x0000000091cfa3a8,0x00000000a9d00000)
 Metaspace       used 128283K, capacity 136298K, committed 136536K, reserved 1169408K
  class space    used 16070K, capacity 17485K, committed 17536K, reserved 1048576K
Event: 1434.848 GC heap after
Heap after GC invocations=44 (full 6):
 PSYoungGen      total 538112K, used 104050K [0x00000000d5580000, 0x0000000100000000, 0x0000000100000000)
  eden space 404992K, 0% used [0x00000000d5580000,0x00000000d5580000,0x00000000ee100000)
  from space 133120K, 78% used [0x00000000f7c00000,0x00000000fe19cba0,0x00000000ffe00000)
  to   space 146944K, 0% used [0x00000000ee100000,0x00000000ee100000,0x00000000f7080000)
 ParOldGen       total 685056K, used 291824K [0x0000000080000000, 0x00000000a9d00000, 0x00000000d5580000)
  object space 685056K, 42% used [0x0000000080000000,0x0000000091cfc3a8,0x00000000a9d00000)
 Metaspace       used 128283K, capacity 136298K, committed 136536K, reserved 1169408K
  class space    used 16070K, capacity 17485K, committed 17536K, reserved 1048576K
}
Event: 1436.640 GC heap before
{Heap before GC invocations=45 (full 6):
 PSYoungGen      total 538112K, used 509042K [0x00000000d5580000, 0x0000000100000000, 0x0000000100000000)
  eden space 404992K, 100% used [0x00000000d5580000,0x00000000ee100000,0x00000000ee100000)
  from space 133120K, 78% used [0x00000000f7c00000,0x00000000fe19cba0,0x00000000ffe00000)
  to   space 146944K, 0% used [0x00000000ee100000,0x00000000ee100000,0x00000000f7080000)
 ParOldGen       total 685056K, used 291824K [0x0000000080000000, 0x00000000a9d00000, 0x00000000d5580000)
  object space 685056K, 42% used [0x0000000080000000,0x0000000091cfc3a8,0x00000000a9d00000)
 Metaspace       used 131123K, capacity 139116K, committed 139352K, reserved 1171456K
  class space    used 16330K, capacity 17742K, committed 17792K, reserved 1048576K
Event: 1436.899 GC heap after
Heap after GC invocations=45 (full 6):
 PSYoungGen      total 551936K, used 146925K [0x00000000d5580000, 0x0000000100000000, 0x0000000100000000)
  eden space 404992K, 0% used [0x00000000d5580000,0x00000000d5580000,0x00000000ee100000)
  from space 146944K, 99% used [0x00000000ee100000,0x00000000f707b6d8,0x00000000f7080000)
  to   space 146944K, 0% used [0x00000000f7080000,0x00000000f7080000,0x0000000100000000)
 ParOldGen       total 685056K, used 357823K [0x0000000080000000, 0x00000000a9d00000, 0x00000000d5580000)
  object space 685056K, 52% used [0x0000000080000000,0x0000000095d6fdd0,0x00000000a9d00000)
 Metaspace       used 131123K, capacity 139116K, committed 139352K, reserved 1171456K
  class space    used 16330K, capacity 17742K, committed 17792K, reserved 1048576K
}
Event: 1439.762 GC heap before
{Heap before GC invocations=46 (full 6):
 PSYoungGen      total 551936K, used 551917K [0x00000000d5580000, 0x0000000100000000, 0x0000000100000000)
  eden space 404992K, 100% used [0x00000000d5580000,0x00000000ee100000,0x00000000ee100000)
  from space 146944K, 99% used [0x00000000ee100000,0x00000000f707b6d8,0x00000000f7080000)
  to   space 146944K, 0% used [0x00000000f7080000,0x00000000f7080000,0x0000000100000000)
 ParOldGen       total 685056K, used 357823K [0x0000000080000000, 0x00000000a9d00000, 0x00000000d5580000)
  object space 685056K, 52% used [0x0000000080000000,0x0000000095d6fdd0,0x00000000a9d00000)
 Metaspace       used 136302K, capacity 144372K, committed 144600K, reserved 1175552K
  class space    used 16996K, capacity 18412K, committed 18432K, reserved 1048576K
Event: 1440.265 GC heap after
Heap after GC invocations=46 (full 6):
 PSYoungGen      total 379904K, used 146917K [0x00000000d5580000, 0x0000000100000000, 0x0000000100000000)
  eden space 232960K, 0% used [0x00000000d5580000,0x00000000d5580000,0x00000000e3900000)
  from space 146944K, 99% used [0x00000000f7080000,0x00000000ffff9740,0x0000000100000000)
  to   space 232960K, 0% used [0x00000000e3900000,0x00000000e3900000,0x00000000f1c80000)
 ParOldGen       total 685056K, used 467391K [0x0000000080000000, 0x00000000a9d00000, 0x00000000d5580000)
  object space 685056K, 68% used [0x0000000080000000,0x000000009c86fef8,0x00000000a9d00000)
 Metaspace       used 136302K, capacity 144372K, committed 144600K, reserved 1175552K
  class space    used 16996K, capacity 18412K, committed 18432K, reserved 1048576K
}
Event: 1440.740 GC heap before
{Heap before GC invocations=47 (full 6):
 PSYoungGen      total 379904K, used 379877K [0x00000000d5580000, 0x0000000100000000, 0x0000000100000000)
  eden space 232960K, 100% used [0x00000000d5580000,0x00000000e3900000,0x00000000e3900000)
  from space 146944K, 99% used [0x00000000f7080000,0x00000000ffff9740,0x0000000100000000)
  to   space 232960K, 0% used [0x00000000e3900000,0x00000000e3900000,0x00000000f1c80000)
 ParOldGen       total 685056K, used 467391K [0x0000000080000000, 0x00000000a9d00000, 0x00000000d5580000)
  object space 685056K, 68% used [0x0000000080000000,0x000000009c86fef8,0x00000000a9d00000)
 Metaspace       used 136305K, capacity 144372K, committed 144600K, reserved 1175552K
  class space    used 16996K, capacity 18412K, committed 18432K, reserved 1048576K
Event: 1440.938 GC heap after
Heap after GC invocations=47 (full 6):
 PSYoungGen      total 465920K, used 41255K [0x00000000d5580000, 0x0000000100000000, 0x0000000100000000)
  eden space 232960K, 0% used [0x00000000d5580000,0x00000000d5580000,0x00000000e3900000)
  from space 232960K, 17% used [0x00000000e3900000,0x00000000e6149ef8,0x00000000f1c80000)
  to   space 232960K, 0% used [0x00000000f1c80000,0x00000000f1c80000,0x0000000100000000)
 ParOldGen       total 685056K, used 590224K [0x0000000080000000, 0x00000000a9d00000, 0x00000000d5580000)
  object space 685056K, 86% used [0x0000000080000000,0x00000000a4064260,0x00000000a9d00000)
 Metaspace       used 136305K, capacity 144372K, committed 144600K, reserved 1175552K
  class space    used 16996K, capacity 18412K, committed 18432K, reserved 1048576K
}
Event: 1440.938 GC heap before
{Heap before GC invocations=48 (full 7):
 PSYoungGen      total 465920K, used 41255K [0x00000000d5580000, 0x0000000100000000, 0x0000000100000000)
  eden space 232960K, 0% used [0x00000000d5580000,0x00000000d5580000,0x00000000e3900000)
  from space 232960K, 17% used [0x00000000e3900000,0x00000000e6149ef8,0x00000000f1c80000)
  to   space 232960K, 0% used [0x00000000f1c80000,0x00000000f1c80000,0x0000000100000000)
 ParOldGen       total 685056K, used 590224K [0x0000000080000000, 0x00000000a9d00000, 0x00000000d5580000)
  object space 685056K, 86% used [0x0000000080000000,0x00000000a4064260,0x00000000a9d00000)
 Metaspace       used 136305K, capacity 144372K, committed 144600K, reserved 1175552K
  class space    used 16996K, capacity 18412K, committed 18432K, reserved 1048576K

